2023-12-10 04:06:49.288 [info] Extension host with pid 22740 started
2023-12-10 04:06:49.288 [info] Skipping acquiring lock for /home/cyd/.config/Code - OSS/User/workspaceStorage/cb36f7a2504d7d38217188b1e34d9bfe.
2023-12-10 04:06:49.319 [info] ExtensionService#_doActivateExtension vscode.emmet, startup: false, activationEvent: 'onLanguage'
2023-12-10 04:06:49.336 [info] ExtensionService#_doActivateExtension mkhl.direnv, startup: false, activationEvent: 'onLanguage'
2023-12-10 04:06:49.396 [info] ExtensionService#_doActivateExtension vscode.git-base, startup: true, activationEvent: '*', root cause: vscode.git
2023-12-10 04:06:49.399 [info] ExtensionService#_doActivateExtension fkrull.gtk-dark-titlebar, startup: true, activationEvent: '*'
2023-12-10 04:06:49.461 [info] ExtensionService#_doActivateExtension vscode.git, startup: true, activationEvent: '*'
2023-12-10 04:06:49.553 [info] ExtensionService#_doActivateExtension vscode.github, startup: true, activationEvent: '*'
2023-12-10 04:06:49.648 [info] Eager extensions activated
2023-12-10 04:06:49.663 [info] ExtensionService#_doActivateExtension vscode.debug-auto-launch, startup: false, activationEvent: 'onStartupFinished'
2023-12-10 04:06:49.664 [info] ExtensionService#_doActivateExtension vscode.merge-conflict, startup: false, activationEvent: 'onStartupFinished'
2023-12-10 04:06:49.683 [info] ExtensionService#_doActivateExtension formulahendry.code-runner, startup: false, activationEvent: 'onStartupFinished'
2023-12-10 04:07:17.271 [info] Extension host terminating: renderer closed the MessagePort
2023-12-10 04:07:17.274 [info] Extension host with pid 22740 exiting with code 0
2023-12-10 04:07:18.123 [info] Extension host with pid 22954 started
2023-12-10 04:07:18.123 [info] Skipping acquiring lock for /home/cyd/.config/Code - OSS/User/workspaceStorage/cb36f7a2504d7d38217188b1e34d9bfe.
2023-12-10 04:07:18.145 [info] ExtensionService#_doActivateExtension vscode.emmet, startup: false, activationEvent: 'onLanguage'
2023-12-10 04:07:18.158 [info] ExtensionService#_doActivateExtension mkhl.direnv, startup: false, activationEvent: 'onLanguage'
2023-12-10 04:07:18.211 [info] ExtensionService#_doActivateExtension vscode.git-base, startup: true, activationEvent: '*', root cause: vscode.git
2023-12-10 04:07:18.214 [info] ExtensionService#_doActivateExtension fkrull.gtk-dark-titlebar, startup: true, activationEvent: '*'
2023-12-10 04:07:18.281 [info] ExtensionService#_doActivateExtension vscode.git, startup: true, activationEvent: '*'
2023-12-10 04:07:18.368 [info] ExtensionService#_doActivateExtension vscode.github, startup: true, activationEvent: '*'
2023-12-10 04:07:18.443 [info] Eager extensions activated
2023-12-10 04:07:18.633 [info] ExtensionService#_doActivateExtension vscode.debug-auto-launch, startup: false, activationEvent: 'onStartupFinished'
2023-12-10 04:07:18.634 [info] ExtensionService#_doActivateExtension vscode.merge-conflict, startup: false, activationEvent: 'onStartupFinished'
2023-12-10 04:07:18.648 [info] ExtensionService#_doActivateExtension formulahendry.code-runner, startup: false, activationEvent: 'onStartupFinished'
2023-12-10 04:08:00.594 [info] ExtensionService#_doActivateExtension vscode.json-language-features, startup: false, activationEvent: 'onLanguage:jsonc'
2023-12-10 04:08:00.650 [info] ExtensionService#_doActivateExtension vscode.typescript-language-features, startup: false, activationEvent: 'onLanguage:jsonc'
2023-12-10 04:08:52.446 [info] ExtensionService#_doActivateExtension foxundermoon.shell-format, startup: false, activationEvent: 'onLanguage:properties'
2023-12-10 04:11:47.020 [info] Extension host terminating: renderer closed the MessagePort
2023-12-10 04:11:47.030 [info] Extension host with pid 22954 exiting with code 0
