2023-12-10 03:51:19.862 [info] Extension host with pid 16686 started
2023-12-10 03:51:19.907 [info] ExtensionService#_doActivateExtension vscode.git-base, startup: true, activationEvent: '*', root cause: vscode.git
2023-12-10 03:51:19.921 [info] ExtensionService#_doActivateExtension vscode.git, startup: true, activationEvent: '*'
2023-12-10 03:51:19.988 [info] ExtensionService#_doActivateExtension vscode.github, startup: true, activationEvent: '*'
2023-12-10 03:51:20.058 [info] Eager extensions activated
2023-12-10 03:51:20.211 [info] ExtensionService#_doActivateExtension vscode.debug-auto-launch, startup: false, activationEvent: 'onStartupFinished'
2023-12-10 03:51:20.214 [info] ExtensionService#_doActivateExtension vscode.merge-conflict, startup: false, activationEvent: 'onStartupFinished'
2023-12-10 03:51:56.644 [info] ExtensionService#_doActivateExtension vscode.json-language-features, startup: false, activationEvent: 'onLanguage:jsonc'
2023-12-10 03:51:56.703 [info] ExtensionService#_doActivateExtension vscode.typescript-language-features, startup: false, activationEvent: 'onLanguage:jsonc'
2023-12-10 03:51:56.765 [info] ExtensionService#_doActivateExtension vscode.emmet, startup: false, activationEvent: 'onLanguage'
2023-12-10 03:54:11.226 [info] ExtensionService#_doActivateExtension fkrull.gtk-dark-titlebar, startup: false, activationEvent: '*'
2023-12-10 03:55:29.398 [info] ExtensionService#_doActivateExtension mkhl.direnv, startup: false, activationEvent: '*'
2023-12-10 03:55:29.401 [info] ExtensionService#_doActivateExtension formulahendry.code-runner, startup: false, activationEvent: 'onStartupFinished'
2023-12-10 04:00:53.758 [info] Extension host terminating: renderer closed the MessagePort
2023-12-10 04:00:53.769 [info] Extension host with pid 16686 exiting with code 0
2023-12-10 04:00:55.265 [info] Extension host with pid 21994 started
2023-12-10 04:00:55.265 [info] Skipping acquiring lock for /home/cyd/.config/Code - OSS/User/workspaceStorage/cb36f7a2504d7d38217188b1e34d9bfe.
2023-12-10 04:00:55.279 [info] ExtensionService#_doActivateExtension vscode.git-base, startup: true, activationEvent: '*'
2023-12-10 04:00:55.310 [info] ExtensionService#_doActivateExtension vscode.github, startup: true, activationEvent: '*'
2023-12-10 04:00:55.482 [info] Eager extensions activated
2023-12-10 04:00:55.487 [info] ExtensionService#_doActivateExtension vscode.debug-auto-launch, startup: false, activationEvent: 'onStartupFinished'
2023-12-10 04:00:55.488 [info] ExtensionService#_doActivateExtension vscode.merge-conflict, startup: false, activationEvent: 'onStartupFinished'
2023-12-10 04:01:00.960 [info] ExtensionService#_doActivateExtension vscode.git, startup: false, activationEvent: 'api', root cause: vscode.github
2023-12-10 04:01:01.025 [info] ExtensionService#_doActivateExtension fkrull.gtk-dark-titlebar, startup: false, activationEvent: '*'
2023-12-10 04:01:01.027 [info] ExtensionService#_doActivateExtension formulahendry.code-runner, startup: false, activationEvent: 'onStartupFinished'
2023-12-10 04:01:01.055 [info] ExtensionService#_doActivateExtension mkhl.direnv, startup: false, activationEvent: '*'
2023-12-10 04:01:45.423 [info] ExtensionService#_doActivateExtension vscode.emmet, startup: false, activationEvent: 'onLanguage'
2023-12-10 04:02:59.828 [info] ExtensionService#_doActivateExtension vscode.json-language-features, startup: false, activationEvent: 'onLanguage:jsonc'
2023-12-10 04:02:59.887 [info] ExtensionService#_doActivateExtension vscode.typescript-language-features, startup: false, activationEvent: 'onLanguage:jsonc'
2023-12-10 04:06:13.895 [info] Extension host terminating: renderer closed the MessagePort
2023-12-10 04:06:13.902 [info] Extension host with pid 21994 exiting with code 0
