2023-12-11 19:09:21.197 [info] Log level: Info
2023-12-11 19:09:21.197 [info] Validating found git in: "git"
2023-12-11 19:09:21.197 [info] Using git "2.43.0" from "git"
2023-12-11 19:09:21.197 [info] > git rev-parse --show-toplevel [5ms]
2023-12-11 19:09:21.197 [info] fatal: not a git repository (or any parent up to mount point /)
Stopping at filesystem boundary (GIT_DISCOVERY_ACROSS_FILESYSTEM not set).
2023-12-11 19:09:21.197 [warning] Failed to get repository realpath for: "/keep/configs". Error: ENOENT: no such file or directory, realpath '/keep/configs'
2023-12-11 19:09:21.197 [info] > git rev-parse --show-toplevel [5ms]
2023-12-11 19:09:21.208 [info] > git rev-parse --git-dir --git-common-dir [7ms]
2023-12-11 19:09:21.216 [info] Open repository: /keep/dots
2023-12-11 19:09:21.232 [info] > git rev-parse --show-toplevel [5ms]
2023-12-11 19:09:21.232 [info] fatal: not a git repository (or any parent up to mount point /)
Stopping at filesystem boundary (GIT_DISCOVERY_ACROSS_FILESYSTEM not set).
2023-12-11 19:09:21.233 [info] > git config --get commit.template [8ms]
2023-12-11 19:09:21.251 [info] > git rev-parse --show-toplevel [10ms]
2023-12-11 19:09:21.252 [info] fatal: not a git repository (or any parent up to mount point /)
Stopping at filesystem boundary (GIT_DISCOVERY_ACROSS_FILESYSTEM not set).
2023-12-11 19:09:21.256 [info] > git rev-parse --show-toplevel [0ms]
2023-12-11 19:09:21.256 [info] fatal: not a git repository (or any parent up to mount point /)
Stopping at filesystem boundary (GIT_DISCOVERY_ACROSS_FILESYSTEM not set).
2023-12-11 19:09:21.260 [info] > git rev-parse --show-toplevel [0ms]
2023-12-11 19:09:21.260 [info] fatal: not a git repository (or any parent up to mount point /)
Stopping at filesystem boundary (GIT_DISCOVERY_ACROSS_FILESYSTEM not set).
2023-12-11 19:09:21.264 [info] > git rev-parse --show-toplevel [1ms]
2023-12-11 19:09:21.264 [info] fatal: not a git repository (or any parent up to mount point /)
Stopping at filesystem boundary (GIT_DISCOVERY_ACROSS_FILESYSTEM not set).
2023-12-11 19:09:21.270 [info] > git rev-parse --show-toplevel [1ms]
2023-12-11 19:09:21.270 [info] fatal: not a git repository (or any parent up to mount point /)
Stopping at filesystem boundary (GIT_DISCOVERY_ACROSS_FILESYSTEM not set).
2023-12-11 19:09:21.276 [info] > git rev-parse --show-toplevel [1ms]
2023-12-11 19:09:21.276 [info] fatal: not a git repository (or any parent up to mount point /)
Stopping at filesystem boundary (GIT_DISCOVERY_ACROSS_FILESYSTEM not set).
2023-12-11 19:09:21.280 [info] > git for-each-ref --format=%(refname)%00%(upstream:short)%00%(objectname)%00%(upstream:track)%00%(upstream:remotename)%00%(upstream:remoteref) refs/heads/main refs/remotes/main [30ms]
2023-12-11 19:09:21.282 [info] > git rev-parse --show-toplevel [2ms]
2023-12-11 19:09:21.282 [info] fatal: not a git repository (or any parent up to mount point /)
Stopping at filesystem boundary (GIT_DISCOVERY_ACROSS_FILESYSTEM not set).
2023-12-11 19:09:21.291 [info] > git rev-parse --show-toplevel [5ms]
2023-12-11 19:09:21.291 [info] fatal: not a git repository (or any parent up to mount point /)
Stopping at filesystem boundary (GIT_DISCOVERY_ACROSS_FILESYSTEM not set).
2023-12-11 19:09:21.295 [info] > git rev-parse --show-toplevel [0ms]
2023-12-11 19:09:21.295 [info] fatal: not a git repository (or any parent up to mount point /)
Stopping at filesystem boundary (GIT_DISCOVERY_ACROSS_FILESYSTEM not set).
2023-12-11 19:09:21.301 [info] > git rev-parse --show-toplevel [0ms]
2023-12-11 19:09:21.301 [info] fatal: not a git repository (or any parent up to mount point /)
Stopping at filesystem boundary (GIT_DISCOVERY_ACROSS_FILESYSTEM not set).
2023-12-11 19:09:21.307 [info] > git status -z -uall [16ms]
2023-12-11 19:09:21.329 [info] > git rev-parse --show-toplevel [23ms]
2023-12-11 19:09:21.329 [info] fatal: not a git repository (or any parent up to mount point /)
Stopping at filesystem boundary (GIT_DISCOVERY_ACROSS_FILESYSTEM not set).
2023-12-11 19:09:21.336 [info] > git config --get commit.template [8ms]
2023-12-11 19:09:21.337 [info] > git rev-parse --show-toplevel [1ms]
2023-12-11 19:09:21.337 [info] fatal: not a git repository (or any parent up to mount point /)
Stopping at filesystem boundary (GIT_DISCOVERY_ACROSS_FILESYSTEM not set).
2023-12-11 19:09:21.384 [info] > git rev-parse --show-toplevel [4ms]
2023-12-11 19:09:21.384 [info] fatal: not a git repository (or any parent up to mount point /)
Stopping at filesystem boundary (GIT_DISCOVERY_ACROSS_FILESYSTEM not set).
2023-12-11 19:09:21.384 [info] > git for-each-ref --format=%(refname)%00%(upstream:short)%00%(objectname)%00%(upstream:track)%00%(upstream:remotename)%00%(upstream:remoteref) refs/heads/main refs/remotes/main [7ms]
2023-12-11 19:09:21.414 [info] > git rev-parse --show-toplevel [8ms]
2023-12-11 19:09:21.414 [info] fatal: not a git repository (or any parent up to mount point /)
Stopping at filesystem boundary (GIT_DISCOVERY_ACROSS_FILESYSTEM not set).
2023-12-11 19:09:21.431 [info] > git status -z -uall [5ms]
2023-12-11 19:09:21.434 [info] > git rev-parse --show-toplevel [14ms]
2023-12-11 19:09:21.443 [info] > git rev-parse --show-toplevel [4ms]
2023-12-11 19:09:21.454 [info] > git rev-parse --show-toplevel [6ms]
2023-12-11 19:09:21.460 [info] > git rev-parse --show-toplevel [1ms]
2023-12-11 19:09:21.466 [info] > git rev-parse --show-toplevel [2ms]
2023-12-11 19:09:21.470 [info] > git rev-parse --show-toplevel [0ms]
2023-12-11 19:09:21.475 [info] > git rev-parse --show-toplevel [1ms]
2023-12-11 19:09:21.475 [info] fatal: not a git repository (or any parent up to mount point /)
Stopping at filesystem boundary (GIT_DISCOVERY_ACROSS_FILESYSTEM not set).
2023-12-11 19:09:21.475 [warning] Failed to get repository realpath for: "/keep/configs". Error: ENOENT: no such file or directory, realpath '/keep/configs'
2023-12-11 19:09:21.484 [info] > git rev-parse --show-toplevel [1ms]
2023-12-11 19:09:21.484 [info] fatal: not a git repository (or any parent up to mount point /)
Stopping at filesystem boundary (GIT_DISCOVERY_ACROSS_FILESYSTEM not set).
2023-12-11 19:09:21.484 [warning] Failed to get repository realpath for: "/keep/configs". Error: ENOENT: no such file or directory, realpath '/keep/configs'
2023-12-11 19:09:21.736 [info] > git rev-parse --show-toplevel [2ms]
2023-12-11 19:09:21.736 [info] fatal: not a git repository (or any parent up to mount point /)
Stopping at filesystem boundary (GIT_DISCOVERY_ACROSS_FILESYSTEM not set).
2023-12-11 19:09:21.737 [warning] Failed to get repository realpath for: "/keep/configs". Error: ENOENT: no such file or directory, realpath '/keep/configs'
2023-12-11 19:09:21.869 [info] > git rev-parse --show-toplevel [2ms]
2023-12-11 19:09:21.869 [info] fatal: not a git repository (or any parent up to mount point /)
Stopping at filesystem boundary (GIT_DISCOVERY_ACROSS_FILESYSTEM not set).
2023-12-11 19:09:21.869 [warning] Failed to get repository realpath for: "/keep/configs". Error: ENOENT: no such file or directory, realpath '/keep/configs'
2023-12-11 19:10:52.700 [info] > git rev-parse --show-toplevel [1ms]
2023-12-11 19:10:52.700 [info] fatal: not a git repository (or any parent up to mount point /)
Stopping at filesystem boundary (GIT_DISCOVERY_ACROSS_FILESYSTEM not set).
2023-12-11 19:10:52.775 [info] > git rev-parse --show-toplevel [1ms]
2023-12-11 19:10:52.775 [info] fatal: not a git repository (or any parent up to mount point /)
Stopping at filesystem boundary (GIT_DISCOVERY_ACROSS_FILESYSTEM not set).
2023-12-11 19:10:52.781 [info] > git rev-parse --show-toplevel [0ms]
2023-12-11 19:10:52.781 [info] fatal: not a git repository (or any parent up to mount point /)
Stopping at filesystem boundary (GIT_DISCOVERY_ACROSS_FILESYSTEM not set).
2023-12-11 19:10:52.786 [info] > git rev-parse --show-toplevel [0ms]
2023-12-11 19:10:52.786 [info] fatal: not a git repository (or any parent up to mount point /)
Stopping at filesystem boundary (GIT_DISCOVERY_ACROSS_FILESYSTEM not set).
2023-12-11 19:11:31.368 [info] > git rev-parse --show-toplevel [1ms]
2023-12-11 19:11:31.368 [info] fatal: not a git repository (or any parent up to mount point /)
Stopping at filesystem boundary (GIT_DISCOVERY_ACROSS_FILESYSTEM not set).
2023-12-11 19:12:03.681 [info] > git rev-parse --show-toplevel [1ms]
2023-12-11 19:12:03.681 [info] fatal: not a git repository (or any parent up to mount point /)
Stopping at filesystem boundary (GIT_DISCOVERY_ACROSS_FILESYSTEM not set).
2023-12-11 19:12:03.700 [info] > git rev-parse --show-toplevel [1ms]
2023-12-11 19:12:03.700 [info] fatal: not a git repository (or any parent up to mount point /)
Stopping at filesystem boundary (GIT_DISCOVERY_ACROSS_FILESYSTEM not set).
2023-12-11 19:12:51.204 [info] > git rev-parse --show-toplevel [1ms]
2023-12-11 19:12:51.204 [info] fatal: not a git repository (or any parent up to mount point /)
Stopping at filesystem boundary (GIT_DISCOVERY_ACROSS_FILESYSTEM not set).
2023-12-11 19:13:42.766 [info] > git rev-parse --show-toplevel [1ms]
2023-12-11 19:13:42.766 [info] fatal: not a git repository (or any parent up to mount point /)
Stopping at filesystem boundary (GIT_DISCOVERY_ACROSS_FILESYSTEM not set).
2023-12-11 19:18:02.325 [info] > git rev-parse --show-toplevel [12ms]
2023-12-11 19:18:02.325 [info] fatal: not a git repository (or any parent up to mount point /)
Stopping at filesystem boundary (GIT_DISCOVERY_ACROSS_FILESYSTEM not set).
2023-12-11 19:18:02.336 [warning] Failed to get repository realpath for: "/keep/configs". Error: ENOENT: no such file or directory, realpath '/keep/configs'
2023-12-11 19:19:01.298 [info] > git rev-parse --show-toplevel [1ms]
2023-12-11 19:19:01.298 [info] fatal: not a git repository (or any parent up to mount point /)
Stopping at filesystem boundary (GIT_DISCOVERY_ACROSS_FILESYSTEM not set).
2023-12-11 19:19:01.298 [warning] Failed to get repository realpath for: "/keep/configs". Error: ENOENT: no such file or directory, realpath '/keep/configs'
2023-12-11 19:36:14.500 [info] > git rev-parse --show-toplevel [1ms]
2023-12-11 19:36:14.508 [info] > git rev-parse --git-dir --git-common-dir [1ms]
2023-12-11 19:36:14.511 [info] Open repository: /home/cyd/.config/nvim
2023-12-11 19:36:14.521 [info] > git config --get commit.template [5ms]
2023-12-11 19:36:14.522 [info] > git for-each-ref --format=%(refname)%00%(upstream:short)%00%(objectname)%00%(upstream:track)%00%(upstream:remotename)%00%(upstream:remoteref) refs/heads/master refs/remotes/master [1ms]
2023-12-11 19:36:14.525 [warning] ENOENT: no such file or directory, open '/home/cyd/.config/nvim/.git/refs/remotes/origin/master'
2023-12-11 19:36:14.526 [info] > git rev-parse refs/remotes/origin/master [1ms]
2023-12-11 19:36:14.532 [info] > git status -z -uall [2ms]
2023-12-11 19:36:14.544 [info] > git config --get commit.template [1ms]
2023-12-11 19:36:14.551 [info] > git for-each-ref --format=%(refname)%00%(upstream:short)%00%(objectname)%00%(upstream:track)%00%(upstream:remotename)%00%(upstream:remoteref) refs/heads/master refs/remotes/master [1ms]
2023-12-11 19:36:14.557 [warning] ENOENT: no such file or directory, open '/home/cyd/.config/nvim/.git/refs/remotes/origin/master'
2023-12-11 19:36:14.560 [info] > git rev-parse refs/remotes/origin/master [3ms]
2023-12-11 19:36:14.567 [info] > git status -z -uall [2ms]
2023-12-11 19:36:15.134 [info] > git check-ignore -v -z --stdin [6ms]
2023-12-11 19:36:50.269 [info] > git rev-parse --show-toplevel [1ms]
2023-12-11 19:36:50.276 [info] > git rev-parse --git-dir --git-common-dir [1ms]
2023-12-11 19:36:50.279 [info] Open repository: /home/cyd/.local/share/nvim/lazy/Comment.nvim
2023-12-11 19:36:50.301 [info] > git rev-parse --show-toplevel [3ms]
2023-12-11 19:36:50.302 [info] > git config --get commit.template [16ms]
2023-12-11 19:36:50.319 [info] > git for-each-ref --format=%(refname)%00%(upstream:short)%00%(objectname)%00%(upstream:track)%00%(upstream:remotename)%00%(upstream:remoteref) refs/heads/master refs/remotes/master [6ms]
2023-12-11 19:36:50.325 [warning] ENOENT: no such file or directory, open '/home/cyd/.local/share/nvim/lazy/Comment.nvim/.git/refs/remotes/origin/master'
2023-12-11 19:36:50.326 [info] > git rev-parse --git-dir --git-common-dir [7ms]
2023-12-11 19:36:50.328 [info] Open repository: /home/cyd/.local/share/nvim/lazy/lualine.nvim
2023-12-11 19:36:50.348 [info] > git rev-parse refs/remotes/origin/master [23ms]
2023-12-11 19:36:50.355 [info] > git rev-parse --show-toplevel [8ms]
2023-12-11 19:36:50.355 [info] > git config --get commit.template [14ms]
2023-12-11 19:36:50.357 [info] > git status -z -uall [3ms]
2023-12-11 19:36:50.377 [info] > git config --get commit.template [1ms]
2023-12-11 19:36:50.377 [info] > git rev-parse --git-dir --git-common-dir [8ms]
2023-12-11 19:36:50.381 [info] Open repository: /home/cyd/.local/share/nvim/lazy/onedark.nvim
2023-12-11 19:36:50.382 [info] > git for-each-ref --format=%(refname)%00%(upstream:short)%00%(objectname)%00%(upstream:track)%00%(upstream:remotename)%00%(upstream:remoteref) refs/heads/master refs/remotes/master [18ms]
2023-12-11 19:36:50.399 [warning] ENOENT: no such file or directory, open '/home/cyd/.local/share/nvim/lazy/lualine.nvim/.git/refs/remotes/origin/master'
2023-12-11 19:36:50.404 [info] > git rev-parse --show-toplevel [10ms]
2023-12-11 19:36:50.405 [info] > git config --get commit.template [17ms]
2023-12-11 19:36:50.408 [info] > git for-each-ref --format=%(refname)%00%(upstream:short)%00%(objectname)%00%(upstream:track)%00%(upstream:remotename)%00%(upstream:remoteref) refs/heads/master refs/remotes/master [4ms]
2023-12-11 19:36:50.408 [info] > git rev-parse refs/remotes/origin/master [9ms]
2023-12-11 19:36:50.431 [warning] ENOENT: no such file or directory, open '/home/cyd/.local/share/nvim/lazy/Comment.nvim/.git/refs/remotes/origin/master'
2023-12-11 19:36:50.433 [info] > git status -z -uall [21ms]
2023-12-11 19:36:50.433 [info] > git rev-parse refs/remotes/origin/master [2ms]
2023-12-11 19:36:50.438 [info] > git rev-parse --git-dir --git-common-dir [14ms]
2023-12-11 19:36:50.441 [info] Open repository: /home/cyd/.local/share/nvim/lazy/cmp-nvim-lsp
2023-12-11 19:36:50.441 [info] > git for-each-ref --format=%(refname)%00%(upstream:short)%00%(objectname)%00%(upstream:track)%00%(upstream:remotename)%00%(upstream:remoteref) refs/heads/master refs/remotes/master [25ms]
2023-12-11 19:36:50.456 [warning] ENOENT: no such file or directory, open '/home/cyd/.local/share/nvim/lazy/onedark.nvim/.git/refs/remotes/origin/master'
2023-12-11 19:36:50.460 [info] > git status -z -uall [22ms]
2023-12-11 19:36:50.464 [info] > git config --get commit.template [5ms]
2023-12-11 19:36:50.464 [info] > git rev-parse refs/remotes/origin/master [9ms]
2023-12-11 19:36:50.474 [info] > git rev-parse --show-toplevel [21ms]
2023-12-11 19:36:50.474 [info] > git config --get commit.template [26ms]
2023-12-11 19:36:50.478 [info] > git status -z -uall [5ms]
2023-12-11 19:36:50.502 [info] > git config --get commit.template [1ms]
2023-12-11 19:36:50.502 [info] > git rev-parse --git-dir --git-common-dir [5ms]
2023-12-11 19:36:50.505 [info] Open repository: /home/cyd/.local/share/nvim/lazy/fidget.nvim
2023-12-11 19:36:50.506 [info] > git for-each-ref --format=%(refname)%00%(upstream:short)%00%(objectname)%00%(upstream:track)%00%(upstream:remotename)%00%(upstream:remoteref) refs/heads/master refs/remotes/master [14ms]
2023-12-11 19:36:50.507 [info] > git for-each-ref --format=%(refname)%00%(upstream:short)%00%(objectname)%00%(upstream:track)%00%(upstream:remotename)%00%(upstream:remoteref) refs/heads/main refs/remotes/main [20ms]
2023-12-11 19:36:50.529 [warning] ENOENT: no such file or directory, open '/home/cyd/.local/share/nvim/lazy/lualine.nvim/.git/refs/remotes/origin/master'
2023-12-11 19:36:50.534 [warning] ENOENT: no such file or directory, open '/home/cyd/.local/share/nvim/lazy/cmp-nvim-lsp/.git/refs/remotes/origin/main'
2023-12-11 19:36:50.540 [info] > git rev-parse refs/remotes/origin/main [6ms]
2023-12-11 19:36:50.544 [info] > git rev-parse refs/remotes/origin/master [15ms]
2023-12-11 19:36:50.553 [info] > git rev-parse --show-toplevel [29ms]
2023-12-11 19:36:50.554 [info] > git config --get commit.template [37ms]
2023-12-11 19:36:50.558 [info] > git status -z -uall [14ms]
2023-12-11 19:36:50.558 [info] > git status -z -uall [5ms]
2023-12-11 19:36:50.563 [info] > git for-each-ref --format=%(refname)%00%(upstream:short)%00%(objectname)%00%(upstream:track)%00%(upstream:remotename)%00%(upstream:remoteref) refs/heads/master refs/remotes/master [24ms]
2023-12-11 19:36:50.584 [warning] ENOENT: no such file or directory, open '/home/cyd/.local/share/nvim/lazy/onedark.nvim/.git/refs/remotes/origin/master'
2023-12-11 19:36:50.585 [info] > git rev-parse refs/remotes/origin/master [1ms]
2023-12-11 19:36:50.590 [info] > git config --get commit.template [11ms]
2023-12-11 19:36:50.590 [info] > git rev-parse --git-dir --git-common-dir [16ms]
2023-12-11 19:36:50.595 [info] Open repository: /home/cyd/.local/share/nvim/lazy/telescope-fzf-native.nvim
2023-12-11 19:36:50.596 [info] > git for-each-ref --format=%(refname)%00%(upstream:short)%00%(objectname)%00%(upstream:track)%00%(upstream:remotename)%00%(upstream:remoteref) refs/heads/main refs/remotes/main [27ms]
2023-12-11 19:36:50.617 [warning] ENOENT: no such file or directory, open '/home/cyd/.local/share/nvim/lazy/fidget.nvim/.git/refs/remotes/origin/main'
2023-12-11 19:36:50.617 [info] > git status -z -uall [27ms]
2023-12-11 19:36:50.625 [info] > git rev-parse refs/remotes/origin/main [8ms]
2023-12-11 19:36:50.630 [info] > git rev-parse --show-toplevel [18ms]
2023-12-11 19:36:50.631 [info] > git config --get commit.template [25ms]
2023-12-11 19:36:50.635 [info] > git status -z -uall [4ms]
2023-12-11 19:36:50.638 [info] > git for-each-ref --format=%(refname)%00%(upstream:short)%00%(objectname)%00%(upstream:track)%00%(upstream:remotename)%00%(upstream:remoteref) refs/heads/main refs/remotes/main [13ms]
2023-12-11 19:36:50.664 [warning] ENOENT: no such file or directory, open '/home/cyd/.local/share/nvim/lazy/cmp-nvim-lsp/.git/refs/remotes/origin/main'
2023-12-11 19:36:50.665 [info] > git config --get commit.template [6ms]
2023-12-11 19:36:50.665 [info] > git rev-parse --git-dir --git-common-dir [11ms]
2023-12-11 19:36:50.668 [info] Open repository: /home/cyd/.local/share/nvim/lazy/vim-rhubarb
2023-12-11 19:36:50.668 [info] > git for-each-ref --format=%(refname)%00%(upstream:short)%00%(objectname)%00%(upstream:track)%00%(upstream:remotename)%00%(upstream:remoteref) refs/heads/main refs/remotes/main [20ms]
2023-12-11 19:36:50.692 [warning] ENOENT: no such file or directory, open '/home/cyd/.local/share/nvim/lazy/telescope-fzf-native.nvim/.git/refs/remotes/origin/main'
2023-12-11 19:36:50.692 [info] > git rev-parse refs/remotes/origin/main [28ms]
2023-12-11 19:36:50.703 [info] > git status -z -uall [6ms]
2023-12-11 19:36:50.703 [info] > git rev-parse refs/remotes/origin/main [12ms]
2023-12-11 19:36:50.708 [info] > git rev-parse --show-toplevel [24ms]
2023-12-11 19:36:50.708 [info] > git config --get commit.template [34ms]
2023-12-11 19:36:50.710 [info] > git status -z -uall [2ms]
2023-12-11 19:36:50.713 [info] > git for-each-ref --format=%(refname)%00%(upstream:short)%00%(objectname)%00%(upstream:track)%00%(upstream:remotename)%00%(upstream:remoteref) refs/heads/main refs/remotes/main [11ms]
2023-12-11 19:36:50.740 [warning] ENOENT: no such file or directory, open '/home/cyd/.local/share/nvim/lazy/fidget.nvim/.git/refs/remotes/origin/main'
2023-12-11 19:36:50.742 [info] > git rev-parse refs/remotes/origin/main [2ms]
2023-12-11 19:36:50.747 [info] > git config --get commit.template [10ms]
2023-12-11 19:36:50.747 [info] > git rev-parse --git-dir --git-common-dir [18ms]
2023-12-11 19:36:50.749 [info] Open repository: /home/cyd/.local/share/nvim/lazy/vim-sleuth
2023-12-11 19:36:50.750 [info] > git for-each-ref --format=%(refname)%00%(upstream:short)%00%(objectname)%00%(upstream:track)%00%(upstream:remotename)%00%(upstream:remoteref) refs/heads/master refs/remotes/master [31ms]
2023-12-11 19:36:50.777 [warning] ENOENT: no such file or directory, open '/home/cyd/.local/share/nvim/lazy/vim-rhubarb/.git/refs/remotes/origin/master'
2023-12-11 19:36:50.777 [info] > git status -z -uall [31ms]
2023-12-11 19:36:50.785 [info] > git rev-parse refs/remotes/origin/master [8ms]
2023-12-11 19:36:50.791 [info] > git rev-parse --show-toplevel [24ms]
2023-12-11 19:36:50.791 [info] > git config --get commit.template [35ms]
2023-12-11 19:36:50.793 [info] > git status -z -uall [3ms]
2023-12-11 19:36:50.796 [info] > git for-each-ref --format=%(refname)%00%(upstream:short)%00%(objectname)%00%(upstream:track)%00%(upstream:remotename)%00%(upstream:remoteref) refs/heads/main refs/remotes/main [11ms]
2023-12-11 19:36:50.823 [warning] ENOENT: no such file or directory, open '/home/cyd/.local/share/nvim/lazy/telescope-fzf-native.nvim/.git/refs/remotes/origin/main'
2023-12-11 19:36:50.829 [info] > git check-ignore -v -z --stdin [1ms]
2023-12-11 19:36:50.829 [info] > git rev-parse refs/remotes/origin/main [7ms]
2023-12-11 19:36:50.834 [info] > git config --get commit.template [16ms]
2023-12-11 19:36:50.834 [info] > git rev-parse --git-dir --git-common-dir [23ms]
2023-12-11 19:36:50.836 [info] Open repository: /home/cyd/.local/share/nvim/lazy/friendly-snippets
2023-12-11 19:36:50.837 [info] > git for-each-ref --format=%(refname)%00%(upstream:short)%00%(objectname)%00%(upstream:track)%00%(upstream:remotename)%00%(upstream:remoteref) refs/heads/master refs/remotes/master [35ms]
2023-12-11 19:36:50.856 [warning] ENOENT: no such file or directory, open '/home/cyd/.local/share/nvim/lazy/vim-sleuth/.git/refs/remotes/origin/master'
2023-12-11 19:36:50.857 [info] > git status -z -uall [23ms]
2023-12-11 19:36:50.865 [info] > git rev-parse refs/remotes/origin/master [9ms]
2023-12-11 19:36:50.870 [info] > git rev-parse --show-toplevel [22ms]
2023-12-11 19:36:50.871 [info] > git config --get commit.template [28ms]
2023-12-11 19:36:50.873 [info] > git status -z -uall [3ms]
2023-12-11 19:36:50.875 [info] > git for-each-ref --format=%(refname)%00%(upstream:short)%00%(objectname)%00%(upstream:track)%00%(upstream:remotename)%00%(upstream:remoteref) refs/heads/master refs/remotes/master [11ms]
2023-12-11 19:36:50.900 [warning] ENOENT: no such file or directory, open '/home/cyd/.local/share/nvim/lazy/vim-rhubarb/.git/refs/remotes/origin/master'
2023-12-11 19:36:50.901 [info] > git rev-parse refs/remotes/origin/master [1ms]
2023-12-11 19:36:50.906 [info] > git config --get commit.template [14ms]
2023-12-11 19:36:50.906 [info] > git rev-parse --git-dir --git-common-dir [22ms]
2023-12-11 19:36:50.908 [info] Open repository: /home/cyd/.local/share/nvim/lazy/indent-blankline.nvim
2023-12-11 19:36:50.909 [info] > git for-each-ref --format=%(refname)%00%(upstream:short)%00%(objectname)%00%(upstream:track)%00%(upstream:remotename)%00%(upstream:remoteref) refs/heads/main refs/remotes/main [28ms]
2023-12-11 19:36:50.922 [warning] ENOENT: no such file or directory, open '/home/cyd/.local/share/nvim/lazy/friendly-snippets/.git/refs/remotes/origin/main'
2023-12-11 19:36:50.922 [info] > git status -z -uall [17ms]
2023-12-11 19:36:50.930 [info] > git rev-parse refs/remotes/origin/main [8ms]
2023-12-11 19:36:50.938 [info] > git rev-parse --show-toplevel [20ms]
2023-12-11 19:36:50.938 [info] > git config --get commit.template [24ms]
2023-12-11 19:36:50.942 [info] > git for-each-ref --format=%(refname)%00%(upstream:short)%00%(objectname)%00%(upstream:track)%00%(upstream:remotename)%00%(upstream:remoteref) refs/heads/master refs/remotes/master [13ms]
2023-12-11 19:36:50.957 [warning] ENOENT: no such file or directory, open '/home/cyd/.local/share/nvim/lazy/vim-sleuth/.git/refs/remotes/origin/master'
2023-12-11 19:36:50.958 [info] > git status -z -uall [20ms]
2023-12-11 19:36:50.958 [info] > git rev-parse --git-dir --git-common-dir [5ms]
2023-12-11 19:36:50.961 [info] Open repository: /home/cyd/.local/share/nvim/lazy/mason-lspconfig.nvim
2023-12-11 19:36:50.961 [info] > git for-each-ref --format=%(refname)%00%(upstream:short)%00%(objectname)%00%(upstream:track)%00%(upstream:remotename)%00%(upstream:remoteref) refs/heads/master refs/remotes/master [13ms]
2023-12-11 19:36:50.983 [warning] ENOENT: no such file or directory, open '/home/cyd/.local/share/nvim/lazy/indent-blankline.nvim/.git/refs/remotes/origin/master'
2023-12-11 19:36:50.989 [info] > git rev-parse refs/remotes/origin/master [32ms]
2023-12-11 19:36:50.994 [info] > git config --get commit.template [6ms]
2023-12-11 19:36:50.995 [info] > git rev-parse refs/remotes/origin/master [12ms]
2023-12-11 19:36:50.999 [info] > git rev-parse --show-toplevel [23ms]
2023-12-11 19:36:50.999 [info] > git config --get commit.template [31ms]
2023-12-11 19:36:51.001 [info] > git status -z -uall [8ms]
2023-12-11 19:36:51.001 [info] > git status -z -uall [2ms]
2023-12-11 19:36:51.032 [info] > git config --get commit.template [3ms]
2023-12-11 19:36:51.032 [info] > git rev-parse --git-dir --git-common-dir [7ms]
2023-12-11 19:36:51.034 [info] Open repository: /home/cyd/.local/share/nvim/lazy/nvim-autopairs
2023-12-11 19:36:51.034 [info] > git for-each-ref --format=%(refname)%00%(upstream:short)%00%(objectname)%00%(upstream:track)%00%(upstream:remotename)%00%(upstream:remoteref) refs/heads/main refs/remotes/main [15ms]
2023-12-11 19:36:51.034 [info] > git for-each-ref --format=%(refname)%00%(upstream:short)%00%(objectname)%00%(upstream:track)%00%(upstream:remotename)%00%(upstream:remoteref) refs/heads/main refs/remotes/main [23ms]
2023-12-11 19:36:51.048 [warning] ENOENT: no such file or directory, open '/home/cyd/.local/share/nvim/lazy/friendly-snippets/.git/refs/remotes/origin/main'
2023-12-11 19:36:51.054 [warning] ENOENT: no such file or directory, open '/home/cyd/.local/share/nvim/lazy/mason-lspconfig.nvim/.git/refs/remotes/origin/main'
2023-12-11 19:36:51.064 [info] > git rev-parse refs/remotes/origin/main [16ms]
2023-12-11 19:36:51.070 [info] > git rev-parse --show-toplevel [26ms]
2023-12-11 19:36:51.070 [info] > git config --get commit.template [30ms]
2023-12-11 19:36:51.072 [info] > git for-each-ref --format=%(refname)%00%(upstream:short)%00%(objectname)%00%(upstream:track)%00%(upstream:remotename)%00%(upstream:remoteref) refs/heads/master refs/remotes/master [9ms]
2023-12-11 19:36:51.073 [info] > git rev-parse refs/remotes/origin/main [18ms]
2023-12-11 19:36:51.088 [warning] ENOENT: no such file or directory, open '/home/cyd/.local/share/nvim/lazy/indent-blankline.nvim/.git/refs/remotes/origin/master'
2023-12-11 19:36:51.088 [info] > git status -z -uall [18ms]
2023-12-11 19:36:51.088 [info] > git status -z -uall [11ms]
2023-12-11 19:36:51.090 [info] > git rev-parse refs/remotes/origin/master [2ms]
2023-12-11 19:36:51.098 [info] > git rev-parse --git-dir --git-common-dir [13ms]
2023-12-11 19:36:51.101 [info] Open repository: /home/cyd/.local/share/nvim/lazy/nvim-cmp
2023-12-11 19:36:51.102 [info] > git for-each-ref --format=%(refname)%00%(upstream:short)%00%(objectname)%00%(upstream:track)%00%(upstream:remotename)%00%(upstream:remoteref) refs/heads/master refs/remotes/master [21ms]
2023-12-11 19:36:51.122 [warning] ENOENT: no such file or directory, open '/home/cyd/.local/share/nvim/lazy/nvim-autopairs/.git/refs/remotes/origin/master'
2023-12-11 19:36:51.129 [info] > git status -z -uall [32ms]
2023-12-11 19:36:51.132 [info] > git config --get commit.template [4ms]
2023-12-11 19:36:51.132 [info] > git rev-parse refs/remotes/origin/master [10ms]
2023-12-11 19:36:51.141 [info] > git rev-parse --show-toplevel [25ms]
2023-12-11 19:36:51.142 [info] > git config --get commit.template [31ms]
2023-12-11 19:36:51.145 [info] > git status -z -uall [4ms]
2023-12-11 19:36:51.168 [info] > git config --get commit.template [1ms]
2023-12-11 19:36:51.168 [info] > git rev-parse --git-dir --git-common-dir [5ms]
2023-12-11 19:36:51.170 [info] Open repository: /home/cyd/.local/share/nvim/lazy/nvim-treesitter-textobjects
2023-12-11 19:36:51.171 [info] > git for-each-ref --format=%(refname)%00%(upstream:short)%00%(objectname)%00%(upstream:track)%00%(upstream:remotename)%00%(upstream:remoteref) refs/heads/main refs/remotes/main [12ms]
2023-12-11 19:36:51.171 [info] > git for-each-ref --format=%(refname)%00%(upstream:short)%00%(objectname)%00%(upstream:track)%00%(upstream:remotename)%00%(upstream:remoteref) refs/heads/main refs/remotes/main [17ms]
2023-12-11 19:36:51.193 [warning] ENOENT: no such file or directory, open '/home/cyd/.local/share/nvim/lazy/mason-lspconfig.nvim/.git/refs/remotes/origin/main'
2023-12-11 19:36:51.199 [warning] ENOENT: no such file or directory, open '/home/cyd/.local/share/nvim/lazy/nvim-cmp/.git/refs/remotes/origin/main'
2023-12-11 19:36:51.205 [info] > git rev-parse refs/remotes/origin/main [7ms]
2023-12-11 19:36:51.209 [info] > git rev-parse refs/remotes/origin/main [16ms]
2023-12-11 19:36:51.213 [info] > git rev-parse --show-toplevel [25ms]
2023-12-11 19:36:51.213 [info] > git config --get commit.template [34ms]
2023-12-11 19:36:51.215 [info] > git status -z -uall [6ms]
2023-12-11 19:36:51.215 [info] > git status -z -uall [3ms]
2023-12-11 19:36:51.218 [info] > git for-each-ref --format=%(refname)%00%(upstream:short)%00%(objectname)%00%(upstream:track)%00%(upstream:remotename)%00%(upstream:remoteref) refs/heads/master refs/remotes/master [14ms]
2023-12-11 19:36:51.240 [warning] ENOENT: no such file or directory, open '/home/cyd/.local/share/nvim/lazy/nvim-autopairs/.git/refs/remotes/origin/master'
2023-12-11 19:36:51.243 [info] > git rev-parse refs/remotes/origin/master [3ms]
2023-12-11 19:36:51.247 [info] > git config --get commit.template [11ms]
2023-12-11 19:36:51.247 [info] > git rev-parse --git-dir --git-common-dir [15ms]
2023-12-11 19:36:51.249 [info] Open repository: /home/cyd/.local/share/nvim/lazy/which-key.nvim
2023-12-11 19:36:51.250 [info] > git for-each-ref --format=%(refname)%00%(upstream:short)%00%(objectname)%00%(upstream:track)%00%(upstream:remotename)%00%(upstream:remoteref) refs/heads/master refs/remotes/master [24ms]
2023-12-11 19:36:51.270 [warning] ENOENT: no such file or directory, open '/home/cyd/.local/share/nvim/lazy/nvim-treesitter-textobjects/.git/refs/remotes/origin/master'
2023-12-11 19:36:51.270 [info] > git status -z -uall [23ms]
2023-12-11 19:36:51.280 [info] > git rev-parse refs/remotes/origin/master [10ms]
2023-12-11 19:36:51.285 [info] > git config --get commit.template [23ms]
2023-12-11 19:36:51.285 [info] > git rev-parse --show-toplevel [30ms]
2023-12-11 19:36:51.288 [info] > git status -z -uall [3ms]
2023-12-11 19:36:51.288 [info] > git for-each-ref --format=%(refname)%00%(upstream:short)%00%(objectname)%00%(upstream:track)%00%(upstream:remotename)%00%(upstream:remoteref) refs/heads/main refs/remotes/main [9ms]
2023-12-11 19:36:51.299 [warning] ENOENT: no such file or directory, open '/home/cyd/.local/share/nvim/lazy/nvim-cmp/.git/refs/remotes/origin/main'
2023-12-11 19:36:51.308 [info] > git rev-parse refs/remotes/origin/main [9ms]
2023-12-11 19:36:51.316 [info] > git rev-parse --git-dir --git-common-dir [20ms]
2023-12-11 19:36:51.318 [info] Open repository: /home/cyd/.local/share/nvim/lazy/gitsigns.nvim
2023-12-11 19:36:51.319 [info] > git for-each-ref --format=%(refname)%00%(upstream:short)%00%(objectname)%00%(upstream:track)%00%(upstream:remotename)%00%(upstream:remoteref) refs/heads/main refs/remotes/main [27ms]
2023-12-11 19:36:51.333 [warning] ENOENT: no such file or directory, open '/home/cyd/.local/share/nvim/lazy/which-key.nvim/.git/refs/remotes/origin/main'
2023-12-11 19:36:51.333 [info] > git status -z -uall [17ms]
2023-12-11 19:36:51.334 [info] > git config --get commit.template [26ms]
2023-12-11 19:36:51.335 [info] > git rev-parse refs/remotes/origin/main [2ms]
2023-12-11 19:36:51.341 [info] > git rev-parse --show-toplevel [12ms]
2023-12-11 19:36:51.341 [info] > git config --get commit.template [16ms]
2023-12-11 19:36:51.360 [info] > git status -z -uall [18ms]
2023-12-11 19:36:51.380 [info] > git for-each-ref --format=%(refname)%00%(upstream:short)%00%(objectname)%00%(upstream:track)%00%(upstream:remotename)%00%(upstream:remoteref) refs/heads/master refs/remotes/master [23ms]
2023-12-11 19:36:51.395 [warning] ENOENT: no such file or directory, open '/home/cyd/.local/share/nvim/lazy/nvim-treesitter-textobjects/.git/refs/remotes/origin/master'
2023-12-11 19:36:51.395 [info] > git check-ignore -v -z --stdin [9ms]
2023-12-11 19:36:51.396 [info] > git config --get commit.template [16ms]
2023-12-11 19:36:51.396 [info] > git rev-parse --git-dir --git-common-dir [20ms]
2023-12-11 19:36:51.399 [info] Open repository: /home/cyd/.local/share/nvim/lazy/neodev.nvim
2023-12-11 19:36:51.400 [info] > git for-each-ref --format=%(refname)%00%(upstream:short)%00%(objectname)%00%(upstream:track)%00%(upstream:remotename)%00%(upstream:remoteref) refs/heads/main refs/remotes/main [30ms]
2023-12-11 19:36:51.414 [warning] ENOENT: no such file or directory, open '/home/cyd/.local/share/nvim/lazy/gitsigns.nvim/.git/refs/remotes/origin/main'
2023-12-11 19:36:51.415 [info] > git rev-parse refs/remotes/origin/master [21ms]
2023-12-11 19:36:51.430 [info] > git status -z -uall [11ms]
2023-12-11 19:36:51.431 [info] > git rev-parse refs/remotes/origin/main [16ms]
2023-12-11 19:36:51.436 [info] > git rev-parse --show-toplevel [25ms]
2023-12-11 19:36:51.437 [info] > git config --get commit.template [31ms]
2023-12-11 19:36:51.439 [info] > git status -z -uall [3ms]
2023-12-11 19:36:51.439 [info] > git for-each-ref --format=%(refname)%00%(upstream:short)%00%(objectname)%00%(upstream:track)%00%(upstream:remotename)%00%(upstream:remoteref) refs/heads/main refs/remotes/main [10ms]
2023-12-11 19:36:51.453 [warning] ENOENT: no such file or directory, open '/home/cyd/.local/share/nvim/lazy/which-key.nvim/.git/refs/remotes/origin/main'
2023-12-11 19:36:51.467 [info] > git rev-parse refs/remotes/origin/main [13ms]
2023-12-11 19:36:51.472 [info] > git rev-parse --git-dir --git-common-dir [22ms]
2023-12-11 19:36:51.475 [info] Open repository: /home/cyd/.local/share/nvim/lazy/plenary.nvim
2023-12-11 19:36:51.476 [info] > git for-each-ref --format=%(refname)%00%(upstream:short)%00%(objectname)%00%(upstream:track)%00%(upstream:remotename)%00%(upstream:remoteref) refs/heads/main refs/remotes/main [30ms]
2023-12-11 19:36:51.491 [warning] ENOENT: no such file or directory, open '/home/cyd/.local/share/nvim/lazy/neodev.nvim/.git/refs/remotes/origin/main'
2023-12-11 19:36:51.491 [info] > git status -z -uall [20ms]
2023-12-11 19:36:51.494 [info] > git config --get commit.template [28ms]
2023-12-11 19:36:51.495 [info] > git rev-parse refs/remotes/origin/main [4ms]
2023-12-11 19:36:51.505 [info] > git rev-parse --show-toplevel [19ms]
2023-12-11 19:36:51.505 [info] > git config --get commit.template [23ms]
2023-12-11 19:36:51.523 [info] > git status -z -uall [18ms]
2023-12-11 19:36:51.523 [info] > git for-each-ref --format=%(refname)%00%(upstream:short)%00%(objectname)%00%(upstream:track)%00%(upstream:remotename)%00%(upstream:remoteref) refs/heads/main refs/remotes/main [10ms]
2023-12-11 19:36:51.526 [warning] ENOENT: no such file or directory, open '/home/cyd/.local/share/nvim/lazy/gitsigns.nvim/.git/refs/remotes/origin/main'
2023-12-11 19:36:51.527 [info] > git rev-parse --git-dir --git-common-dir [5ms]
2023-12-11 19:36:51.530 [info] Open repository: /home/cyd/.local/share/nvim/lazy/vim-fugitive
2023-12-11 19:36:51.532 [info] > git for-each-ref --format=%(refname)%00%(upstream:short)%00%(objectname)%00%(upstream:track)%00%(upstream:remotename)%00%(upstream:remoteref) refs/heads/master refs/remotes/master [11ms]
2023-12-11 19:36:51.552 [warning] ENOENT: no such file or directory, open '/home/cyd/.local/share/nvim/lazy/plenary.nvim/.git/refs/remotes/origin/master'
2023-12-11 19:36:51.557 [info] > git rev-parse refs/remotes/origin/main [31ms]
2023-12-11 19:36:51.561 [info] > git config --get commit.template [5ms]
2023-12-11 19:36:51.561 [info] > git rev-parse refs/remotes/origin/master [9ms]
2023-12-11 19:36:51.565 [info] > git rev-parse --show-toplevel [18ms]
2023-12-11 19:36:51.565 [info] > git config --get commit.template [23ms]
2023-12-11 19:36:51.567 [info] > git status -z -uall [7ms]
2023-12-11 19:36:51.583 [info] > git status -z -uall [18ms]
2023-12-11 19:36:51.583 [info] > git rev-parse --git-dir --git-common-dir [2ms]
2023-12-11 19:36:51.586 [info] Open repository: /home/cyd/.local/share/nvim/lazy/LuaSnip
2023-12-11 19:36:51.587 [info] > git for-each-ref --format=%(refname)%00%(upstream:short)%00%(objectname)%00%(upstream:track)%00%(upstream:remotename)%00%(upstream:remoteref) refs/heads/main refs/remotes/main [9ms]
2023-12-11 19:36:51.587 [info] > git for-each-ref --format=%(refname)%00%(upstream:short)%00%(objectname)%00%(upstream:track)%00%(upstream:remotename)%00%(upstream:remoteref) refs/heads/master refs/remotes/master [14ms]
2023-12-11 19:36:51.604 [warning] ENOENT: no such file or directory, open '/home/cyd/.local/share/nvim/lazy/neodev.nvim/.git/refs/remotes/origin/main'
2023-12-11 19:36:51.608 [warning] ENOENT: no such file or directory, open '/home/cyd/.local/share/nvim/lazy/vim-fugitive/.git/refs/remotes/origin/master'
2023-12-11 19:36:51.615 [info] > git config --get commit.template [3ms]
2023-12-11 19:36:51.615 [info] > git rev-parse refs/remotes/origin/master [7ms]
2023-12-11 19:36:51.625 [info] > git rev-parse refs/remotes/origin/main [21ms]
2023-12-11 19:36:51.630 [info] > git rev-parse --show-toplevel [30ms]
2023-12-11 19:36:51.630 [info] > git config --get commit.template [35ms]
2023-12-11 19:36:51.634 [info] > git status -z -uall [8ms]
2023-12-11 19:36:51.658 [info] > git status -z -uall [28ms]
2023-12-11 19:36:51.658 [info] > git config --get commit.template [6ms]
2023-12-11 19:36:51.658 [info] > git rev-parse --git-dir --git-common-dir [9ms]
2023-12-11 19:36:51.661 [info] Open repository: /home/cyd/.local/share/nvim/lazy/telescope.nvim
2023-12-11 19:36:51.662 [info] > git for-each-ref --format=%(refname)%00%(upstream:short)%00%(objectname)%00%(upstream:track)%00%(upstream:remotename)%00%(upstream:remoteref) refs/heads/master refs/remotes/master [17ms]
2023-12-11 19:36:51.662 [info] > git for-each-ref --format=%(refname)%00%(upstream:short)%00%(objectname)%00%(upstream:track)%00%(upstream:remotename)%00%(upstream:remoteref) refs/heads/master refs/remotes/master [20ms]
2023-12-11 19:36:51.678 [warning] ENOENT: no such file or directory, open '/home/cyd/.local/share/nvim/lazy/plenary.nvim/.git/refs/remotes/origin/master'
2023-12-11 19:36:51.682 [warning] ENOENT: no such file or directory, open '/home/cyd/.local/share/nvim/lazy/LuaSnip/.git/refs/remotes/origin/master'
2023-12-11 19:36:51.688 [info] > git rev-parse refs/remotes/origin/master [10ms]
2023-12-11 19:36:51.692 [info] > git rev-parse --show-toplevel [18ms]
2023-12-11 19:36:51.692 [info] > git config --get commit.template [23ms]
2023-12-11 19:36:51.695 [info] > git for-each-ref --format=%(refname)%00%(upstream:short)%00%(objectname)%00%(upstream:track)%00%(upstream:remotename)%00%(upstream:remoteref) refs/heads/master refs/remotes/master [7ms]
2023-12-11 19:36:51.695 [info] > git rev-parse refs/remotes/origin/master [13ms]
2023-12-11 19:36:51.720 [warning] ENOENT: no such file or directory, open '/home/cyd/.local/share/nvim/lazy/vim-fugitive/.git/refs/remotes/origin/master'
2023-12-11 19:36:51.720 [info] > git status -z -uall [28ms]
2023-12-11 19:36:51.720 [info] > git status -z -uall [16ms]
2023-12-11 19:36:51.722 [info] > git rev-parse refs/remotes/origin/master [2ms]
2023-12-11 19:36:51.726 [info] > git rev-parse --git-dir --git-common-dir [11ms]
2023-12-11 19:36:51.728 [info] Open repository: /home/cyd/.local/share/nvim/lazy/mason.nvim
2023-12-11 19:36:51.729 [info] > git for-each-ref --format %(refname) %(objectname) %(*objectname) refs/tags [18ms]
2023-12-11 19:36:51.755 [info] > git status -z -uall [29ms]
2023-12-11 19:36:51.755 [info] > git status -z -uall [21ms]
2023-12-11 19:36:51.758 [info] > git config --get commit.template [3ms]
2023-12-11 19:36:51.759 [info] > git rev-parse --show-toplevel [9ms]
2023-12-11 19:36:51.759 [info] > git config --get commit.template [14ms]
2023-12-11 19:36:51.782 [info] > git rev-parse --git-dir --git-common-dir [2ms]
2023-12-11 19:36:51.784 [info] Open repository: /home/cyd/.local/share/nvim/lazy/nvim-lspconfig
2023-12-11 19:36:51.785 [info] > git for-each-ref --format=%(refname)%00%(upstream:short)%00%(objectname)%00%(upstream:track)%00%(upstream:remotename)%00%(upstream:remoteref) refs/heads/master refs/remotes/master [9ms]
2023-12-11 19:36:51.785 [info] > git for-each-ref --format=%(refname)%00%(upstream:short)%00%(objectname)%00%(upstream:track)%00%(upstream:remotename)%00%(upstream:remoteref) refs/heads/main refs/remotes/main [14ms]
2023-12-11 19:36:51.785 [info] > git config --get commit.template [19ms]
2023-12-11 19:36:51.806 [warning] ENOENT: no such file or directory, open '/home/cyd/.local/share/nvim/lazy/LuaSnip/.git/refs/remotes/origin/master'
2023-12-11 19:36:51.809 [warning] ENOENT: no such file or directory, open '/home/cyd/.local/share/nvim/lazy/mason.nvim/.git/refs/remotes/origin/main'
2023-12-11 19:36:51.810 [info] > git rev-parse refs/remotes/origin/main [1ms]
2023-12-11 19:36:51.814 [info] > git rev-parse refs/remotes/origin/master [9ms]
2023-12-11 19:36:51.822 [info] > git rev-parse --show-toplevel [21ms]
2023-12-11 19:36:51.823 [info] > git config --get commit.template [26ms]
2023-12-11 19:36:51.823 [info] > git for-each-ref --format %(refname) %(objectname) %(*objectname) refs/tags [32ms]
2023-12-11 19:36:51.832 [info] > git status -z -uall [19ms]
2023-12-11 19:36:51.847 [info] > git status -z -uall [25ms]
2023-12-11 19:36:51.847 [info] > git status -z -uall [17ms]
2023-12-11 19:36:51.850 [info] > git config --get commit.template [3ms]
2023-12-11 19:36:51.850 [info] > git rev-parse --git-dir --git-common-dir [6ms]
2023-12-11 19:36:51.852 [info] Open repository: /home/cyd/.local/share/nvim/lazy/nvim-treesitter
2023-12-11 19:36:51.853 [info] > git for-each-ref --format=%(refname)%00%(upstream:short)%00%(objectname)%00%(upstream:track)%00%(upstream:remotename)%00%(upstream:remoteref) refs/heads/master refs/remotes/master [13ms]
2023-12-11 19:36:51.868 [warning] ENOENT: no such file or directory, open '/home/cyd/.local/share/nvim/lazy/nvim-lspconfig/.git/refs/remotes/origin/master'
2023-12-11 19:36:51.874 [info] > git rev-parse refs/remotes/origin/master [7ms]
2023-12-11 19:36:51.881 [info] > git config --get commit.template [22ms]
2023-12-11 19:36:51.884 [info] > git for-each-ref --format=%(refname)%00%(upstream:short)%00%(objectname)%00%(upstream:track)%00%(upstream:remotename)%00%(upstream:remoteref) refs/heads/main refs/remotes/main [10ms]
2023-12-11 19:36:51.892 [warning] ENOENT: no such file or directory, open '/home/cyd/.local/share/nvim/lazy/mason.nvim/.git/refs/remotes/origin/main'
2023-12-11 19:36:51.892 [info] > git status -z -uall [11ms]
2023-12-11 19:36:51.892 [info] > git for-each-ref --format=%(refname)%00%(upstream:short)%00%(objectname)%00%(upstream:track)%00%(upstream:remotename)%00%(upstream:remoteref) refs/heads/master refs/remotes/master [4ms]
2023-12-11 19:36:51.903 [warning] ENOENT: no such file or directory, open '/home/cyd/.local/share/nvim/lazy/nvim-treesitter/.git/refs/remotes/origin/master'
2023-12-11 19:36:51.909 [info] > git rev-parse refs/remotes/origin/main [17ms]
2023-12-11 19:36:51.916 [info] > git config --get commit.template [8ms]
2023-12-11 19:36:51.916 [info] > git rev-parse refs/remotes/origin/master [14ms]
2023-12-11 19:36:51.922 [info] > git status -z -uall [7ms]
2023-12-11 19:36:51.928 [info] > git for-each-ref --format=%(refname)%00%(upstream:short)%00%(objectname)%00%(upstream:track)%00%(upstream:remotename)%00%(upstream:remoteref) refs/heads/master refs/remotes/master [1ms]
2023-12-11 19:36:51.935 [warning] ENOENT: no such file or directory, open '/home/cyd/.local/share/nvim/lazy/nvim-lspconfig/.git/refs/remotes/origin/master'
2023-12-11 19:36:51.936 [info] > git rev-parse refs/remotes/origin/master [1ms]
2023-12-11 19:36:51.951 [info] > git status -z -uall [30ms]
2023-12-11 19:36:51.951 [info] > git status -z -uall [6ms]
2023-12-11 19:36:51.951 [info] > git check-ignore -v -z --stdin [0ms]
2023-12-11 19:36:51.961 [info] > git config --get commit.template [1ms]
2023-12-11 19:36:51.967 [info] > git for-each-ref --format=%(refname)%00%(upstream:short)%00%(objectname)%00%(upstream:track)%00%(upstream:remotename)%00%(upstream:remoteref) refs/heads/master refs/remotes/master [1ms]
2023-12-11 19:36:51.971 [warning] ENOENT: no such file or directory, open '/home/cyd/.local/share/nvim/lazy/nvim-treesitter/.git/refs/remotes/origin/master'
2023-12-11 19:36:51.972 [info] > git rev-parse refs/remotes/origin/master [1ms]
2023-12-11 19:36:51.995 [info] > git status -z -uall [18ms]
2023-12-11 19:36:52.368 [info] > git rev-parse --show-toplevel [1ms]
2023-12-11 19:36:52.376 [info] > git rev-parse --git-dir --git-common-dir [1ms]
2023-12-11 19:36:52.378 [info] Open repository: /home/cyd/.local/share/nvim/lazy/LuaSnip/deps/jsregexp
2023-12-11 19:36:52.392 [info] > git rev-parse --show-toplevel [1ms]
2023-12-11 19:36:52.392 [info] > git config --get commit.template [7ms]
2023-12-11 19:36:52.406 [info] > git for-each-ref --format %(refname) %(objectname) %(*objectname) refs/tags [7ms]
2023-12-11 19:36:52.414 [info] > git rev-parse --git-dir --git-common-dir [9ms]
2023-12-11 19:36:52.417 [info] Open repository: /home/cyd/.local/share/nvim/lazy/LuaSnip/deps/jsregexp005
2023-12-11 19:36:52.422 [info] > git status -z -uall [8ms]
2023-12-11 19:36:52.431 [info] > git config --get commit.template [9ms]
2023-12-11 19:36:52.433 [info] > git config --get commit.template [2ms]
2023-12-11 19:36:52.451 [info] > git for-each-ref --format %(refname) %(objectname) %(*objectname) refs/tags [12ms]
2023-12-11 19:36:52.462 [info] > git for-each-ref --format %(refname) %(objectname) %(*objectname) refs/tags [12ms]
2023-12-11 19:36:52.468 [info] > git status -z -uall [7ms]
2023-12-11 19:36:52.475 [info] > git status -z -uall [7ms]
2023-12-11 19:36:52.477 [info] > git config --get commit.template [2ms]
2023-12-11 19:36:52.485 [info] > git for-each-ref --format %(refname) %(objectname) %(*objectname) refs/tags [1ms]
2023-12-11 19:36:52.498 [info] > git status -z -uall [3ms]
2023-12-11 19:36:52.902 [info] > git check-ignore -v -z --stdin [1ms]
2023-12-11 19:38:03.115 [warning] Failed to get repository realpath for: "/home/cyd/.local/share/nvim/tree-sitter-go-tmp/tree-sitter-go-ff86c7f1734873c8c4874ca4dd95603695686d7a/". Error: ENOENT: no such file or directory, realpath '/home/cyd/.local/share/nvim/tree-sitter-go-tmp/tree-sitter-go-ff86c7f1734873c8c4874ca4dd95603695686d7a/'
2023-12-11 19:38:03.126 [warning] Failed to get repository realpath for: "/home/cyd/.local/share/nvim/tree-sitter-typescript-tmp/tree-sitter-typescript-d847898fec3fe596798c9fda55cb8c05a799001a/". Error: ENOENT: no such file or directory, realpath '/home/cyd/.local/share/nvim/tree-sitter-typescript-tmp/tree-sitter-typescript-d847898fec3fe596798c9fda55cb8c05a799001a/'
2023-12-11 19:38:03.139 [warning] Failed to get repository realpath for: "/home/cyd/.local/share/nvim/tree-sitter-vim-tmp/tree-sitter-vim-32c76f150347c1cd044e90b8e2bc73c00677fa55/". Error: ENOENT: no such file or directory, realpath '/home/cyd/.local/share/nvim/tree-sitter-vim-tmp/tree-sitter-vim-32c76f150347c1cd044e90b8e2bc73c00677fa55/'
2023-12-11 19:38:04.867 [warning] Failed to get repository realpath for: "/home/cyd/.local/share/nvim/tree-sitter-go/". Error: ENOENT: no such file or directory, realpath '/home/cyd/.local/share/nvim/tree-sitter-go/'
2023-12-11 19:53:21.679 [info] > git config --get commit.template [6ms]
2023-12-11 19:53:21.680 [info] > git config --get commit.template [14ms]
2023-12-11 19:53:21.680 [info] > git config --get commit.template [23ms]
2023-12-11 19:53:21.680 [info] > git config --get commit.template [30ms]
2023-12-11 19:53:21.680 [info] > git config --get commit.template [37ms]
2023-12-11 19:53:21.680 [info] > git config --get commit.template [2ms]
2023-12-11 19:53:21.712 [info] > git for-each-ref --format=%(refname)%00%(upstream:short)%00%(objectname)%00%(upstream:track)%00%(upstream:remotename)%00%(upstream:remoteref) refs/heads/master refs/remotes/master [8ms]
2023-12-11 19:53:21.712 [info] > git for-each-ref --format=%(refname)%00%(upstream:short)%00%(objectname)%00%(upstream:track)%00%(upstream:remotename)%00%(upstream:remoteref) refs/heads/master refs/remotes/master [17ms]
2023-12-11 19:53:21.713 [info] > git for-each-ref --format=%(refname)%00%(upstream:short)%00%(objectname)%00%(upstream:track)%00%(upstream:remotename)%00%(upstream:remoteref) refs/heads/master refs/remotes/master [21ms]
2023-12-11 19:53:21.713 [info] > git for-each-ref --format=%(refname)%00%(upstream:short)%00%(objectname)%00%(upstream:track)%00%(upstream:remotename)%00%(upstream:remoteref) refs/heads/main refs/remotes/main [25ms]
2023-12-11 19:53:21.713 [info] > git for-each-ref --format=%(refname)%00%(upstream:short)%00%(objectname)%00%(upstream:track)%00%(upstream:remotename)%00%(upstream:remoteref) refs/heads/master refs/remotes/master [29ms]
2023-12-11 19:53:21.718 [warning] ENOENT: no such file or directory, open '/home/cyd/.local/share/nvim/lazy/lualine.nvim/.git/refs/remotes/origin/master'
2023-12-11 19:53:21.723 [warning] ENOENT: no such file or directory, open '/home/cyd/.local/share/nvim/lazy/Comment.nvim/.git/refs/remotes/origin/master'
2023-12-11 19:53:21.727 [warning] ENOENT: no such file or directory, open '/home/cyd/.local/share/nvim/lazy/nvim-treesitter/.git/refs/remotes/origin/master'
2023-12-11 19:53:21.731 [warning] ENOENT: no such file or directory, open '/home/cyd/.local/share/nvim/lazy/telescope-fzf-native.nvim/.git/refs/remotes/origin/main'
2023-12-11 19:53:21.735 [warning] ENOENT: no such file or directory, open '/home/cyd/.config/nvim/.git/refs/remotes/origin/master'
2023-12-11 19:53:21.735 [info] > git for-each-ref --format=%(refname)%00%(upstream:short)%00%(objectname)%00%(upstream:track)%00%(upstream:remotename)%00%(upstream:remoteref) refs/heads/master refs/remotes/master [24ms]
2023-12-11 19:53:21.739 [warning] ENOENT: no such file or directory, open '/home/cyd/.local/share/nvim/lazy/onedark.nvim/.git/refs/remotes/origin/master'
2023-12-11 19:53:21.741 [info] > git rev-parse refs/remotes/origin/master [6ms]
2023-12-11 19:53:21.754 [info] > git rev-parse refs/remotes/origin/main [23ms]
2023-12-11 19:53:21.761 [info] > git rev-parse refs/remotes/origin/master [34ms]
2023-12-11 19:53:21.767 [info] > git rev-parse refs/remotes/origin/master [44ms]
2023-12-11 19:53:21.774 [info] > git rev-parse refs/remotes/origin/master [56ms]
2023-12-11 19:53:21.780 [info] > git status -z -uall [27ms]
2023-12-11 19:53:21.780 [info] > git status -z -uall [19ms]
2023-12-11 19:53:21.780 [info] > git status -z -uall [6ms]
2023-12-11 19:53:21.784 [info] > git rev-parse refs/remotes/origin/master [45ms]
2023-12-11 19:53:21.788 [info] > git status -z -uall [21ms]
2023-12-11 19:53:21.788 [info] > git status -z -uall [9ms]
2023-12-11 19:53:21.791 [info] > git status -z -uall [3ms]
2023-12-11 19:53:26.820 [info] > git config --get commit.template [20ms]
2023-12-11 19:53:26.820 [info] > git config --get commit.template [25ms]
2023-12-11 19:53:26.821 [info] > git config --get commit.template [1ms]
2023-12-11 19:53:26.821 [info] > git config --get commit.template [6ms]
2023-12-11 19:53:26.822 [info] > git config --get commit.template [11ms]
2023-12-11 19:53:26.845 [info] > git for-each-ref --format=%(refname)%00%(upstream:short)%00%(objectname)%00%(upstream:track)%00%(upstream:remotename)%00%(upstream:remoteref) refs/heads/master refs/remotes/master [19ms]
2023-12-11 19:53:26.850 [warning] ENOENT: no such file or directory, open '/home/cyd/.local/share/nvim/lazy/Comment.nvim/.git/refs/remotes/origin/master'
2023-12-11 19:53:26.850 [info] > git for-each-ref --format=%(refname)%00%(upstream:short)%00%(objectname)%00%(upstream:track)%00%(upstream:remotename)%00%(upstream:remoteref) refs/heads/master refs/remotes/master [11ms]
2023-12-11 19:53:26.850 [info] > git for-each-ref --format=%(refname)%00%(upstream:short)%00%(objectname)%00%(upstream:track)%00%(upstream:remotename)%00%(upstream:remoteref) refs/heads/master refs/remotes/master [17ms]
2023-12-11 19:53:26.850 [info] > git for-each-ref --format=%(refname)%00%(upstream:short)%00%(objectname)%00%(upstream:track)%00%(upstream:remotename)%00%(upstream:remoteref) refs/heads/master refs/remotes/master [20ms]
2023-12-11 19:53:26.855 [warning] ENOENT: no such file or directory, open '/home/cyd/.local/share/nvim/lazy/lualine.nvim/.git/refs/remotes/origin/master'
2023-12-11 19:53:26.859 [warning] ENOENT: no such file or directory, open '/home/cyd/.local/share/nvim/lazy/nvim-treesitter/.git/refs/remotes/origin/master'
2023-12-11 19:53:26.862 [warning] ENOENT: no such file or directory, open '/home/cyd/.config/nvim/.git/refs/remotes/origin/master'
2023-12-11 19:53:26.863 [info] > git rev-parse refs/remotes/origin/master [12ms]
2023-12-11 19:53:26.866 [info] > git for-each-ref --format=%(refname)%00%(upstream:short)%00%(objectname)%00%(upstream:track)%00%(upstream:remotename)%00%(upstream:remoteref) refs/heads/master refs/remotes/master [21ms]
2023-12-11 19:53:26.871 [warning] ENOENT: no such file or directory, open '/home/cyd/.local/share/nvim/lazy/onedark.nvim/.git/refs/remotes/origin/master'
2023-12-11 19:53:26.871 [info] > git status -z -uall [5ms]
2023-12-11 19:53:26.871 [info] > git rev-parse refs/remotes/origin/master [9ms]
2023-12-11 19:53:26.879 [info] > git rev-parse refs/remotes/origin/master [20ms]
2023-12-11 19:53:26.884 [info] > git rev-parse refs/remotes/origin/master [29ms]
2023-12-11 19:53:26.889 [info] > git status -z -uall [10ms]
2023-12-11 19:53:26.891 [info] > git rev-parse refs/remotes/origin/master [20ms]
2023-12-11 19:53:26.897 [info] > git status -z -uall [8ms]
2023-12-11 19:53:26.897 [info] > git status -z -uall [2ms]
2023-12-11 19:53:26.900 [info] > git status -z -uall [16ms]
2023-12-11 19:53:37.188 [info] > git rev-parse --show-toplevel [1ms]
2023-12-11 19:53:37.188 [info] fatal: not a git repository (or any parent up to mount point /)
Stopping at filesystem boundary (GIT_DISCOVERY_ACROSS_FILESYSTEM not set).
2023-12-11 20:27:45.153 [info] > git config --get commit.template [6ms]
2023-12-11 20:27:45.153 [info] > git config --get commit.template [14ms]
2023-12-11 20:27:45.153 [info] > git config --get commit.template [24ms]
2023-12-11 20:27:45.153 [info] > git config --get commit.template [1ms]
2023-12-11 20:27:45.169 [info] > git for-each-ref --format=%(refname)%00%(upstream:short)%00%(objectname)%00%(upstream:track)%00%(upstream:remotename)%00%(upstream:remoteref) refs/heads/master refs/remotes/master [4ms]
2023-12-11 20:27:45.169 [info] > git for-each-ref --format=%(refname)%00%(upstream:short)%00%(objectname)%00%(upstream:track)%00%(upstream:remotename)%00%(upstream:remoteref) refs/heads/master refs/remotes/master [7ms]
2023-12-11 20:27:45.170 [info] > git for-each-ref --format=%(refname)%00%(upstream:short)%00%(objectname)%00%(upstream:track)%00%(upstream:remotename)%00%(upstream:remoteref) refs/heads/master refs/remotes/master [12ms]
2023-12-11 20:27:45.177 [warning] ENOENT: no such file or directory, open '/home/cyd/.local/share/nvim/lazy/lualine.nvim/.git/refs/remotes/origin/master'
2023-12-11 20:27:45.184 [warning] ENOENT: no such file or directory, open '/home/cyd/.local/share/nvim/lazy/Comment.nvim/.git/refs/remotes/origin/master'
2023-12-11 20:27:45.191 [warning] ENOENT: no such file or directory, open '/home/cyd/.config/nvim/.git/refs/remotes/origin/master'
2023-12-11 20:27:45.191 [info] > git for-each-ref --format=%(refname)%00%(upstream:short)%00%(objectname)%00%(upstream:track)%00%(upstream:remotename)%00%(upstream:remoteref) refs/heads/master refs/remotes/master [22ms]
2023-12-11 20:27:45.198 [warning] ENOENT: no such file or directory, open '/home/cyd/.local/share/nvim/lazy/onedark.nvim/.git/refs/remotes/origin/master'
2023-12-11 20:27:45.198 [info] > git rev-parse refs/remotes/origin/master [15ms]
2023-12-11 20:27:45.204 [info] > git rev-parse refs/remotes/origin/master [27ms]
2023-12-11 20:27:45.208 [info] > git rev-parse refs/remotes/origin/master [17ms]
2023-12-11 20:27:45.212 [info] > git status -z -uall [9ms]
2023-12-11 20:27:45.212 [info] > git status -z -uall [4ms]
2023-12-11 20:27:45.213 [info] > git rev-parse refs/remotes/origin/master [15ms]
2023-12-11 20:27:45.222 [info] > git status -z -uall [10ms]
2023-12-11 20:27:45.226 [info] > git status -z -uall [5ms]
2023-12-11 20:27:50.226 [info] > git config --get commit.template [2ms]
2023-12-11 20:27:50.244 [info] > git for-each-ref --format=%(refname)%00%(upstream:short)%00%(objectname)%00%(upstream:track)%00%(upstream:remotename)%00%(upstream:remoteref) refs/heads/master refs/remotes/master [8ms]
2023-12-11 20:27:50.244 [info] > git config --get commit.template [12ms]
2023-12-11 20:27:50.256 [warning] ENOENT: no such file or directory, open '/home/cyd/.local/share/nvim/lazy/Comment.nvim/.git/refs/remotes/origin/master'
2023-12-11 20:27:50.257 [info] > git config --get commit.template [14ms]
2023-12-11 20:27:50.257 [info] > git config --get commit.template [17ms]
2023-12-11 20:27:50.262 [info] > git rev-parse refs/remotes/origin/master [5ms]
2023-12-11 20:27:50.266 [info] > git for-each-ref --format=%(refname)%00%(upstream:short)%00%(objectname)%00%(upstream:track)%00%(upstream:remotename)%00%(upstream:remoteref) refs/heads/master refs/remotes/master [15ms]
2023-12-11 20:27:50.273 [warning] ENOENT: no such file or directory, open '/home/cyd/.config/nvim/.git/refs/remotes/origin/master'
2023-12-11 20:27:50.273 [info] > git status -z -uall [7ms]
2023-12-11 20:27:50.273 [info] > git for-each-ref --format=%(refname)%00%(upstream:short)%00%(objectname)%00%(upstream:track)%00%(upstream:remotename)%00%(upstream:remoteref) refs/heads/master refs/remotes/master [12ms]
2023-12-11 20:27:50.276 [warning] ENOENT: no such file or directory, open '/home/cyd/.local/share/nvim/lazy/lualine.nvim/.git/refs/remotes/origin/master'
2023-12-11 20:27:50.277 [info] > git rev-parse refs/remotes/origin/master [4ms]
2023-12-11 20:27:50.281 [info] > git for-each-ref --format=%(refname)%00%(upstream:short)%00%(objectname)%00%(upstream:track)%00%(upstream:remotename)%00%(upstream:remoteref) refs/heads/master refs/remotes/master [11ms]
2023-12-11 20:27:50.290 [warning] ENOENT: no such file or directory, open '/home/cyd/.local/share/nvim/lazy/onedark.nvim/.git/refs/remotes/origin/master'
2023-12-11 20:27:50.290 [info] > git status -z -uall [9ms]
2023-12-11 20:27:50.291 [info] > git rev-parse refs/remotes/origin/master [15ms]
2023-12-11 20:27:50.297 [info] > git rev-parse refs/remotes/origin/master [7ms]
2023-12-11 20:27:50.303 [info] > git status -z -uall [6ms]
2023-12-11 20:27:50.304 [info] > git status -z -uall [2ms]
2023-12-11 20:27:56.885 [info] > git check-ignore -v -z --stdin [1ms]
2023-12-11 20:27:58.953 [info] > git show --textconv :init.lua [6ms]
2023-12-11 20:27:58.954 [info] > git ls-files --stage -- /home/cyd/.config/nvim/init.lua [1ms]
2023-12-11 20:27:58.960 [info] > git cat-file -s 9f6ae019d70a27529a765e270acaac3660ec6c42 [0ms]
2023-12-11 20:30:13.205 [info] > git config --get commit.template [6ms]
2023-12-11 20:30:13.206 [info] > git for-each-ref --format=%(refname)%00%(upstream:short)%00%(objectname)%00%(upstream:track)%00%(upstream:remotename)%00%(upstream:remoteref) refs/heads/master refs/remotes/master [1ms]
2023-12-11 20:30:13.212 [warning] ENOENT: no such file or directory, open '/home/cyd/.config/nvim/.git/refs/remotes/origin/master'
2023-12-11 20:30:13.213 [info] > git rev-parse refs/remotes/origin/master [1ms]
2023-12-11 20:30:13.221 [info] > git status -z -uall [1ms]
2023-12-11 20:31:14.877 [info] > git config --get commit.template [5ms]
2023-12-11 20:31:14.878 [info] > git for-each-ref --format=%(refname)%00%(upstream:short)%00%(objectname)%00%(upstream:track)%00%(upstream:remotename)%00%(upstream:remoteref) refs/heads/master refs/remotes/master [1ms]
2023-12-11 20:31:14.881 [warning] ENOENT: no such file or directory, open '/home/cyd/.config/nvim/.git/refs/remotes/origin/master'
2023-12-11 20:31:14.882 [info] > git rev-parse refs/remotes/origin/master [1ms]
2023-12-11 20:31:14.886 [info] > git status -z -uall [1ms]
2023-12-11 20:32:16.604 [info] > git config --get commit.template [5ms]
2023-12-11 20:32:16.605 [info] > git for-each-ref --format=%(refname)%00%(upstream:short)%00%(objectname)%00%(upstream:track)%00%(upstream:remotename)%00%(upstream:remoteref) refs/heads/master refs/remotes/master [1ms]
2023-12-11 20:32:16.609 [warning] ENOENT: no such file or directory, open '/home/cyd/.config/nvim/.git/refs/remotes/origin/master'
2023-12-11 20:32:16.610 [info] > git rev-parse refs/remotes/origin/master [1ms]
2023-12-11 20:32:16.615 [info] > git status -z -uall [1ms]
2023-12-11 20:32:44.335 [info] > git rev-parse --show-toplevel [1ms]
2023-12-11 20:32:44.335 [info] fatal: not a git repository (or any parent up to mount point /)
Stopping at filesystem boundary (GIT_DISCOVERY_ACROSS_FILESYSTEM not set).
2023-12-11 20:33:27.690 [info] > git rev-parse --show-toplevel [5ms]
2023-12-11 20:33:27.690 [info] fatal: not a git repository (or any parent up to mount point /)
Stopping at filesystem boundary (GIT_DISCOVERY_ACROSS_FILESYSTEM not set).
2023-12-11 20:33:27.695 [warning] Failed to get repository realpath for: "/keep/configs". Error: ENOENT: no such file or directory, realpath '/keep/configs'
2023-12-11 20:33:33.706 [info] > git rev-parse --show-toplevel [1ms]
2023-12-11 20:33:33.706 [info] fatal: not a git repository (or any parent up to mount point /)
Stopping at filesystem boundary (GIT_DISCOVERY_ACROSS_FILESYSTEM not set).
2023-12-11 20:33:33.706 [warning] Failed to get repository realpath for: "/keep/configs". Error: ENOENT: no such file or directory, realpath '/keep/configs'
2023-12-11 20:33:40.046 [info] > git rev-parse --show-toplevel [4ms]
2023-12-11 20:33:40.046 [info] fatal: not a git repository (or any parent up to mount point /)
Stopping at filesystem boundary (GIT_DISCOVERY_ACROSS_FILESYSTEM not set).
2023-12-11 20:33:40.051 [warning] Failed to get repository realpath for: "/keep/configs". Error: ENOENT: no such file or directory, realpath '/keep/configs'
2023-12-11 20:33:55.344 [info] > git show --textconv :init.lua [5ms]
2023-12-11 20:33:55.345 [info] > git ls-files --stage -- /home/cyd/.config/nvim/init.lua [1ms]
2023-12-11 20:33:55.349 [info] > git cat-file -s 9f6ae019d70a27529a765e270acaac3660ec6c42 [1ms]
2023-12-11 20:34:55.376 [info] > git config --get commit.template [9ms]
2023-12-11 20:34:55.376 [info] > git for-each-ref --format=%(refname)%00%(upstream:short)%00%(objectname)%00%(upstream:track)%00%(upstream:remotename)%00%(upstream:remoteref) refs/heads/master refs/remotes/master [1ms]
2023-12-11 20:34:55.381 [warning] ENOENT: no such file or directory, open '/home/cyd/.config/nvim/.git/refs/remotes/origin/master'
2023-12-11 20:34:55.382 [info] > git rev-parse refs/remotes/origin/master [1ms]
2023-12-11 20:34:55.388 [info] > git status -z -uall [1ms]
2023-12-11 20:35:28.733 [info] > git rev-parse --show-toplevel [1ms]
2023-12-11 20:35:28.733 [info] fatal: not a git repository (or any parent up to mount point /)
Stopping at filesystem boundary (GIT_DISCOVERY_ACROSS_FILESYSTEM not set).
2023-12-11 20:35:28.734 [warning] Failed to get repository realpath for: "/keep/configs". Error: ENOENT: no such file or directory, realpath '/keep/configs'
2023-12-11 20:36:46.914 [info] > git config --get commit.template [5ms]
2023-12-11 20:36:46.914 [info] > git for-each-ref --format=%(refname)%00%(upstream:short)%00%(objectname)%00%(upstream:track)%00%(upstream:remotename)%00%(upstream:remoteref) refs/heads/master refs/remotes/master [1ms]
2023-12-11 20:36:46.918 [warning] ENOENT: no such file or directory, open '/home/cyd/.config/nvim/.git/refs/remotes/origin/master'
2023-12-11 20:36:46.918 [info] > git rev-parse refs/remotes/origin/master [0ms]
2023-12-11 20:36:46.927 [info] > git status -z -uall [1ms]
2023-12-11 20:36:48.258 [info] > git rev-parse --show-toplevel [1ms]
2023-12-11 20:36:48.258 [info] fatal: not a git repository (or any parent up to mount point /)
Stopping at filesystem boundary (GIT_DISCOVERY_ACROSS_FILESYSTEM not set).
2023-12-11 21:03:13.798 [info] > git rev-parse --show-toplevel [1ms]
2023-12-11 21:03:13.798 [info] fatal: not a git repository (or any parent up to mount point /)
Stopping at filesystem boundary (GIT_DISCOVERY_ACROSS_FILESYSTEM not set).
2023-12-11 21:03:32.457 [info] > git rev-parse --show-toplevel [2ms]
2023-12-11 21:03:32.458 [info] fatal: not a git repository (or any parent up to mount point /)
Stopping at filesystem boundary (GIT_DISCOVERY_ACROSS_FILESYSTEM not set).
2023-12-11 21:12:14.613 [info] > git config --get commit.template [9ms]
2023-12-11 21:12:14.614 [info] > git config --get commit.template [2ms]
2023-12-11 21:12:14.627 [info] > git for-each-ref --format=%(refname)%00%(upstream:short)%00%(objectname)%00%(upstream:track)%00%(upstream:remotename)%00%(upstream:remoteref) refs/heads/master refs/remotes/master [6ms]
2023-12-11 21:12:14.636 [warning] ENOENT: no such file or directory, open '/home/cyd/.config/nvim/.git/refs/remotes/origin/master'
2023-12-11 21:12:14.636 [info] > git for-each-ref --format=%(refname)%00%(upstream:short)%00%(objectname)%00%(upstream:track)%00%(upstream:remotename)%00%(upstream:remoteref) refs/heads/master refs/remotes/master [10ms]
2023-12-11 21:12:14.644 [warning] ENOENT: no such file or directory, open '/home/cyd/.local/share/nvim/lazy/nvim-treesitter/.git/refs/remotes/origin/master'
2023-12-11 21:12:14.644 [info] > git rev-parse refs/remotes/origin/master [9ms]
2023-12-11 21:12:14.651 [info] > git rev-parse refs/remotes/origin/master [6ms]
2023-12-11 21:12:14.659 [info] > git status -z -uall [9ms]
2023-12-11 21:12:14.677 [info] > git status -z -uall [18ms]
2023-12-11 21:12:19.678 [info] > git config --get commit.template [6ms]
2023-12-11 21:12:19.678 [info] > git for-each-ref --format=%(refname)%00%(upstream:short)%00%(objectname)%00%(upstream:track)%00%(upstream:remotename)%00%(upstream:remoteref) refs/heads/master refs/remotes/master [1ms]
2023-12-11 21:12:19.683 [warning] ENOENT: no such file or directory, open '/home/cyd/.config/nvim/.git/refs/remotes/origin/master'
2023-12-11 21:12:19.684 [info] > git rev-parse refs/remotes/origin/master [1ms]
2023-12-11 21:12:19.689 [info] > git status -z -uall [1ms]
