2023-12-11 19:09:20.255 [info] Deleted uninstalled extension from disk rust-lang.rust-analyzer /home/cyd/.vscode-oss/extensions/rust-lang.rust-analyzer-0.3.1756-linux-x64
2023-12-11 20:33:23.369 [info] Getting Manifest... sumneko.lua
2023-12-11 20:33:23.442 [info] Installing extension: sumneko.lua
2023-12-11 20:33:26.399 [info] Extension signature verification is not done: sumneko.lua
2023-12-11 20:33:27.565 [info] Extracted extension to file:///home/cyd/.vscode-oss/extensions/sumneko.lua-3.7.3-linux-x64: sumneko.lua
2023-12-11 20:33:27.570 [info] Renamed to /home/cyd/.vscode-oss/extensions/sumneko.lua-3.7.3-linux-x64
2023-12-11 20:33:27.576 [info] Extracting extension completed. sumneko.lua
2023-12-11 20:33:27.589 [info] Extension installed successfully: sumneko.lua
2023-12-11 20:33:27.663 [error] [uncaught exception in sharedProcess]: Error: ENOENT: no such file or directory, stat '/home/cyd/.vscode-oss/extensions/extensions.json.vsctmp': EntryNotFound (FileSystemError): Error: ENOENT: no such file or directory, stat '/home/cyd/.vscode-oss/extensions/extensions.json.vsctmp'
    at r.create (/usr/lib/code/out/vs/code/node/sharedProcess/sharedProcessMain.js:51:30056)
    at a (/usr/lib/code/out/vs/code/node/sharedProcess/sharedProcessMain.js:51:30170)
    at s.fb (/usr/lib/code/out/vs/code/node/sharedProcess/sharedProcessMain.js:56:36175)
    at s.stat (/usr/lib/code/out/vs/code/node/sharedProcess/sharedProcessMain.js:56:28621)
    at async E.stat (/usr/lib/code/out/vs/code/node/sharedProcess/sharedProcessMain.js:56:15732)
    at async Y.tb (/usr/lib/code/out/vs/code/node/sharedProcess/sharedProcessMain.js:100:111319)
2023-12-11 20:33:31.161 [info] Getting Manifest... actboy168.lua-debug
2023-12-11 20:33:31.222 [info] Installing extension: actboy168.lua-debug
2023-12-11 20:33:33.450 [info] Extension signature verification is not done: actboy168.lua-debug
2023-12-11 20:33:33.621 [info] Extracted extension to file:///home/cyd/.vscode-oss/extensions/actboy168.lua-debug-2.0.4-linux-x64: actboy168.lua-debug
2023-12-11 20:33:33.624 [info] Renamed to /home/cyd/.vscode-oss/extensions/actboy168.lua-debug-2.0.4-linux-x64
2023-12-11 20:33:33.626 [info] Extracting extension completed. actboy168.lua-debug
2023-12-11 20:33:33.635 [error] [uncaught exception in sharedProcess]: Error: ENOENT: no such file or directory, stat '/home/cyd/.vscode-oss/extensions/extensions.json.vsctmp': EntryNotFound (FileSystemError): Error: ENOENT: no such file or directory, stat '/home/cyd/.vscode-oss/extensions/extensions.json.vsctmp'
    at r.create (/usr/lib/code/out/vs/code/node/sharedProcess/sharedProcessMain.js:51:30056)
    at a (/usr/lib/code/out/vs/code/node/sharedProcess/sharedProcessMain.js:51:30170)
    at s.fb (/usr/lib/code/out/vs/code/node/sharedProcess/sharedProcessMain.js:56:36175)
    at s.stat (/usr/lib/code/out/vs/code/node/sharedProcess/sharedProcessMain.js:56:28621)
    at async E.stat (/usr/lib/code/out/vs/code/node/sharedProcess/sharedProcessMain.js:56:15732)
    at async Y.tb (/usr/lib/code/out/vs/code/node/sharedProcess/sharedProcessMain.js:100:111319)
2023-12-11 20:33:33.636 [info] Extension installed successfully: actboy168.lua-debug
2023-12-11 20:33:38.545 [info] Getting Manifest... koihik.vscode-lua-format
2023-12-11 20:33:38.620 [info] Installing extension: koihik.vscode-lua-format
2023-12-11 20:33:39.902 [info] Extension signature verification is not done: koihik.vscode-lua-format
2023-12-11 20:33:39.954 [info] Extracted extension to file:///home/cyd/.vscode-oss/extensions/koihik.vscode-lua-format-1.3.8-universal: koihik.vscode-lua-format
2023-12-11 20:33:39.957 [info] Renamed to /home/cyd/.vscode-oss/extensions/koihik.vscode-lua-format-1.3.8-universal
2023-12-11 20:33:39.958 [info] Extracting extension completed. koihik.vscode-lua-format
2023-12-11 20:33:39.965 [info] Extension installed successfully: koihik.vscode-lua-format
2023-12-11 20:33:40.038 [error] [uncaught exception in sharedProcess]: Error: ENOENT: no such file or directory, stat '/home/cyd/.vscode-oss/extensions/extensions.json.vsctmp': EntryNotFound (FileSystemError): Error: ENOENT: no such file or directory, stat '/home/cyd/.vscode-oss/extensions/extensions.json.vsctmp'
    at r.create (/usr/lib/code/out/vs/code/node/sharedProcess/sharedProcessMain.js:51:30056)
    at a (/usr/lib/code/out/vs/code/node/sharedProcess/sharedProcessMain.js:51:30170)
    at s.fb (/usr/lib/code/out/vs/code/node/sharedProcess/sharedProcessMain.js:56:36175)
    at s.stat (/usr/lib/code/out/vs/code/node/sharedProcess/sharedProcessMain.js:56:28621)
    at async E.stat (/usr/lib/code/out/vs/code/node/sharedProcess/sharedProcessMain.js:56:15732)
    at async Y.tb (/usr/lib/code/out/vs/code/node/sharedProcess/sharedProcessMain.js:100:111319)
