2023-12-10 03:51:19.686 [info] Started initializing default profile extensions in extensions installation folder. file:///home/cyd/.vscode-oss/extensions
2023-12-10 03:51:19.824 [warning] Failed to create default profile extensions manifest in extensions installation folder. file:///home/cyd/.vscode-oss/extensions Unable to create file 'vscode-userdata:/home/cyd/.vscode-oss/extensions/extensions.json' that already exists when overwrite flag is not set
2023-12-10 03:51:19.824 [info] Completed initializing default profile extensions in extensions installation folder. file:///home/cyd/.vscode-oss/extensions
2023-12-10 03:52:43.997 [info] Getting Manifest... rust-lang.rust
2023-12-10 03:52:44.060 [info] Installing extension: rust-lang.rust
2023-12-10 03:52:44.731 [info] Extension signature verification is not done: rust-lang.rust
2023-12-10 03:52:44.808 [info] Extracted extension to file:///home/cyd/.vscode-oss/extensions/rust-lang.rust-0.7.8-universal: rust-lang.rust
2023-12-10 03:52:44.812 [info] Renamed to /home/cyd/.vscode-oss/extensions/rust-lang.rust-0.7.8-universal
2023-12-10 03:52:44.814 [info] Extracting extension completed. rust-lang.rust
2023-12-10 03:52:44.825 [info] Extension installed successfully: rust-lang.rust
2023-12-10 03:52:44.900 [error] [uncaught exception in sharedProcess]: Error: ENOENT: no such file or directory, stat '/home/cyd/.vscode-oss/extensions/extensions.json.vsctmp': EntryNotFound (FileSystemError): Error: ENOENT: no such file or directory, stat '/home/cyd/.vscode-oss/extensions/extensions.json.vsctmp'
    at r.create (/usr/lib/code/out/vs/code/node/sharedProcess/sharedProcessMain.js:51:30056)
    at a (/usr/lib/code/out/vs/code/node/sharedProcess/sharedProcessMain.js:51:30170)
    at s.fb (/usr/lib/code/out/vs/code/node/sharedProcess/sharedProcessMain.js:56:36175)
    at s.stat (/usr/lib/code/out/vs/code/node/sharedProcess/sharedProcessMain.js:56:28621)
    at async E.stat (/usr/lib/code/out/vs/code/node/sharedProcess/sharedProcessMain.js:56:15732)
    at async Y.tb (/usr/lib/code/out/vs/code/node/sharedProcess/sharedProcessMain.js:100:111319)
2023-12-10 03:52:52.828 [info] Getting Manifest... rust-lang.rust-analyzer
2023-12-10 03:52:52.895 [info] Installing extension: rust-lang.rust-analyzer
2023-12-10 03:53:04.035 [info] Extension signature verification is not done: rust-lang.rust-analyzer
2023-12-10 03:53:04.380 [info] Extracted extension to file:///home/cyd/.vscode-oss/extensions/rust-lang.rust-analyzer-0.3.1756-linux-x64: rust-lang.rust-analyzer
2023-12-10 03:53:04.385 [info] Renamed to /home/cyd/.vscode-oss/extensions/rust-lang.rust-analyzer-0.3.1756-linux-x64
2023-12-10 03:53:04.391 [info] Extracting extension completed. rust-lang.rust-analyzer
2023-12-10 03:53:04.403 [info] Extension installed successfully: rust-lang.rust-analyzer
2023-12-10 03:53:04.474 [error] [uncaught exception in sharedProcess]: Error: ENOENT: no such file or directory, stat '/home/cyd/.vscode-oss/extensions/extensions.json.vsctmp': EntryNotFound (FileSystemError): Error: ENOENT: no such file or directory, stat '/home/cyd/.vscode-oss/extensions/extensions.json.vsctmp'
    at r.create (/usr/lib/code/out/vs/code/node/sharedProcess/sharedProcessMain.js:51:30056)
    at a (/usr/lib/code/out/vs/code/node/sharedProcess/sharedProcessMain.js:51:30170)
    at s.fb (/usr/lib/code/out/vs/code/node/sharedProcess/sharedProcessMain.js:56:36175)
    at s.stat (/usr/lib/code/out/vs/code/node/sharedProcess/sharedProcessMain.js:56:28621)
    at async E.stat (/usr/lib/code/out/vs/code/node/sharedProcess/sharedProcessMain.js:56:15732)
    at async Y.tb (/usr/lib/code/out/vs/code/node/sharedProcess/sharedProcessMain.js:100:111319)
2023-12-10 03:53:06.962 [info] Getting Manifest... bungcip.better-toml
2023-12-10 03:53:07.033 [info] Installing extension: bungcip.better-toml
2023-12-10 03:53:07.883 [info] Extension signature verification is not done: bungcip.better-toml
2023-12-10 03:53:07.968 [info] Extracted extension to file:///home/cyd/.vscode-oss/extensions/bungcip.better-toml-0.3.2-universal: bungcip.better-toml
2023-12-10 03:53:07.970 [info] Renamed to /home/cyd/.vscode-oss/extensions/bungcip.better-toml-0.3.2-universal
2023-12-10 03:53:07.971 [info] Extracting extension completed. bungcip.better-toml
2023-12-10 03:53:07.977 [info] Extension installed successfully: bungcip.better-toml
2023-12-10 03:53:08.051 [error] [uncaught exception in sharedProcess]: Error: ENOENT: no such file or directory, stat '/home/cyd/.vscode-oss/extensions/extensions.json.vsctmp': EntryNotFound (FileSystemError): Error: ENOENT: no such file or directory, stat '/home/cyd/.vscode-oss/extensions/extensions.json.vsctmp'
    at r.create (/usr/lib/code/out/vs/code/node/sharedProcess/sharedProcessMain.js:51:30056)
    at a (/usr/lib/code/out/vs/code/node/sharedProcess/sharedProcessMain.js:51:30170)
    at s.fb (/usr/lib/code/out/vs/code/node/sharedProcess/sharedProcessMain.js:56:36175)
    at s.stat (/usr/lib/code/out/vs/code/node/sharedProcess/sharedProcessMain.js:56:28621)
    at async E.stat (/usr/lib/code/out/vs/code/node/sharedProcess/sharedProcessMain.js:56:15732)
    at async Y.tb (/usr/lib/code/out/vs/code/node/sharedProcess/sharedProcessMain.js:100:111319)
2023-12-10 03:53:17.982 [info] Getting Manifest... serayuzgur.crates
2023-12-10 03:53:18.035 [info] Installing extension: serayuzgur.crates
2023-12-10 03:53:18.919 [info] Extension signature verification is not done: serayuzgur.crates
2023-12-10 03:53:18.926 [info] Extracted extension to file:///home/cyd/.vscode-oss/extensions/serayuzgur.crates-0.6.5-universal: serayuzgur.crates
2023-12-10 03:53:18.929 [info] Renamed to /home/cyd/.vscode-oss/extensions/serayuzgur.crates-0.6.5-universal
2023-12-10 03:53:18.930 [info] Extracting extension completed. serayuzgur.crates
2023-12-10 03:53:18.941 [info] Extension installed successfully: serayuzgur.crates
2023-12-10 03:53:19.013 [error] [uncaught exception in sharedProcess]: Error: ENOENT: no such file or directory, stat '/home/cyd/.vscode-oss/extensions/extensions.json.vsctmp': EntryNotFound (FileSystemError): Error: ENOENT: no such file or directory, stat '/home/cyd/.vscode-oss/extensions/extensions.json.vsctmp'
    at r.create (/usr/lib/code/out/vs/code/node/sharedProcess/sharedProcessMain.js:51:30056)
    at a (/usr/lib/code/out/vs/code/node/sharedProcess/sharedProcessMain.js:51:30170)
    at s.fb (/usr/lib/code/out/vs/code/node/sharedProcess/sharedProcessMain.js:56:36175)
    at s.stat (/usr/lib/code/out/vs/code/node/sharedProcess/sharedProcessMain.js:56:28621)
    at async E.stat (/usr/lib/code/out/vs/code/node/sharedProcess/sharedProcessMain.js:56:15732)
    at async Y.tb (/usr/lib/code/out/vs/code/node/sharedProcess/sharedProcessMain.js:100:111319)
2023-12-10 03:54:09.861 [info] Getting Manifest... fkrull.gtk-dark-titlebar
2023-12-10 03:54:09.913 [info] Installing extension: fkrull.gtk-dark-titlebar
2023-12-10 03:54:11.136 [info] Extension signature verification is not done: fkrull.gtk-dark-titlebar
2023-12-10 03:54:11.159 [info] Extracted extension to file:///home/cyd/.vscode-oss/extensions/fkrull.gtk-dark-titlebar-1.3.0-universal: fkrull.gtk-dark-titlebar
2023-12-10 03:54:11.162 [info] Renamed to /home/cyd/.vscode-oss/extensions/fkrull.gtk-dark-titlebar-1.3.0-universal
2023-12-10 03:54:11.164 [info] Extracting extension completed. fkrull.gtk-dark-titlebar
2023-12-10 03:54:11.175 [info] Extension installed successfully: fkrull.gtk-dark-titlebar
2023-12-10 03:54:11.246 [error] [uncaught exception in sharedProcess]: Error: ENOENT: no such file or directory, stat '/home/cyd/.vscode-oss/extensions/extensions.json.vsctmp': EntryNotFound (FileSystemError): Error: ENOENT: no such file or directory, stat '/home/cyd/.vscode-oss/extensions/extensions.json.vsctmp'
    at r.create (/usr/lib/code/out/vs/code/node/sharedProcess/sharedProcessMain.js:51:30056)
    at a (/usr/lib/code/out/vs/code/node/sharedProcess/sharedProcessMain.js:51:30170)
    at s.fb (/usr/lib/code/out/vs/code/node/sharedProcess/sharedProcessMain.js:56:36175)
    at s.stat (/usr/lib/code/out/vs/code/node/sharedProcess/sharedProcessMain.js:56:28621)
    at async E.stat (/usr/lib/code/out/vs/code/node/sharedProcess/sharedProcessMain.js:56:15732)
    at async Y.tb (/usr/lib/code/out/vs/code/node/sharedProcess/sharedProcessMain.js:100:111319)
2023-12-10 03:54:30.172 [info] Getting Manifest... golang.go
2023-12-10 03:54:30.229 [info] Installing extension: golang.go
2023-12-10 03:54:31.269 [info] Extension signature verification is not done: golang.go
2023-12-10 03:54:31.314 [info] Extracted extension to file:///home/cyd/.vscode-oss/extensions/golang.go-0.40.0-universal: golang.go
2023-12-10 03:54:31.320 [info] Renamed to /home/cyd/.vscode-oss/extensions/golang.go-0.40.0-universal
2023-12-10 03:54:31.321 [info] Extracting extension completed. golang.go
2023-12-10 03:54:31.327 [info] Extension installed successfully: golang.go
2023-12-10 03:54:31.400 [error] [uncaught exception in sharedProcess]: Error: ENOENT: no such file or directory, stat '/home/cyd/.vscode-oss/extensions/extensions.json.vsctmp': EntryNotFound (FileSystemError): Error: ENOENT: no such file or directory, stat '/home/cyd/.vscode-oss/extensions/extensions.json.vsctmp'
    at r.create (/usr/lib/code/out/vs/code/node/sharedProcess/sharedProcessMain.js:51:30056)
    at a (/usr/lib/code/out/vs/code/node/sharedProcess/sharedProcessMain.js:51:30170)
    at s.fb (/usr/lib/code/out/vs/code/node/sharedProcess/sharedProcessMain.js:56:36175)
    at s.stat (/usr/lib/code/out/vs/code/node/sharedProcess/sharedProcessMain.js:56:28621)
    at async E.stat (/usr/lib/code/out/vs/code/node/sharedProcess/sharedProcessMain.js:56:15732)
    at async Y.tb (/usr/lib/code/out/vs/code/node/sharedProcess/sharedProcessMain.js:100:111319)
2023-12-10 03:54:55.382 [info] Getting Manifest... neonxp.gotools
2023-12-10 03:54:55.445 [info] Installing extension: neonxp.gotools
2023-12-10 03:54:56.817 [info] Extension signature verification is not done: neonxp.gotools
2023-12-10 03:54:56.829 [info] Extracted extension to file:///home/cyd/.vscode-oss/extensions/neonxp.gotools-0.1.5-universal: neonxp.gotools
2023-12-10 03:54:56.832 [info] Renamed to /home/cyd/.vscode-oss/extensions/neonxp.gotools-0.1.5-universal
2023-12-10 03:54:56.833 [info] Extracting extension completed. neonxp.gotools
2023-12-10 03:54:56.840 [info] Extension installed successfully: neonxp.gotools
2023-12-10 03:54:56.912 [error] [uncaught exception in sharedProcess]: Error: ENOENT: no such file or directory, stat '/home/cyd/.vscode-oss/extensions/extensions.json.vsctmp': EntryNotFound (FileSystemError): Error: ENOENT: no such file or directory, stat '/home/cyd/.vscode-oss/extensions/extensions.json.vsctmp'
    at r.create (/usr/lib/code/out/vs/code/node/sharedProcess/sharedProcessMain.js:51:30056)
    at a (/usr/lib/code/out/vs/code/node/sharedProcess/sharedProcessMain.js:51:30170)
    at s.fb (/usr/lib/code/out/vs/code/node/sharedProcess/sharedProcessMain.js:56:36175)
    at s.stat (/usr/lib/code/out/vs/code/node/sharedProcess/sharedProcessMain.js:56:28621)
    at async E.stat (/usr/lib/code/out/vs/code/node/sharedProcess/sharedProcessMain.js:56:15732)
    at async Y.tb (/usr/lib/code/out/vs/code/node/sharedProcess/sharedProcessMain.js:100:111319)
2023-12-10 03:55:22.639 [info] Getting Manifest... pinage404.bash-extension-pack
2023-12-10 03:55:22.695 [info] Installing extension: pinage404.bash-extension-pack
2023-12-10 03:55:22.845 [info] Getting Manifest... mkhl.direnv
2023-12-10 03:55:23.042 [info] Getting Manifest... foxundermoon.shell-format
2023-12-10 03:55:23.237 [info] Getting Manifest... formulahendry.code-runner
2023-12-10 03:55:23.423 [info] Getting Manifest... timonwong.shellcheck
2023-12-10 03:55:23.622 [info] Getting Manifest... rogalmic.bash-debug
2023-12-10 03:55:23.821 [info] Getting Manifest... jeff-hykin.better-shellscript-syntax
2023-12-10 03:55:24.015 [info] Getting Manifest... mads-hartmann.bash-ide-vscode
2023-12-10 03:55:24.262 [info] Installing extension: mkhl.direnv pinage404.bash-extension-pack
2023-12-10 03:55:24.262 [info] Installing extension: foxundermoon.shell-format pinage404.bash-extension-pack
2023-12-10 03:55:24.262 [info] Installing extension: formulahendry.code-runner pinage404.bash-extension-pack
2023-12-10 03:55:24.262 [info] Installing extension: timonwong.shellcheck pinage404.bash-extension-pack
2023-12-10 03:55:24.262 [info] Installing extension: rogalmic.bash-debug pinage404.bash-extension-pack
2023-12-10 03:55:24.262 [info] Installing extension: jeff-hykin.better-shellscript-syntax pinage404.bash-extension-pack
2023-12-10 03:55:24.262 [info] Installing extension: mads-hartmann.bash-ide-vscode pinage404.bash-extension-pack
2023-12-10 03:55:25.254 [info] Extension signature verification is not done: mkhl.direnv
2023-12-10 03:55:25.262 [info] Extracted extension to file:///home/cyd/.vscode-oss/extensions/mkhl.direnv-0.15.2-universal: mkhl.direnv
2023-12-10 03:55:25.265 [info] Renamed to /home/cyd/.vscode-oss/extensions/mkhl.direnv-0.15.2-universal
2023-12-10 03:55:25.266 [info] Extracting extension completed. mkhl.direnv
2023-12-10 03:55:25.346 [error] [uncaught exception in sharedProcess]: Error: ENOENT: no such file or directory, stat '/home/cyd/.vscode-oss/extensions/extensions.json.vsctmp': EntryNotFound (FileSystemError): Error: ENOENT: no such file or directory, stat '/home/cyd/.vscode-oss/extensions/extensions.json.vsctmp'
    at r.create (/usr/lib/code/out/vs/code/node/sharedProcess/sharedProcessMain.js:51:30056)
    at a (/usr/lib/code/out/vs/code/node/sharedProcess/sharedProcessMain.js:51:30170)
    at s.fb (/usr/lib/code/out/vs/code/node/sharedProcess/sharedProcessMain.js:56:36175)
    at s.stat (/usr/lib/code/out/vs/code/node/sharedProcess/sharedProcessMain.js:56:28621)
    at async E.stat (/usr/lib/code/out/vs/code/node/sharedProcess/sharedProcessMain.js:56:15732)
    at async Y.tb (/usr/lib/code/out/vs/code/node/sharedProcess/sharedProcessMain.js:100:111319)
2023-12-10 03:55:25.362 [info] Extension signature verification is not done: jeff-hykin.better-shellscript-syntax
2023-12-10 03:55:25.370 [info] Extracted extension to file:///home/cyd/.vscode-oss/extensions/jeff-hykin.better-shellscript-syntax-1.6.3-universal: jeff-hykin.better-shellscript-syntax
2023-12-10 03:55:25.372 [info] Renamed to /home/cyd/.vscode-oss/extensions/jeff-hykin.better-shellscript-syntax-1.6.3-universal
2023-12-10 03:55:25.373 [info] Extracting extension completed. jeff-hykin.better-shellscript-syntax
2023-12-10 03:55:25.425 [info] Extension signature verification is not done: formulahendry.code-runner
2023-12-10 03:55:25.493 [info] Extension signature verification is not done: rogalmic.bash-debug
2023-12-10 03:55:25.537 [info] Extracted extension to file:///home/cyd/.vscode-oss/extensions/formulahendry.code-runner-0.12.1-universal: formulahendry.code-runner
2023-12-10 03:55:25.540 [info] Renamed to /home/cyd/.vscode-oss/extensions/formulahendry.code-runner-0.12.1-universal
2023-12-10 03:55:25.542 [info] Extracting extension completed. formulahendry.code-runner
2023-12-10 03:55:25.590 [info] Extension signature verification is not done: foxundermoon.shell-format
2023-12-10 03:55:25.602 [info] Extracted extension to file:///home/cyd/.vscode-oss/extensions/foxundermoon.shell-format-7.0.1-universal: foxundermoon.shell-format
2023-12-10 03:55:25.606 [info] Renamed to /home/cyd/.vscode-oss/extensions/foxundermoon.shell-format-7.0.1-universal
2023-12-10 03:55:25.607 [info] Extracting extension completed. foxundermoon.shell-format
2023-12-10 03:55:25.623 [error] [uncaught exception in sharedProcess]: Error: ENOENT: no such file or directory, stat '/home/cyd/.vscode-oss/extensions/extensions.json.vsctmp': EntryNotFound (FileSystemError): Error: ENOENT: no such file or directory, stat '/home/cyd/.vscode-oss/extensions/extensions.json.vsctmp'
    at r.create (/usr/lib/code/out/vs/code/node/sharedProcess/sharedProcessMain.js:51:30056)
    at a (/usr/lib/code/out/vs/code/node/sharedProcess/sharedProcessMain.js:51:30170)
    at s.fb (/usr/lib/code/out/vs/code/node/sharedProcess/sharedProcessMain.js:56:36175)
    at s.stat (/usr/lib/code/out/vs/code/node/sharedProcess/sharedProcessMain.js:56:28621)
    at async E.stat (/usr/lib/code/out/vs/code/node/sharedProcess/sharedProcessMain.js:56:15732)
    at async Y.tb (/usr/lib/code/out/vs/code/node/sharedProcess/sharedProcessMain.js:100:111319)
2023-12-10 03:55:25.670 [info] Extracted extension to file:///home/cyd/.vscode-oss/extensions/rogalmic.bash-debug-0.3.9-universal: rogalmic.bash-debug
2023-12-10 03:55:25.672 [info] Renamed to /home/cyd/.vscode-oss/extensions/rogalmic.bash-debug-0.3.9-universal
2023-12-10 03:55:25.674 [info] Extracting extension completed. rogalmic.bash-debug
2023-12-10 03:55:26.464 [info] Extension signature verification is not done: mads-hartmann.bash-ide-vscode
2023-12-10 03:55:26.882 [info] Extracted extension to file:///home/cyd/.vscode-oss/extensions/mads-hartmann.bash-ide-vscode-1.38.0-universal: mads-hartmann.bash-ide-vscode
2023-12-10 03:55:26.886 [info] Renamed to /home/cyd/.vscode-oss/extensions/mads-hartmann.bash-ide-vscode-1.38.0-universal
2023-12-10 03:55:26.887 [info] Extracting extension completed. mads-hartmann.bash-ide-vscode
2023-12-10 03:55:26.968 [error] [uncaught exception in sharedProcess]: Error: ENOENT: no such file or directory, stat '/home/cyd/.vscode-oss/extensions/extensions.json.vsctmp': EntryNotFound (FileSystemError): Error: ENOENT: no such file or directory, stat '/home/cyd/.vscode-oss/extensions/extensions.json.vsctmp'
    at r.create (/usr/lib/code/out/vs/code/node/sharedProcess/sharedProcessMain.js:51:30056)
    at a (/usr/lib/code/out/vs/code/node/sharedProcess/sharedProcessMain.js:51:30170)
    at s.fb (/usr/lib/code/out/vs/code/node/sharedProcess/sharedProcessMain.js:56:36175)
    at s.stat (/usr/lib/code/out/vs/code/node/sharedProcess/sharedProcessMain.js:56:28621)
    at async E.stat (/usr/lib/code/out/vs/code/node/sharedProcess/sharedProcessMain.js:56:15732)
    at async Y.tb (/usr/lib/code/out/vs/code/node/sharedProcess/sharedProcessMain.js:100:111319)
2023-12-10 03:55:28.573 [info] Extension signature verification is not done: timonwong.shellcheck
2023-12-10 03:55:28.678 [info] Extracted extension to file:///home/cyd/.vscode-oss/extensions/timonwong.shellcheck-0.35.0-linux-x64: timonwong.shellcheck
2023-12-10 03:55:28.681 [info] Renamed to /home/cyd/.vscode-oss/extensions/timonwong.shellcheck-0.35.0-linux-x64
2023-12-10 03:55:28.682 [info] Extracting extension completed. timonwong.shellcheck
2023-12-10 03:55:28.751 [error] [uncaught exception in sharedProcess]: Error: ENOENT: no such file or directory, stat '/home/cyd/.vscode-oss/extensions/extensions.json.vsctmp': EntryNotFound (FileSystemError): Error: ENOENT: no such file or directory, stat '/home/cyd/.vscode-oss/extensions/extensions.json.vsctmp'
    at r.create (/usr/lib/code/out/vs/code/node/sharedProcess/sharedProcessMain.js:51:30056)
    at a (/usr/lib/code/out/vs/code/node/sharedProcess/sharedProcessMain.js:51:30170)
    at s.fb (/usr/lib/code/out/vs/code/node/sharedProcess/sharedProcessMain.js:56:36175)
    at s.stat (/usr/lib/code/out/vs/code/node/sharedProcess/sharedProcessMain.js:56:28621)
    at async E.stat (/usr/lib/code/out/vs/code/node/sharedProcess/sharedProcessMain.js:56:15732)
    at async Y.tb (/usr/lib/code/out/vs/code/node/sharedProcess/sharedProcessMain.js:100:111319)
2023-12-10 03:55:29.153 [info] Extension signature verification is not done: pinage404.bash-extension-pack
2023-12-10 03:55:29.159 [info] Extracted extension to file:///home/cyd/.vscode-oss/extensions/pinage404.bash-extension-pack-2.0.0-universal: pinage404.bash-extension-pack
2023-12-10 03:55:29.163 [info] Renamed to /home/cyd/.vscode-oss/extensions/pinage404.bash-extension-pack-2.0.0-universal
2023-12-10 03:55:29.165 [info] Extracting extension completed. pinage404.bash-extension-pack
2023-12-10 03:55:29.171 [info] Extension installed successfully: mkhl.direnv
2023-12-10 03:55:29.172 [info] Extension installed successfully: jeff-hykin.better-shellscript-syntax
2023-12-10 03:55:29.172 [info] Extension installed successfully: formulahendry.code-runner
2023-12-10 03:55:29.172 [info] Extension installed successfully: foxundermoon.shell-format
2023-12-10 03:55:29.172 [info] Extension installed successfully: rogalmic.bash-debug
2023-12-10 03:55:29.172 [info] Extension installed successfully: mads-hartmann.bash-ide-vscode
2023-12-10 03:55:29.172 [info] Extension installed successfully: timonwong.shellcheck
2023-12-10 03:55:29.172 [info] Extension installed successfully: pinage404.bash-extension-pack
2023-12-10 03:55:29.245 [error] [uncaught exception in sharedProcess]: Error: ENOENT: no such file or directory, stat '/home/cyd/.vscode-oss/extensions/extensions.json.vsctmp': EntryNotFound (FileSystemError): Error: ENOENT: no such file or directory, stat '/home/cyd/.vscode-oss/extensions/extensions.json.vsctmp'
    at r.create (/usr/lib/code/out/vs/code/node/sharedProcess/sharedProcessMain.js:51:30056)
    at a (/usr/lib/code/out/vs/code/node/sharedProcess/sharedProcessMain.js:51:30170)
    at s.fb (/usr/lib/code/out/vs/code/node/sharedProcess/sharedProcessMain.js:56:36175)
    at s.stat (/usr/lib/code/out/vs/code/node/sharedProcess/sharedProcessMain.js:56:28621)
    at async E.stat (/usr/lib/code/out/vs/code/node/sharedProcess/sharedProcessMain.js:56:15732)
    at async Y.tb (/usr/lib/code/out/vs/code/node/sharedProcess/sharedProcessMain.js:100:111319)
2023-12-10 03:55:50.785 [info] Getting Manifest... evgeniypeshkov.syntax-highlighter
2023-12-10 03:55:50.839 [info] Installing extension: evgeniypeshkov.syntax-highlighter
2023-12-10 03:55:52.528 [info] Extension signature verification is not done: evgeniypeshkov.syntax-highlighter
2023-12-10 03:55:52.632 [info] Extracted extension to file:///home/cyd/.vscode-oss/extensions/evgeniypeshkov.syntax-highlighter-0.5.1-universal: evgeniypeshkov.syntax-highlighter
2023-12-10 03:55:52.635 [info] Renamed to /home/cyd/.vscode-oss/extensions/evgeniypeshkov.syntax-highlighter-0.5.1-universal
2023-12-10 03:55:52.636 [info] Extracting extension completed. evgeniypeshkov.syntax-highlighter
2023-12-10 03:55:52.641 [info] Extension installed successfully: evgeniypeshkov.syntax-highlighter
2023-12-10 03:55:52.709 [error] [uncaught exception in sharedProcess]: Error: ENOENT: no such file or directory, stat '/home/cyd/.vscode-oss/extensions/extensions.json.vsctmp': EntryNotFound (FileSystemError): Error: ENOENT: no such file or directory, stat '/home/cyd/.vscode-oss/extensions/extensions.json.vsctmp'
    at r.create (/usr/lib/code/out/vs/code/node/sharedProcess/sharedProcessMain.js:51:30056)
    at a (/usr/lib/code/out/vs/code/node/sharedProcess/sharedProcessMain.js:51:30170)
    at s.fb (/usr/lib/code/out/vs/code/node/sharedProcess/sharedProcessMain.js:56:36175)
    at s.stat (/usr/lib/code/out/vs/code/node/sharedProcess/sharedProcessMain.js:56:28621)
    at async E.stat (/usr/lib/code/out/vs/code/node/sharedProcess/sharedProcessMain.js:56:15732)
    at async Y.tb (/usr/lib/code/out/vs/code/node/sharedProcess/sharedProcessMain.js:100:111319)
2023-12-10 03:56:26.549 [info] Getting Manifest... bmalehorn.vscode-fish
2023-12-10 03:56:26.602 [info] Installing extension: bmalehorn.vscode-fish
2023-12-10 03:56:27.179 [info] Extension signature verification is not done: bmalehorn.vscode-fish
2023-12-10 03:56:27.189 [info] Extracted extension to file:///home/cyd/.vscode-oss/extensions/bmalehorn.vscode-fish-1.0.37-universal: bmalehorn.vscode-fish
2023-12-10 03:56:27.191 [info] Renamed to /home/cyd/.vscode-oss/extensions/bmalehorn.vscode-fish-1.0.37-universal
2023-12-10 03:56:27.192 [info] Extracting extension completed. bmalehorn.vscode-fish
2023-12-10 03:56:27.203 [info] Extension installed successfully: bmalehorn.vscode-fish
2023-12-10 03:56:27.275 [error] [uncaught exception in sharedProcess]: Error: ENOENT: no such file or directory, stat '/home/cyd/.vscode-oss/extensions/extensions.json.vsctmp': EntryNotFound (FileSystemError): Error: ENOENT: no such file or directory, stat '/home/cyd/.vscode-oss/extensions/extensions.json.vsctmp'
    at r.create (/usr/lib/code/out/vs/code/node/sharedProcess/sharedProcessMain.js:51:30056)
    at a (/usr/lib/code/out/vs/code/node/sharedProcess/sharedProcessMain.js:51:30170)
    at s.fb (/usr/lib/code/out/vs/code/node/sharedProcess/sharedProcessMain.js:56:36175)
    at s.stat (/usr/lib/code/out/vs/code/node/sharedProcess/sharedProcessMain.js:56:28621)
    at async E.stat (/usr/lib/code/out/vs/code/node/sharedProcess/sharedProcessMain.js:56:15732)
    at async Y.tb (/usr/lib/code/out/vs/code/node/sharedProcess/sharedProcessMain.js:100:111319)
2023-12-10 03:59:40.841 [info] Getting Manifest... fisheva.eva-theme
2023-12-10 03:59:41.028 [info] Installing extension: fisheva.eva-theme
2023-12-10 03:59:42.463 [info] Extension signature verification is not done: fisheva.eva-theme
2023-12-10 03:59:42.482 [info] Extracted extension to file:///home/cyd/.vscode-oss/extensions/fisheva.eva-theme-2.3.7-universal: fisheva.eva-theme
2023-12-10 03:59:42.485 [info] Renamed to /home/cyd/.vscode-oss/extensions/fisheva.eva-theme-2.3.7-universal
2023-12-10 03:59:42.486 [info] Extracting extension completed. fisheva.eva-theme
2023-12-10 03:59:42.493 [info] Extension installed successfully: fisheva.eva-theme
2023-12-10 03:59:42.566 [error] [uncaught exception in sharedProcess]: Error: ENOENT: no such file or directory, stat '/home/cyd/.vscode-oss/extensions/extensions.json.vsctmp': EntryNotFound (FileSystemError): Error: ENOENT: no such file or directory, stat '/home/cyd/.vscode-oss/extensions/extensions.json.vsctmp'
    at r.create (/usr/lib/code/out/vs/code/node/sharedProcess/sharedProcessMain.js:51:30056)
    at a (/usr/lib/code/out/vs/code/node/sharedProcess/sharedProcessMain.js:51:30170)
    at s.fb (/usr/lib/code/out/vs/code/node/sharedProcess/sharedProcessMain.js:56:36175)
    at s.stat (/usr/lib/code/out/vs/code/node/sharedProcess/sharedProcessMain.js:56:28621)
    at async E.stat (/usr/lib/code/out/vs/code/node/sharedProcess/sharedProcessMain.js:56:15732)
    at async Y.tb (/usr/lib/code/out/vs/code/node/sharedProcess/sharedProcessMain.js:100:111319)
