2023-12-12 03:44:10.574 [info] Log level: Info
2023-12-12 03:44:10.574 [info] Validating found git in: "git"
2023-12-12 03:44:10.574 [info] Using git "2.43.0" from "git"
2023-12-12 03:44:10.574 [info] > git rev-parse --show-toplevel [27ms]
2023-12-12 03:44:10.574 [info] fatal: not a git repository (or any parent up to mount point /)
Stopping at filesystem boundary (GIT_DISCOVERY_ACROSS_FILESYSTEM not set).
2023-12-12 03:44:10.574 [warning] Failed to get repository realpath for: "/keep/configs". Error: ENOENT: no such file or directory, realpath '/keep/configs'
2023-12-12 03:44:10.574 [info] > git rev-parse --show-toplevel [6ms]
2023-12-12 03:44:10.581 [info] > git rev-parse --git-dir --git-common-dir [2ms]
2023-12-12 03:44:10.589 [info] Open repository: /keep/dots
2023-12-12 03:44:10.612 [info] > git rev-parse --show-toplevel [3ms]
2023-12-12 03:44:10.612 [info] fatal: not a git repository (or any parent up to mount point /)
Stopping at filesystem boundary (GIT_DISCOVERY_ACROSS_FILESYSTEM not set).
2023-12-12 03:44:10.612 [info] > git config --get commit.template [14ms]
2023-12-12 03:44:10.630 [info] > git for-each-ref --format=%(refname)%00%(upstream:short)%00%(objectname)%00%(upstream:track)%00%(upstream:remotename)%00%(upstream:remoteref) refs/heads/main refs/remotes/main [1ms]
2023-12-12 03:44:10.631 [info] > git rev-parse --show-toplevel [6ms]
2023-12-12 03:44:10.631 [info] fatal: not a git repository (or any parent up to mount point /)
Stopping at filesystem boundary (GIT_DISCOVERY_ACROSS_FILESYSTEM not set).
2023-12-12 03:44:10.631 [warning] Failed to get repository realpath for: "/keep/configs". Error: ENOENT: no such file or directory, realpath '/keep/configs'
2023-12-12 03:44:10.650 [info] > git rev-parse --show-toplevel [8ms]
2023-12-12 03:44:10.651 [info] fatal: not a git repository (or any parent up to mount point /)
Stopping at filesystem boundary (GIT_DISCOVERY_ACROSS_FILESYSTEM not set).
2023-12-12 03:44:10.664 [info] > git status -z -uall [16ms]
2023-12-12 03:44:10.681 [info] > git rev-parse --show-toplevel [19ms]
2023-12-12 03:44:10.681 [info] fatal: not a git repository (or any parent up to mount point /)
Stopping at filesystem boundary (GIT_DISCOVERY_ACROSS_FILESYSTEM not set).
2023-12-12 03:44:10.687 [info] > git config --get commit.template [6ms]
2023-12-12 03:44:10.699 [info] > git rev-parse --show-toplevel [13ms]
2023-12-12 03:44:10.699 [info] fatal: not a git repository (or any parent up to mount point /)
Stopping at filesystem boundary (GIT_DISCOVERY_ACROSS_FILESYSTEM not set).
2023-12-12 03:44:10.753 [info] > git for-each-ref --format=%(refname)%00%(upstream:short)%00%(objectname)%00%(upstream:track)%00%(upstream:remotename)%00%(upstream:remoteref) refs/heads/main refs/remotes/main [6ms]
2023-12-12 03:44:10.757 [info] > git rev-parse --show-toplevel [5ms]
2023-12-12 03:44:10.757 [info] fatal: not a git repository (or any parent up to mount point /)
Stopping at filesystem boundary (GIT_DISCOVERY_ACROSS_FILESYSTEM not set).
2023-12-12 03:44:10.783 [info] > git status -z -uall [4ms]
2023-12-12 03:44:10.783 [info] > git rev-parse --show-toplevel [16ms]
2023-12-12 03:44:10.783 [info] fatal: not a git repository (or any parent up to mount point /)
Stopping at filesystem boundary (GIT_DISCOVERY_ACROSS_FILESYSTEM not set).
2023-12-12 03:44:10.794 [info] > git rev-parse --show-toplevel [5ms]
2023-12-12 03:44:10.794 [info] fatal: not a git repository (or any parent up to mount point /)
Stopping at filesystem boundary (GIT_DISCOVERY_ACROSS_FILESYSTEM not set).
2023-12-12 03:44:10.835 [info] > git rev-parse --show-toplevel [17ms]
2023-12-12 03:44:10.835 [info] fatal: not a git repository (or any parent up to mount point /)
Stopping at filesystem boundary (GIT_DISCOVERY_ACROSS_FILESYSTEM not set).
2023-12-12 03:44:10.848 [info] > git rev-parse --show-toplevel [6ms]
2023-12-12 03:44:10.848 [info] fatal: not a git repository (or any parent up to mount point /)
Stopping at filesystem boundary (GIT_DISCOVERY_ACROSS_FILESYSTEM not set).
2023-12-12 03:44:10.857 [info] > git rev-parse --show-toplevel [4ms]
2023-12-12 03:44:10.857 [info] fatal: not a git repository (or any parent up to mount point /)
Stopping at filesystem boundary (GIT_DISCOVERY_ACROSS_FILESYSTEM not set).
2023-12-12 03:44:10.874 [info] > git rev-parse --show-toplevel [10ms]
2023-12-12 03:44:10.874 [info] fatal: not a git repository (or any parent up to mount point /)
Stopping at filesystem boundary (GIT_DISCOVERY_ACROSS_FILESYSTEM not set).
2023-12-12 03:44:10.882 [info] > git rev-parse --show-toplevel [0ms]
2023-12-12 03:44:10.882 [info] fatal: not a git repository (or any parent up to mount point /)
Stopping at filesystem boundary (GIT_DISCOVERY_ACROSS_FILESYSTEM not set).
2023-12-12 03:44:10.889 [info] > git rev-parse --show-toplevel [1ms]
2023-12-12 03:44:10.889 [info] fatal: not a git repository (or any parent up to mount point /)
Stopping at filesystem boundary (GIT_DISCOVERY_ACROSS_FILESYSTEM not set).
2023-12-12 03:44:10.898 [info] > git rev-parse --show-toplevel [4ms]
2023-12-12 03:44:10.898 [info] fatal: not a git repository (or any parent up to mount point /)
Stopping at filesystem boundary (GIT_DISCOVERY_ACROSS_FILESYSTEM not set).
2023-12-12 03:44:10.903 [info] > git rev-parse --show-toplevel [1ms]
2023-12-12 03:44:10.903 [info] fatal: not a git repository (or any parent up to mount point /)
Stopping at filesystem boundary (GIT_DISCOVERY_ACROSS_FILESYSTEM not set).
2023-12-12 03:44:10.907 [info] > git rev-parse --show-toplevel [1ms]
2023-12-12 03:44:10.907 [info] fatal: not a git repository (or any parent up to mount point /)
Stopping at filesystem boundary (GIT_DISCOVERY_ACROSS_FILESYSTEM not set).
2023-12-12 03:44:10.915 [info] > git rev-parse --show-toplevel [2ms]
2023-12-12 03:44:10.916 [info] fatal: not a git repository (or any parent up to mount point /)
Stopping at filesystem boundary (GIT_DISCOVERY_ACROSS_FILESYSTEM not set).
2023-12-12 03:44:10.927 [info] > git rev-parse --show-toplevel [1ms]
2023-12-12 03:44:10.938 [info] > git rev-parse --show-toplevel [1ms]
2023-12-12 03:44:10.944 [info] > git rev-parse --show-toplevel [1ms]
2023-12-12 03:44:10.950 [info] > git rev-parse --show-toplevel [1ms]
2023-12-12 03:44:10.955 [info] > git rev-parse --show-toplevel [1ms]
2023-12-12 03:44:10.959 [info] > git rev-parse --show-toplevel [1ms]
2023-12-12 03:44:10.964 [info] > git rev-parse --show-toplevel [1ms]
2023-12-12 03:44:10.964 [info] fatal: not a git repository (or any parent up to mount point /)
Stopping at filesystem boundary (GIT_DISCOVERY_ACROSS_FILESYSTEM not set).
2023-12-12 03:44:10.965 [warning] Failed to get repository realpath for: "/keep/configs". Error: ENOENT: no such file or directory, realpath '/keep/configs'
2023-12-12 03:44:11.228 [info] > git rev-parse --show-toplevel [1ms]
2023-12-12 03:44:11.228 [info] fatal: not a git repository (or any parent up to mount point /)
Stopping at filesystem boundary (GIT_DISCOVERY_ACROSS_FILESYSTEM not set).
2023-12-12 03:44:11.228 [warning] Failed to get repository realpath for: "/keep/configs". Error: ENOENT: no such file or directory, realpath '/keep/configs'
2023-12-12 03:44:33.499 [info] > git rev-parse --show-toplevel [2ms]
2023-12-12 03:44:33.499 [info] fatal: not a git repository (or any parent up to mount point /)
Stopping at filesystem boundary (GIT_DISCOVERY_ACROSS_FILESYSTEM not set).
2023-12-12 03:44:49.370 [info] > git rev-parse --show-toplevel [1ms]
2023-12-12 03:44:49.370 [info] fatal: not a git repository (or any parent up to mount point /)
Stopping at filesystem boundary (GIT_DISCOVERY_ACROSS_FILESYSTEM not set).
2023-12-12 03:44:51.337 [info] > git rev-parse --show-toplevel [1ms]
2023-12-12 03:44:51.337 [info] fatal: not a git repository (or any parent up to mount point /)
Stopping at filesystem boundary (GIT_DISCOVERY_ACROSS_FILESYSTEM not set).
2023-12-12 03:45:16.461 [info] > git rev-parse --show-toplevel [1ms]
2023-12-12 03:45:16.461 [info] fatal: not a git repository (or any parent up to mount point /)
Stopping at filesystem boundary (GIT_DISCOVERY_ACROSS_FILESYSTEM not set).
2023-12-12 03:46:11.889 [info] > git rev-parse --show-toplevel [15ms]
2023-12-12 03:46:11.889 [info] fatal: not a git repository (or any parent up to mount point /)
Stopping at filesystem boundary (GIT_DISCOVERY_ACROSS_FILESYSTEM not set).
2023-12-12 03:46:11.902 [warning] Failed to get repository realpath for: "/keep/configs". Error: ENOENT: no such file or directory, realpath '/keep/configs'
2023-12-12 04:08:08.946 [info] > git rev-parse --show-toplevel [1ms]
2023-12-12 04:08:08.946 [info] fatal: not a git repository (or any parent up to mount point /)
Stopping at filesystem boundary (GIT_DISCOVERY_ACROSS_FILESYSTEM not set).
2023-12-12 04:08:08.946 [warning] Failed to get repository realpath for: "/keep/configs". Error: ENOENT: no such file or directory, realpath '/keep/configs'
2023-12-12 04:08:24.906 [info] > git rev-parse --show-toplevel [0ms]
2023-12-12 04:08:24.907 [info] fatal: not a git repository (or any parent up to mount point /)
Stopping at filesystem boundary (GIT_DISCOVERY_ACROSS_FILESYSTEM not set).
2023-12-12 04:08:24.907 [warning] Failed to get repository realpath for: "/keep/configs". Error: ENOENT: no such file or directory, realpath '/keep/configs'
2023-12-12 04:08:29.480 [info] > git rev-parse --show-toplevel [1ms]
2023-12-12 04:08:29.480 [info] fatal: not a git repository (or any parent up to mount point /)
Stopping at filesystem boundary (GIT_DISCOVERY_ACROSS_FILESYSTEM not set).
2023-12-12 04:08:29.480 [warning] Failed to get repository realpath for: "/keep/configs". Error: ENOENT: no such file or directory, realpath '/keep/configs'
2023-12-12 04:08:34.471 [info] > git rev-parse --show-toplevel [12ms]
2023-12-12 04:08:34.471 [info] fatal: not a git repository (or any parent up to mount point /)
Stopping at filesystem boundary (GIT_DISCOVERY_ACROSS_FILESYSTEM not set).
2023-12-12 04:08:34.471 [warning] Failed to get repository realpath for: "/keep/configs". Error: ENOENT: no such file or directory, realpath '/keep/configs'
2023-12-12 04:08:53.451 [info] > git rev-parse --show-toplevel [1ms]
2023-12-12 04:08:53.451 [info] fatal: not a git repository (or any parent up to mount point /)
Stopping at filesystem boundary (GIT_DISCOVERY_ACROSS_FILESYSTEM not set).
2023-12-12 04:08:53.451 [warning] Failed to get repository realpath for: "/keep/configs". Error: ENOENT: no such file or directory, realpath '/keep/configs'
2023-12-12 04:09:41.509 [info] > git rev-parse --show-toplevel [1ms]
2023-12-12 04:09:41.509 [info] fatal: not a git repository (or any parent up to mount point /)
Stopping at filesystem boundary (GIT_DISCOVERY_ACROSS_FILESYSTEM not set).
2023-12-12 04:09:41.509 [warning] Failed to get repository realpath for: "/keep/configs". Error: ENOENT: no such file or directory, realpath '/keep/configs'
2023-12-12 04:09:51.021 [info] > git rev-parse --show-toplevel [1ms]
2023-12-12 04:09:51.021 [info] fatal: not a git repository (or any parent up to mount point /)
Stopping at filesystem boundary (GIT_DISCOVERY_ACROSS_FILESYSTEM not set).
2023-12-12 04:09:51.021 [warning] Failed to get repository realpath for: "/keep/configs". Error: ENOENT: no such file or directory, realpath '/keep/configs'
2023-12-12 04:10:07.162 [info] > git rev-parse --show-toplevel [1ms]
2023-12-12 04:10:07.162 [info] fatal: not a git repository (or any parent up to mount point /)
Stopping at filesystem boundary (GIT_DISCOVERY_ACROSS_FILESYSTEM not set).
2023-12-12 04:10:07.162 [warning] Failed to get repository realpath for: "/keep/configs". Error: ENOENT: no such file or directory, realpath '/keep/configs'
2023-12-12 04:10:18.679 [info] > git rev-parse --show-toplevel [1ms]
2023-12-12 04:10:18.679 [info] fatal: not a git repository (or any parent up to mount point /)
Stopping at filesystem boundary (GIT_DISCOVERY_ACROSS_FILESYSTEM not set).
2023-12-12 04:10:18.680 [warning] Failed to get repository realpath for: "/keep/configs". Error: ENOENT: no such file or directory, realpath '/keep/configs'
2023-12-12 04:10:50.325 [info] > git rev-parse --show-toplevel [8ms]
2023-12-12 04:10:50.325 [info] fatal: not a git repository (or any parent up to mount point /)
Stopping at filesystem boundary (GIT_DISCOVERY_ACROSS_FILESYSTEM not set).
2023-12-12 04:10:50.326 [warning] Failed to get repository realpath for: "/keep/configs". Error: ENOENT: no such file or directory, realpath '/keep/configs'
2023-12-12 04:11:06.637 [info] > git rev-parse --show-toplevel [1ms]
2023-12-12 04:11:06.637 [info] fatal: not a git repository (or any parent up to mount point /)
Stopping at filesystem boundary (GIT_DISCOVERY_ACROSS_FILESYSTEM not set).
2023-12-12 04:11:06.637 [warning] Failed to get repository realpath for: "/keep/configs". Error: ENOENT: no such file or directory, realpath '/keep/configs'
2023-12-12 04:11:42.049 [info] > git rev-parse --show-toplevel [2ms]
2023-12-12 04:11:42.049 [info] fatal: not a git repository (or any parent up to mount point /)
Stopping at filesystem boundary (GIT_DISCOVERY_ACROSS_FILESYSTEM not set).
2023-12-12 04:11:42.049 [warning] Failed to get repository realpath for: "/keep/configs". Error: ENOENT: no such file or directory, realpath '/keep/configs'
2023-12-12 04:11:52.612 [info] > git rev-parse --show-toplevel [1ms]
2023-12-12 04:11:52.612 [info] fatal: not a git repository (or any parent up to mount point /)
Stopping at filesystem boundary (GIT_DISCOVERY_ACROSS_FILESYSTEM not set).
2023-12-12 04:12:42.942 [info] > git rev-parse --show-toplevel [1ms]
2023-12-12 04:12:42.942 [info] fatal: not a git repository (or any parent up to mount point /)
Stopping at filesystem boundary (GIT_DISCOVERY_ACROSS_FILESYSTEM not set).
2023-12-12 04:12:51.070 [info] > git rev-parse --show-toplevel [1ms]
2023-12-12 04:12:51.070 [info] fatal: not a git repository (or any parent up to mount point /)
Stopping at filesystem boundary (GIT_DISCOVERY_ACROSS_FILESYSTEM not set).
2023-12-12 04:12:57.929 [info] > git rev-parse --show-toplevel [1ms]
2023-12-12 04:12:57.929 [info] fatal: not a git repository (or any parent up to mount point /)
Stopping at filesystem boundary (GIT_DISCOVERY_ACROSS_FILESYSTEM not set).
2023-12-12 04:13:01.383 [info] > git rev-parse --show-toplevel [1ms]
2023-12-12 04:13:01.383 [info] fatal: not a git repository (or any parent up to mount point /)
Stopping at filesystem boundary (GIT_DISCOVERY_ACROSS_FILESYSTEM not set).
2023-12-12 04:13:32.294 [info] > git rev-parse --show-toplevel [1ms]
2023-12-12 04:13:32.294 [info] fatal: not a git repository (or any parent up to mount point /)
Stopping at filesystem boundary (GIT_DISCOVERY_ACROSS_FILESYSTEM not set).
2023-12-12 04:18:17.965 [info] > git rev-parse --show-toplevel [1ms]
2023-12-12 04:18:17.965 [info] fatal: not a git repository (or any parent up to mount point /)
Stopping at filesystem boundary (GIT_DISCOVERY_ACROSS_FILESYSTEM not set).
2023-12-12 04:19:03.240 [info] > git rev-parse --show-toplevel [1ms]
2023-12-12 04:19:03.240 [info] fatal: not a git repository (or any parent up to mount point /)
Stopping at filesystem boundary (GIT_DISCOVERY_ACROSS_FILESYSTEM not set).
2023-12-12 04:19:23.176 [info] > git rev-parse --show-toplevel [1ms]
2023-12-12 04:19:23.176 [info] fatal: not a git repository (or any parent up to mount point /)
Stopping at filesystem boundary (GIT_DISCOVERY_ACROSS_FILESYSTEM not set).
2023-12-12 04:20:57.653 [info] > git rev-parse --show-toplevel [1ms]
2023-12-12 04:20:57.653 [info] fatal: not a git repository (or any parent up to mount point /)
Stopping at filesystem boundary (GIT_DISCOVERY_ACROSS_FILESYSTEM not set).
2023-12-12 04:22:45.464 [info] > git rev-parse --show-toplevel [2ms]
2023-12-12 04:22:45.465 [info] fatal: not a git repository (or any parent up to mount point /)
Stopping at filesystem boundary (GIT_DISCOVERY_ACROSS_FILESYSTEM not set).
2023-12-12 04:23:09.054 [info] > git rev-parse --show-toplevel [1ms]
2023-12-12 04:23:09.054 [info] fatal: not a git repository (or any parent up to mount point /)
Stopping at filesystem boundary (GIT_DISCOVERY_ACROSS_FILESYSTEM not set).
2023-12-12 04:24:15.445 [info] > git rev-parse --show-toplevel [1ms]
2023-12-12 04:24:15.445 [info] fatal: not a git repository (or any parent up to mount point /)
Stopping at filesystem boundary (GIT_DISCOVERY_ACROSS_FILESYSTEM not set).
2023-12-12 04:24:37.693 [info] > git rev-parse --show-toplevel [1ms]
2023-12-12 04:24:37.693 [info] fatal: not a git repository (or any parent up to mount point /)
Stopping at filesystem boundary (GIT_DISCOVERY_ACROSS_FILESYSTEM not set).
2023-12-12 04:24:47.780 [info] > git rev-parse --show-toplevel [1ms]
2023-12-12 04:24:47.780 [info] fatal: not a git repository (or any parent up to mount point /)
Stopping at filesystem boundary (GIT_DISCOVERY_ACROSS_FILESYSTEM not set).
2023-12-12 04:25:42.229 [info] > git rev-parse --show-toplevel [13ms]
2023-12-12 04:25:42.229 [info] fatal: not a git repository (or any parent up to mount point /)
Stopping at filesystem boundary (GIT_DISCOVERY_ACROSS_FILESYSTEM not set).
2023-12-12 04:25:42.230 [warning] Failed to get repository realpath for: "/keep/configs". Error: ENOENT: no such file or directory, realpath '/keep/configs'
2023-12-12 04:25:55.291 [info] > git rev-parse --show-toplevel [11ms]
2023-12-12 04:25:55.291 [info] fatal: not a git repository (or any parent up to mount point /)
Stopping at filesystem boundary (GIT_DISCOVERY_ACROSS_FILESYSTEM not set).
2023-12-12 04:25:55.291 [warning] Failed to get repository realpath for: "/keep/configs". Error: ENOENT: no such file or directory, realpath '/keep/configs'
2023-12-12 04:26:03.264 [info] > git rev-parse --show-toplevel [2ms]
2023-12-12 04:26:03.264 [info] fatal: not a git repository (or any parent up to mount point /)
Stopping at filesystem boundary (GIT_DISCOVERY_ACROSS_FILESYSTEM not set).
2023-12-12 04:27:20.947 [info] > git rev-parse --show-toplevel [2ms]
2023-12-12 04:27:20.947 [info] fatal: not a git repository (or any parent up to mount point /)
Stopping at filesystem boundary (GIT_DISCOVERY_ACROSS_FILESYSTEM not set).
2023-12-12 04:32:24.613 [info] > git rev-parse --show-toplevel [3ms]
2023-12-12 04:32:24.636 [info] > git rev-parse --git-dir --git-common-dir [4ms]
2023-12-12 04:32:24.654 [info] Open repository: /home/cyd/.config
2023-12-12 04:32:24.674 [info] No remotes found in the git config file.
2023-12-12 04:32:24.676 [info] > git for-each-ref --format=%(refname)%00%(upstream:short)%00%(objectname)%00%(upstream:track)%00%(upstream:remotename)%00%(upstream:remoteref) refs/heads/master refs/remotes/master [2ms]
2023-12-12 04:32:24.677 [info] > git config --get commit.template [13ms]
2023-12-12 04:32:24.693 [info] > git status -z -uall [8ms]
2023-12-12 04:32:24.960 [info] > git config --get commit.template [3ms]
2023-12-12 04:32:24.970 [info] No remotes found in the git config file.
2023-12-12 04:32:24.972 [info] > git for-each-ref --format=%(refname)%00%(upstream:short)%00%(objectname)%00%(upstream:track)%00%(upstream:remotename)%00%(upstream:remoteref) refs/heads/master refs/remotes/master [3ms]
2023-12-12 04:32:24.996 [info] > git status -z -uall [12ms]
2023-12-12 04:32:25.293 [info] > git show --textconv :hypr/autostart.conf [10ms]
2023-12-12 04:32:25.294 [info] > git ls-files --stage -- /home/cyd/.config/hypr/autostart.conf [1ms]
2023-12-12 04:32:25.472 [info] > git check-ignore -v -z --stdin [1ms]
