2023-12-11 19:09:21.453 [info] Reading sessions from keychain...
2023-12-11 19:09:21.453 [info] Getting sessions for all scopes...
2023-12-11 19:09:21.453 [info] Got 0 sessions for ...
2023-12-11 19:09:21.453 [info] Getting sessions for read:user,repo,user:email,workflow...
2023-12-11 19:09:21.453 [info] Got 0 sessions for read:user,repo,user:email,workflow...
2023-12-11 19:09:21.648 [info] Getting sessions for all scopes...
2023-12-11 19:09:21.648 [info] Got 0 sessions for ...
2023-12-11 19:36:14.565 [info] Getting sessions for read:user,repo,user:email,workflow...
2023-12-11 19:36:14.565 [info] Got 0 sessions for read:user,repo,user:email,workflow...
2023-12-11 19:36:50.406 [info] Getting sessions for read:user,repo,user:email,workflow...
2023-12-11 19:36:50.406 [info] Got 0 sessions for read:user,repo,user:email,workflow...
2023-12-11 19:36:50.501 [info] Getting sessions for read:user,repo,user:email,workflow...
2023-12-11 19:36:50.501 [info] Got 0 sessions for read:user,repo,user:email,workflow...
2023-12-11 19:36:50.619 [info] Getting sessions for read:user,repo,user:email,workflow...
2023-12-11 19:36:50.619 [info] Got 0 sessions for read:user,repo,user:email,workflow...
2023-12-11 19:36:50.779 [info] Getting sessions for read:user,repo,user:email,workflow...
2023-12-11 19:36:50.779 [info] Got 0 sessions for read:user,repo,user:email,workflow...
2023-12-11 19:36:50.940 [info] Getting sessions for read:user,repo,user:email,workflow...
2023-12-11 19:36:50.940 [info] Got 0 sessions for read:user,repo,user:email,workflow...
2023-12-11 19:36:51.004 [info] Getting sessions for read:user,repo,user:email,workflow...
2023-12-11 19:36:51.005 [info] Got 0 sessions for read:user,repo,user:email,workflow...
2023-12-11 19:36:51.167 [info] Getting sessions for read:user,repo,user:email,workflow...
2023-12-11 19:36:51.167 [info] Got 0 sessions for read:user,repo,user:email,workflow...
2023-12-11 19:36:51.287 [info] Getting sessions for read:user,repo,user:email,workflow...
2023-12-11 19:36:51.287 [info] Got 0 sessions for read:user,repo,user:email,workflow...
2023-12-11 19:36:51.343 [info] Getting sessions for read:user,repo,user:email,workflow...
2023-12-11 19:36:51.344 [info] Got 0 sessions for read:user,repo,user:email,workflow...
2023-12-11 19:36:51.514 [info] Getting sessions for read:user,repo,user:email,workflow...
2023-12-11 19:36:51.514 [info] Got 0 sessions for read:user,repo,user:email,workflow...
2023-12-11 19:36:51.637 [info] Getting sessions for read:user,repo,user:email,workflow...
2023-12-11 19:36:51.637 [info] Got 0 sessions for read:user,repo,user:email,workflow...
2023-12-11 19:36:51.781 [info] Getting sessions for read:user,repo,user:email,workflow...
2023-12-11 19:36:51.781 [info] Got 0 sessions for read:user,repo,user:email,workflow...
2023-12-11 19:36:51.883 [info] Getting sessions for read:user,repo,user:email,workflow...
2023-12-11 19:36:51.883 [info] Got 0 sessions for read:user,repo,user:email,workflow...
2023-12-11 19:36:51.966 [info] Getting sessions for read:user,repo,user:email,workflow...
2023-12-11 19:36:51.966 [info] Got 0 sessions for read:user,repo,user:email,workflow...
2023-12-11 19:36:52.440 [info] Getting sessions for read:user,repo,user:email,workflow...
2023-12-11 19:36:52.440 [info] Got 0 sessions for read:user,repo,user:email,workflow...
2023-12-11 19:36:52.478 [info] Getting sessions for read:user,repo,user:email,workflow...
2023-12-11 19:36:52.478 [info] Got 0 sessions for read:user,repo,user:email,workflow...
