2023-12-10 04:13:03.807 [info] Log level: Info
2023-12-10 04:13:03.807 [info] Validating found git in: "git"
2023-12-10 04:13:03.807 [info] Using git "2.43.0" from "git"
2023-12-10 04:13:03.807 [info] > git rev-parse --show-toplevel [4ms]
2023-12-10 04:13:03.807 [info] fatal: not a git repository (or any parent up to mount point /)
Stopping at filesystem boundary (GIT_DISCOVERY_ACROSS_FILESYSTEM not set).
2023-12-10 04:13:03.807 [info] > git rev-parse --show-toplevel [4ms]
2023-12-10 04:13:03.807 [info] fatal: not a git repository (or any parent up to mount point /)
Stopping at filesystem boundary (GIT_DISCOVERY_ACROSS_FILESYSTEM not set).
2023-12-10 04:13:03.807 [info] > git rev-parse --show-toplevel [3ms]
2023-12-10 04:13:03.807 [info] fatal: not a git repository (or any parent up to mount point /)
Stopping at filesystem boundary (GIT_DISCOVERY_ACROSS_FILESYSTEM not set).
2023-12-10 04:13:03.807 [info] > git rev-parse --show-toplevel [20ms]
2023-12-10 04:13:03.807 [info] fatal: not a git repository (or any parent up to mount point /)
Stopping at filesystem boundary (GIT_DISCOVERY_ACROSS_FILESYSTEM not set).
2023-12-10 04:13:03.818 [info] > git rev-parse --show-toplevel [5ms]
2023-12-10 04:13:03.818 [info] fatal: not a git repository (or any parent up to mount point /)
Stopping at filesystem boundary (GIT_DISCOVERY_ACROSS_FILESYSTEM not set).
2023-12-10 04:13:03.847 [info] > git rev-parse --show-toplevel [10ms]
2023-12-10 04:13:03.847 [info] fatal: not a git repository (or any parent up to mount point /)
Stopping at filesystem boundary (GIT_DISCOVERY_ACROSS_FILESYSTEM not set).
2023-12-10 04:13:03.862 [info] > git rev-parse --show-toplevel [7ms]
2023-12-10 04:13:03.862 [info] fatal: not a git repository (or any parent up to mount point /)
Stopping at filesystem boundary (GIT_DISCOVERY_ACROSS_FILESYSTEM not set).
2023-12-10 04:13:03.868 [info] > git rev-parse --show-toplevel [1ms]
2023-12-10 04:13:03.868 [info] fatal: not a git repository (or any parent up to mount point /)
Stopping at filesystem boundary (GIT_DISCOVERY_ACROSS_FILESYSTEM not set).
2023-12-10 04:13:03.878 [info] > git rev-parse --show-toplevel [1ms]
2023-12-10 04:13:03.878 [info] fatal: not a git repository (or any parent up to mount point /)
Stopping at filesystem boundary (GIT_DISCOVERY_ACROSS_FILESYSTEM not set).
2023-12-10 04:13:03.890 [info] > git rev-parse --show-toplevel [1ms]
2023-12-10 04:13:03.891 [info] fatal: not a git repository (or any parent up to mount point /)
Stopping at filesystem boundary (GIT_DISCOVERY_ACROSS_FILESYSTEM not set).
2023-12-10 04:13:03.900 [info] > git rev-parse --show-toplevel [1ms]
2023-12-10 04:13:03.900 [info] fatal: not a git repository (or any parent up to mount point /)
Stopping at filesystem boundary (GIT_DISCOVERY_ACROSS_FILESYSTEM not set).
2023-12-10 04:13:03.908 [info] > git rev-parse --show-toplevel [1ms]
2023-12-10 04:13:03.908 [info] fatal: not a git repository (or any parent up to mount point /)
Stopping at filesystem boundary (GIT_DISCOVERY_ACROSS_FILESYSTEM not set).
2023-12-10 04:13:03.913 [info] > git rev-parse --show-toplevel [1ms]
2023-12-10 04:13:03.913 [info] fatal: not a git repository (or any parent up to mount point /)
Stopping at filesystem boundary (GIT_DISCOVERY_ACROSS_FILESYSTEM not set).
2023-12-10 04:13:03.918 [info] > git rev-parse --show-toplevel [1ms]
2023-12-10 04:13:03.918 [info] fatal: not a git repository (or any parent up to mount point /)
Stopping at filesystem boundary (GIT_DISCOVERY_ACROSS_FILESYSTEM not set).
2023-12-10 04:13:03.924 [info] > git rev-parse --show-toplevel [0ms]
2023-12-10 04:13:03.924 [info] fatal: not a git repository (or any parent up to mount point /)
Stopping at filesystem boundary (GIT_DISCOVERY_ACROSS_FILESYSTEM not set).
2023-12-10 04:13:04.112 [info] > git rev-parse --show-toplevel [1ms]
2023-12-10 04:13:04.112 [info] fatal: not a git repository (or any parent up to mount point /)
Stopping at filesystem boundary (GIT_DISCOVERY_ACROSS_FILESYSTEM not set).
2023-12-10 04:13:14.497 [info] > git rev-parse --show-toplevel [1ms]
2023-12-10 04:13:14.497 [info] fatal: not a git repository (or any parent up to mount point /)
Stopping at filesystem boundary (GIT_DISCOVERY_ACROSS_FILESYSTEM not set).
2023-12-10 04:13:14.659 [info] > git rev-parse --show-toplevel [2ms]
2023-12-10 04:13:14.659 [info] fatal: not a git repository (or any parent up to mount point /)
Stopping at filesystem boundary (GIT_DISCOVERY_ACROSS_FILESYSTEM not set).
2023-12-10 04:13:14.673 [info] > git rev-parse --show-toplevel [1ms]
2023-12-10 04:13:14.673 [info] fatal: not a git repository (or any parent up to mount point /)
Stopping at filesystem boundary (GIT_DISCOVERY_ACROSS_FILESYSTEM not set).
2023-12-10 04:13:53.685 [info] > git rev-parse --show-toplevel [1ms]
2023-12-10 04:13:53.685 [info] fatal: not a git repository (or any parent up to mount point /)
Stopping at filesystem boundary (GIT_DISCOVERY_ACROSS_FILESYSTEM not set).
2023-12-10 04:14:55.862 [info] Log level: Info
2023-12-10 04:14:55.862 [info] Validating found git in: "git"
2023-12-10 04:14:55.862 [info] Using git "2.43.0" from "git"
2023-12-10 04:14:55.862 [info] > git rev-parse --show-toplevel [9ms]
2023-12-10 04:14:55.862 [info] fatal: not a git repository (or any parent up to mount point /)
Stopping at filesystem boundary (GIT_DISCOVERY_ACROSS_FILESYSTEM not set).
2023-12-10 04:14:55.862 [info] > git rev-parse --show-toplevel [7ms]
2023-12-10 04:14:55.862 [info] fatal: not a git repository (or any parent up to mount point /)
Stopping at filesystem boundary (GIT_DISCOVERY_ACROSS_FILESYSTEM not set).
2023-12-10 04:14:55.878 [info] > git rev-parse --show-toplevel [6ms]
2023-12-10 04:14:55.888 [info] > git rev-parse --git-dir --git-common-dir [1ms]
2023-12-10 04:14:55.895 [info] Open repository: /keep/dots
2023-12-10 04:14:55.906 [info] > git rev-parse --show-toplevel [2ms]
2023-12-10 04:14:55.906 [info] fatal: not a git repository (or any parent up to mount point /)
Stopping at filesystem boundary (GIT_DISCOVERY_ACROSS_FILESYSTEM not set).
2023-12-10 04:14:55.906 [info] > git config --get commit.template [6ms]
2023-12-10 04:14:55.916 [info] > git rev-parse --show-toplevel [5ms]
2023-12-10 04:14:55.916 [info] fatal: not a git repository (or any parent up to mount point /)
Stopping at filesystem boundary (GIT_DISCOVERY_ACROSS_FILESYSTEM not set).
2023-12-10 04:14:55.923 [info] > git rev-parse --show-toplevel [1ms]
2023-12-10 04:14:55.923 [info] fatal: not a git repository (or any parent up to mount point /)
Stopping at filesystem boundary (GIT_DISCOVERY_ACROSS_FILESYSTEM not set).
2023-12-10 04:14:55.928 [info] > git rev-parse --show-toplevel [1ms]
2023-12-10 04:14:55.928 [info] fatal: not a git repository (or any parent up to mount point /)
Stopping at filesystem boundary (GIT_DISCOVERY_ACROSS_FILESYSTEM not set).
2023-12-10 04:14:55.938 [info] > git rev-parse --show-toplevel [2ms]
2023-12-10 04:14:55.938 [info] fatal: not a git repository (or any parent up to mount point /)
Stopping at filesystem boundary (GIT_DISCOVERY_ACROSS_FILESYSTEM not set).
2023-12-10 04:14:55.947 [info] > git for-each-ref --format=%(refname)%00%(upstream:short)%00%(objectname)%00%(upstream:track)%00%(upstream:remotename)%00%(upstream:remoteref) refs/heads/main refs/remotes/main [32ms]
2023-12-10 04:14:55.948 [info] > git rev-parse --show-toplevel [3ms]
2023-12-10 04:14:55.948 [info] fatal: not a git repository (or any parent up to mount point /)
Stopping at filesystem boundary (GIT_DISCOVERY_ACROSS_FILESYSTEM not set).
2023-12-10 04:14:55.967 [info] > git rev-parse --show-toplevel [11ms]
2023-12-10 04:14:55.967 [info] fatal: not a git repository (or any parent up to mount point /)
Stopping at filesystem boundary (GIT_DISCOVERY_ACROSS_FILESYSTEM not set).
2023-12-10 04:14:55.973 [info] > git status -z -uall [10ms]
2023-12-10 04:14:55.985 [info] > git rev-parse --show-toplevel [12ms]
2023-12-10 04:14:55.985 [info] fatal: not a git repository (or any parent up to mount point /)
Stopping at filesystem boundary (GIT_DISCOVERY_ACROSS_FILESYSTEM not set).
2023-12-10 04:14:55.994 [info] > git config --get commit.template [9ms]
2023-12-10 04:14:56.046 [info] > git rev-parse --show-toplevel [53ms]
2023-12-10 04:14:56.047 [info] fatal: not a git repository (or any parent up to mount point /)
Stopping at filesystem boundary (GIT_DISCOVERY_ACROSS_FILESYSTEM not set).
2023-12-10 04:14:56.067 [info] > git rev-parse --show-toplevel [2ms]
2023-12-10 04:14:56.067 [info] fatal: not a git repository (or any parent up to mount point /)
Stopping at filesystem boundary (GIT_DISCOVERY_ACROSS_FILESYSTEM not set).
2023-12-10 04:14:56.068 [info] > git for-each-ref --format=%(refname)%00%(upstream:short)%00%(objectname)%00%(upstream:track)%00%(upstream:remotename)%00%(upstream:remoteref) refs/heads/main refs/remotes/main [13ms]
2023-12-10 04:14:56.077 [info] > git rev-parse --show-toplevel [2ms]
2023-12-10 04:14:56.077 [info] fatal: not a git repository (or any parent up to mount point /)
Stopping at filesystem boundary (GIT_DISCOVERY_ACROSS_FILESYSTEM not set).
2023-12-10 04:14:56.089 [info] > git rev-parse --show-toplevel [6ms]
2023-12-10 04:14:56.089 [info] fatal: not a git repository (or any parent up to mount point /)
Stopping at filesystem boundary (GIT_DISCOVERY_ACROSS_FILESYSTEM not set).
2023-12-10 04:14:56.095 [info] > git status -z -uall [7ms]
2023-12-10 04:14:56.095 [info] > git rev-parse --show-toplevel [1ms]
2023-12-10 04:14:56.095 [info] fatal: not a git repository (or any parent up to mount point /)
Stopping at filesystem boundary (GIT_DISCOVERY_ACROSS_FILESYSTEM not set).
2023-12-10 04:14:56.102 [info] > git rev-parse --show-toplevel [1ms]
2023-12-10 04:14:56.102 [info] fatal: not a git repository (or any parent up to mount point /)
Stopping at filesystem boundary (GIT_DISCOVERY_ACROSS_FILESYSTEM not set).
2023-12-10 04:14:56.108 [info] > git rev-parse --show-toplevel [1ms]
2023-12-10 04:14:56.118 [info] > git rev-parse --show-toplevel [2ms]
2023-12-10 04:14:56.127 [info] > git rev-parse --show-toplevel [1ms]
2023-12-10 04:14:56.137 [info] > git rev-parse --show-toplevel [1ms]
2023-12-10 04:14:56.144 [info] > git rev-parse --show-toplevel [1ms]
2023-12-10 04:14:56.149 [info] > git rev-parse --show-toplevel [1ms]
2023-12-10 04:14:56.439 [info] > git check-ignore -v -z --stdin [5ms]
2023-12-10 04:15:04.799 [info] > git check-ignore -v -z --stdin [0ms]
2023-12-10 04:15:07.821 [info] > git check-ignore -v -z --stdin [0ms]
2023-12-10 04:15:12.751 [info] > git check-ignore -v -z --stdin [1ms]
2023-12-10 04:15:16.169 [info] > git check-ignore -v -z --stdin [0ms]
2023-12-10 04:15:29.482 [info] > git check-ignore -v -z --stdin [1ms]
2023-12-10 04:15:40.208 [info] > git rev-parse --show-toplevel [0ms]
2023-12-10 04:15:40.208 [info] fatal: not a git repository (or any parent up to mount point /)
Stopping at filesystem boundary (GIT_DISCOVERY_ACROSS_FILESYSTEM not set).
2023-12-10 04:15:40.484 [info] > git show --textconv :hypr/hyprland.conf [20ms]
2023-12-10 04:15:40.487 [info] > git ls-files --stage -- /keep/dots/hypr/hyprland.conf [5ms]
2023-12-10 04:15:40.504 [info] > git cat-file -s 216eb8228afc8d3ab35b8bee0c1563be3930c048 [2ms]
2023-12-10 04:30:05.700 [info] > git config --get commit.template [11ms]
2023-12-10 04:30:05.701 [info] > git for-each-ref --format=%(refname)%00%(upstream:short)%00%(objectname)%00%(upstream:track)%00%(upstream:remotename)%00%(upstream:remoteref) refs/heads/main refs/remotes/main [1ms]
2023-12-10 04:30:05.707 [info] > git status -z -uall [1ms]
2023-12-10 04:31:46.056 [info] > git rev-parse --show-toplevel [1ms]
2023-12-10 04:31:46.056 [info] fatal: not a git repository (or any parent up to mount point /)
Stopping at filesystem boundary (GIT_DISCOVERY_ACROSS_FILESYSTEM not set).
2023-12-10 04:32:03.599 [info] > git rev-parse --show-toplevel [2ms]
2023-12-10 04:32:03.599 [info] fatal: not a git repository (or any parent up to mount point /)
Stopping at filesystem boundary (GIT_DISCOVERY_ACROSS_FILESYSTEM not set).
2023-12-10 04:32:03.604 [info] > git rev-parse --show-toplevel [1ms]
2023-12-10 04:32:03.604 [info] fatal: not a git repository (or any parent up to mount point /)
Stopping at filesystem boundary (GIT_DISCOVERY_ACROSS_FILESYSTEM not set).
2023-12-10 04:32:21.535 [info] > git rev-parse --show-toplevel [1ms]
2023-12-10 04:32:21.535 [info] fatal: not a git repository (or any parent up to mount point /)
Stopping at filesystem boundary (GIT_DISCOVERY_ACROSS_FILESYSTEM not set).
2023-12-10 04:32:21.561 [info] > git rev-parse --show-toplevel [1ms]
2023-12-10 04:32:21.561 [info] fatal: not a git repository (or any parent up to mount point /)
Stopping at filesystem boundary (GIT_DISCOVERY_ACROSS_FILESYSTEM not set).
2023-12-10 04:32:21.573 [info] > git rev-parse --show-toplevel [2ms]
2023-12-10 04:32:21.574 [info] fatal: not a git repository (or any parent up to mount point /)
Stopping at filesystem boundary (GIT_DISCOVERY_ACROSS_FILESYSTEM not set).
2023-12-10 04:35:56.928 [info] > git rev-parse --show-toplevel [1ms]
2023-12-10 04:35:56.928 [info] fatal: not a git repository (or any parent up to mount point /)
Stopping at filesystem boundary (GIT_DISCOVERY_ACROSS_FILESYSTEM not set).
2023-12-10 04:36:17.067 [info] > git rev-parse --show-toplevel [1ms]
2023-12-10 04:36:17.067 [info] fatal: not a git repository (or any parent up to mount point /)
Stopping at filesystem boundary (GIT_DISCOVERY_ACROSS_FILESYSTEM not set).
2023-12-10 04:40:22.397 [info] > git config --get commit.template [14ms]
2023-12-10 04:40:22.398 [info] > git for-each-ref --format=%(refname)%00%(upstream:short)%00%(objectname)%00%(upstream:track)%00%(upstream:remotename)%00%(upstream:remoteref) refs/heads/main refs/remotes/main [2ms]
2023-12-10 04:40:22.405 [info] > git status -z -uall [2ms]
2023-12-10 04:40:27.429 [info] > git config --get commit.template [8ms]
2023-12-10 04:40:27.430 [info] > git for-each-ref --format=%(refname)%00%(upstream:short)%00%(objectname)%00%(upstream:track)%00%(upstream:remotename)%00%(upstream:remoteref) refs/heads/main refs/remotes/main [1ms]
2023-12-10 04:40:27.436 [info] > git status -z -uall [2ms]
2023-12-10 04:40:27.874 [info] > git rev-parse --show-toplevel [1ms]
2023-12-10 04:40:27.874 [info] fatal: not a git repository (or any parent up to mount point /)
Stopping at filesystem boundary (GIT_DISCOVERY_ACROSS_FILESYSTEM not set).
2023-12-10 04:42:55.417 [info] > git config --get commit.template [6ms]
2023-12-10 04:42:55.418 [info] > git for-each-ref --format=%(refname)%00%(upstream:short)%00%(objectname)%00%(upstream:track)%00%(upstream:remotename)%00%(upstream:remoteref) refs/heads/main refs/remotes/main [1ms]
2023-12-10 04:42:55.430 [info] > git status -z -uall [1ms]
2023-12-10 04:43:39.439 [info] > git rev-parse --show-toplevel [22ms]
2023-12-10 04:43:39.439 [info] fatal: not a git repository (or any parent up to mount point /)
Stopping at filesystem boundary (GIT_DISCOVERY_ACROSS_FILESYSTEM not set).
2023-12-10 04:43:39.480 [info] > git rev-parse --show-toplevel [17ms]
2023-12-10 04:43:39.480 [info] fatal: not a git repository (or any parent up to mount point /)
Stopping at filesystem boundary (GIT_DISCOVERY_ACROSS_FILESYSTEM not set).
2023-12-10 04:43:39.515 [info] > git rev-parse --show-toplevel [20ms]
2023-12-10 04:43:39.515 [info] fatal: not a git repository (or any parent up to mount point /)
Stopping at filesystem boundary (GIT_DISCOVERY_ACROSS_FILESYSTEM not set).
2023-12-10 04:43:39.537 [info] > git rev-parse --show-toplevel [7ms]
2023-12-10 04:43:39.537 [info] fatal: not a git repository (or any parent up to mount point /)
Stopping at filesystem boundary (GIT_DISCOVERY_ACROSS_FILESYSTEM not set).
2023-12-10 04:43:47.097 [info] > git rev-parse --show-toplevel [2ms]
2023-12-10 04:43:47.097 [info] fatal: not a git repository (or any parent up to mount point /)
Stopping at filesystem boundary (GIT_DISCOVERY_ACROSS_FILESYSTEM not set).
2023-12-10 04:43:47.119 [info] > git rev-parse --show-toplevel [5ms]
2023-12-10 04:43:47.119 [info] fatal: not a git repository (or any parent up to mount point /)
Stopping at filesystem boundary (GIT_DISCOVERY_ACROSS_FILESYSTEM not set).
2023-12-10 04:43:55.560 [info] > git rev-parse --show-toplevel [1ms]
2023-12-10 04:43:55.560 [info] fatal: not a git repository (or any parent up to mount point /)
Stopping at filesystem boundary (GIT_DISCOVERY_ACROSS_FILESYSTEM not set).
2023-12-10 04:43:55.571 [info] > git rev-parse --show-toplevel [5ms]
2023-12-10 04:43:55.571 [info] fatal: not a git repository (or any parent up to mount point /)
Stopping at filesystem boundary (GIT_DISCOVERY_ACROSS_FILESYSTEM not set).
2023-12-10 04:44:04.241 [info] > git rev-parse --show-toplevel [1ms]
2023-12-10 04:44:04.241 [info] fatal: not a git repository (or any parent up to mount point /)
Stopping at filesystem boundary (GIT_DISCOVERY_ACROSS_FILESYSTEM not set).
2023-12-10 04:44:04.259 [info] > git rev-parse --show-toplevel [6ms]
2023-12-10 04:44:04.259 [info] fatal: not a git repository (or any parent up to mount point /)
Stopping at filesystem boundary (GIT_DISCOVERY_ACROSS_FILESYSTEM not set).
2023-12-10 04:44:04.321 [info] > git merge-base refs/heads/main refs/remotes/origin/main [1ms]
2023-12-10 04:44:04.333 [info] > git rev-list --count --left-right refs/heads/main...refs/remotes/origin/main [2ms]
2023-12-10 04:44:04.816 [info] > git check-ignore -v -z --stdin [1ms]
2023-12-10 04:44:20.348 [info] > git rev-parse --show-toplevel [1ms]
2023-12-10 04:44:20.348 [info] fatal: not a git repository (or any parent up to mount point /)
Stopping at filesystem boundary (GIT_DISCOVERY_ACROSS_FILESYSTEM not set).
2023-12-10 04:51:27.720 [info] > git rev-parse --show-toplevel [0ms]
2023-12-10 04:51:27.721 [info] fatal: not a git repository (or any parent up to mount point /)
Stopping at filesystem boundary (GIT_DISCOVERY_ACROSS_FILESYSTEM not set).
