2023-12-10 03:51:19.319 [info] Added views:workbench.panel.markers.view in workbench.panel.markers
2023-12-10 03:51:19.319 [info] Added views:workbench.panel.output in workbench.panel.output
2023-12-10 03:51:19.319 [info] Added views:terminal in terminal
2023-12-10 03:51:19.319 [info] Added views:outline in workbench.view.explorer
2023-12-10 03:51:19.319 [info] Added views:workbench.scm in workbench.view.scm
2023-12-10 03:51:19.319 [info] Added views:workbench.view.search in workbench.view.search
2023-12-10 03:51:19.319 [info] Added views:timeline in workbench.view.explorer
2023-12-10 03:51:19.319 [info] Added views:workbench.explorer.emptyView in workbench.view.explorer
2023-12-10 03:51:19.868 [info] Added views:workbench.debug.variablesView,workbench.debug.watchExpressionsView,workbench.debug.callStackView,workbench.debug.breakPointsView in workbench.view.debug
2023-12-10 03:51:19.906 [info] Added views:workbench.panel.repl.view in workbench.panel.repl
2023-12-10 03:51:19.906 [info] Removed views:workbench.debug.breakPointsView,workbench.debug.callStackView,workbench.debug.watchExpressionsView,workbench.debug.variablesView from workbench.view.debug
2023-12-10 03:51:19.907 [info] Added views:workbench.debug.welcome in workbench.view.debug
2023-12-10 03:51:19.985 [info] Added views:~remote.forwardedPorts in ~remote.forwardedPortsContainer
2023-12-10 03:52:27.171 [info] Added views:workbench.views.extensions.installed,workbench.views.extensions.popular,extensions.recommendedList in workbench.view.extensions
2023-12-10 03:52:27.173 [info] Removed views:workbench.views.extensions.popular from workbench.view.extensions
2023-12-10 03:52:27.474 [info] Added views:workbench.views.extensions.popular in workbench.view.extensions
2023-12-10 03:52:27.764 [info] Removed views:extensions.recommendedList,workbench.views.extensions.popular,workbench.views.extensions.installed from workbench.view.extensions
2023-12-10 03:52:27.773 [info] Added views:workbench.views.extensions.marketplace in workbench.view.extensions
2023-12-10 03:52:35.538 [info] Removed views:workbench.views.extensions.marketplace from workbench.view.extensions
2023-12-10 03:52:35.551 [info] Added views:workbench.views.extensions.installed,workbench.views.extensions.popular,extensions.recommendedList in workbench.view.extensions
2023-12-10 03:52:37.883 [info] Removed views:extensions.recommendedList,workbench.views.extensions.popular,workbench.views.extensions.installed from workbench.view.extensions
2023-12-10 03:52:37.888 [info] Added views:workbench.views.extensions.marketplace in workbench.view.extensions
2023-12-10 03:53:47.116 [info] Removed views:workbench.views.extensions.marketplace from workbench.view.extensions
2023-12-10 03:53:47.128 [info] Added views:workbench.views.extensions.installed,workbench.views.extensions.popular,extensions.recommendedList in workbench.view.extensions
2023-12-10 03:53:49.883 [info] Removed views:extensions.recommendedList,workbench.views.extensions.popular,workbench.views.extensions.installed from workbench.view.extensions
2023-12-10 03:53:49.891 [info] Added views:workbench.views.extensions.marketplace in workbench.view.extensions
2023-12-10 03:54:24.162 [info] Removed views:workbench.views.extensions.marketplace from workbench.view.extensions
2023-12-10 03:54:24.171 [info] Added views:workbench.views.extensions.installed,workbench.views.extensions.popular,extensions.recommendedList in workbench.view.extensions
2023-12-10 03:54:25.692 [info] Removed views:extensions.recommendedList,workbench.views.extensions.popular,workbench.views.extensions.installed from workbench.view.extensions
2023-12-10 03:54:25.698 [info] Added views:workbench.views.extensions.marketplace in workbench.view.extensions
2023-12-10 03:55:02.063 [info] Removed views:workbench.views.extensions.marketplace from workbench.view.extensions
2023-12-10 03:55:02.073 [info] Added views:workbench.views.extensions.installed,workbench.views.extensions.popular,extensions.recommendedList in workbench.view.extensions
2023-12-10 03:55:05.377 [info] Removed views:extensions.recommendedList,workbench.views.extensions.popular,workbench.views.extensions.installed from workbench.view.extensions
2023-12-10 03:55:05.382 [info] Added views:workbench.views.extensions.marketplace in workbench.view.extensions
2023-12-10 03:56:20.308 [info] Removed views:workbench.views.extensions.marketplace from workbench.view.extensions
2023-12-10 03:56:20.318 [info] Added views:workbench.views.extensions.installed,workbench.views.extensions.popular,extensions.recommendedList in workbench.view.extensions
2023-12-10 03:56:21.914 [info] Removed views:extensions.recommendedList,workbench.views.extensions.popular,workbench.views.extensions.installed from workbench.view.extensions
2023-12-10 03:56:21.921 [info] Added views:workbench.views.extensions.marketplace in workbench.view.extensions
2023-12-10 04:00:54.798 [info] Added views:workbench.panel.markers.view in workbench.panel.markers
2023-12-10 04:00:54.798 [info] Added views:workbench.panel.output in workbench.panel.output
2023-12-10 04:00:54.799 [info] Added views:terminal in terminal
2023-12-10 04:00:54.799 [info] Added views:outline in workbench.view.explorer
2023-12-10 04:00:54.799 [info] Added views:workbench.scm in workbench.view.scm
2023-12-10 04:00:54.799 [info] Added views:workbench.view.search in workbench.view.search
2023-12-10 04:00:54.799 [info] Added views:timeline in workbench.view.explorer
2023-12-10 04:00:54.799 [info] Added views:workbench.explorer.fileView in workbench.view.explorer
2023-12-10 04:00:55.098 [info] Added views:workbench.debug.variablesView,workbench.debug.watchExpressionsView,workbench.debug.callStackView,workbench.debug.breakPointsView in workbench.view.debug
2023-12-10 04:00:55.137 [info] Added views:~remote.forwardedPorts in ~remote.forwardedPortsContainer
2023-12-10 04:00:55.274 [info] Added views:workbench.panel.repl.view in workbench.panel.repl
2023-12-10 04:00:55.277 [info] Removed views:workbench.debug.breakPointsView,workbench.debug.callStackView,workbench.debug.watchExpressionsView,workbench.debug.variablesView from workbench.view.debug
2023-12-10 04:00:55.278 [info] Added views:workbench.debug.welcome in workbench.view.debug
