2023-12-10 04:06:48.802 [info] Added views:workbench.panel.markers.view in workbench.panel.markers
2023-12-10 04:06:48.802 [info] Added views:workbench.panel.output in workbench.panel.output
2023-12-10 04:06:48.802 [info] Added views:terminal in terminal
2023-12-10 04:06:48.802 [info] Added views:outline in workbench.view.explorer
2023-12-10 04:06:48.802 [info] Added views:workbench.scm in workbench.view.scm
2023-12-10 04:06:48.802 [info] Added views:workbench.view.search in workbench.view.search
2023-12-10 04:06:48.802 [info] Added views:timeline in workbench.view.explorer
2023-12-10 04:06:48.802 [info] Added views:workbench.explorer.fileView in workbench.view.explorer
2023-12-10 04:06:49.287 [info] Added views:workbench.debug.welcome in workbench.view.debug
2023-12-10 04:06:49.321 [info] Added views:workbench.panel.repl.view in workbench.panel.repl
2023-12-10 04:06:50.816 [info] Added views:~remote.forwardedPorts in ~remote.forwardedPortsContainer
2023-12-10 04:07:12.097 [info] Added views:workbench.views.extensions.installed,workbench.views.extensions.popular,extensions.recommendedList in workbench.view.extensions
2023-12-10 04:07:12.103 [info] Removed views:workbench.views.extensions.popular from workbench.view.extensions
2023-12-10 04:07:17.663 [info] Added views:workbench.panel.markers.view in workbench.panel.markers
2023-12-10 04:07:17.663 [info] Added views:workbench.panel.output in workbench.panel.output
2023-12-10 04:07:17.663 [info] Added views:terminal in terminal
2023-12-10 04:07:17.663 [info] Added views:outline in workbench.view.explorer
2023-12-10 04:07:17.663 [info] Added views:workbench.scm in workbench.view.scm
2023-12-10 04:07:17.663 [info] Added views:workbench.view.search in workbench.view.search
2023-12-10 04:07:17.663 [info] Added views:timeline in workbench.view.explorer
2023-12-10 04:07:17.663 [info] Added views:workbench.explorer.fileView in workbench.view.explorer
2023-12-10 04:07:18.016 [info] Added views:workbench.debug.welcome in workbench.view.debug
2023-12-10 04:07:18.026 [info] Added views:~remote.forwardedPorts in ~remote.forwardedPortsContainer
2023-12-10 04:07:18.146 [info] Added views:workbench.panel.repl.view in workbench.panel.repl
2023-12-10 04:07:18.228 [info] Added views:workbench.views.extensions.installed,extensions.recommendedList in workbench.view.extensions
