shfmt hasn't downloaded yet!Error: ENOENT: no such file or directory, stat '/home/cyd/.vscode-oss/extensions/foxundermoon.shell-format-7.0.1-universal/bin/shfmt_v3.0.1_linux_amd64'
Shfmt will be downloaded automatically!
download url: https://github.com/mvdan/sh/releases/download/v3.0.1/shfmt_v3.0.1_linux_amd64
download to: /home/cyd/.vscode-oss/extensions/foxundermoon.shell-format-7.0.1-universal/bin/shfmt_v3.0.1_linux_amd64
If the download fails, you can manually download it to the dest directory.
Or download to another directory, and then set the "shellformat.path" as the path
download shfmt page: https://github.com/mvdan/sh/releases
You can't use this plugin until the download is successful.
downloaded:[0.05%]
downloaded:[0.09%]
downloaded:[0.14%]
downloaded:[0.18%]
downloaded:[0.23%]
downloaded:[0.27%]
downloaded:[0.32%]
downloaded:[0.37%]
downloaded:[0.41%]
downloaded:[0.46%]
downloaded:[0.50%]
downloaded:[0.54%]
downloaded:[0.59%]
downloaded:[0.63%]
downloaded:[0.68%]
downloaded:[0.73%]
downloaded:[0.77%]
downloaded:[0.82%]
downloaded:[0.86%]
downloaded:[0.91%]
downloaded:[0.95%]
downloaded:[1.00%]
downloaded:[1.05%]
downloaded:[1.09%]
downloaded:[1.14%]
downloaded:[1.18%]
downloaded:[1.23%]
downloaded:[1.27%]
downloaded:[1.32%]
downloaded:[1.37%]
downloaded:[1.41%]
downloaded:[1.46%]
downloaded:[1.50%]
downloaded:[1.55%]
downloaded:[1.59%]
downloaded:[1.64%]
downloaded:[1.69%]
downloaded:[1.73%]
downloaded:[1.78%]
downloaded:[1.82%]
downloaded:[1.87%]
downloaded:[1.91%]
downloaded:[1.96%]
downloaded:[2.01%]
downloaded:[2.05%]
downloaded:[2.07%]
downloaded:[2.61%]
downloaded:[3.16%]
downloaded:[3.70%]
downloaded:[4.24%]
downloaded:[4.79%]
downloaded:[5.33%]
downloaded:[5.88%]
downloaded:[6.42%]
downloaded:[6.96%]
downloaded:[7.51%]
downloaded:[8.05%]
downloaded:[8.59%]
downloaded:[9.14%]
downloaded:[9.68%]
downloaded:[10.22%]
downloaded:[10.77%]
downloaded:[11.31%]
downloaded:[11.85%]
downloaded:[12.40%]
downloaded:[12.94%]
downloaded:[13.48%]
downloaded:[14.03%]
downloaded:[14.57%]
downloaded:[15.11%]
downloaded:[15.66%]
downloaded:[16.20%]
downloaded:[16.74%]
downloaded:[17.29%]
downloaded:[17.83%]
downloaded:[18.38%]
downloaded:[18.58%]
downloaded:[19.13%]
downloaded:[19.67%]
downloaded:[20.21%]
downloaded:[20.76%]
downloaded:[21.30%]
downloaded:[21.84%]
downloaded:[22.39%]
downloaded:[22.93%]
downloaded:[23.47%]
downloaded:[24.02%]
downloaded:[24.56%]
downloaded:[25.11%]
downloaded:[25.65%]
downloaded:[26.19%]
downloaded:[26.74%]
downloaded:[27.28%]
downloaded:[27.82%]
downloaded:[28.37%]
downloaded:[28.91%]
downloaded:[29.45%]
downloaded:[30.00%]
downloaded:[30.54%]
downloaded:[31.08%]
downloaded:[31.63%]
downloaded:[32.17%]
downloaded:[32.71%]
downloaded:[33.26%]
downloaded:[33.80%]
downloaded:[34.34%]
downloaded:[34.89%]
downloaded:[35.43%]
downloaded:[35.97%]
downloaded:[36.52%]
downloaded:[37.06%]
downloaded:[37.61%]
downloaded:[37.98%]
downloaded:[38.52%]
downloaded:[39.07%]
downloaded:[39.61%]
downloaded:[40.15%]
downloaded:[40.70%]
downloaded:[41.24%]
downloaded:[41.78%]
downloaded:[42.33%]
downloaded:[42.87%]
downloaded:[43.41%]
downloaded:[43.96%]
downloaded:[44.50%]
downloaded:[45.04%]
downloaded:[45.59%]
downloaded:[46.13%]
downloaded:[46.67%]
downloaded:[47.22%]
downloaded:[47.76%]
downloaded:[48.30%]
downloaded:[48.85%]
downloaded:[49.39%]
downloaded:[49.94%]
downloaded:[50.48%]
downloaded:[51.02%]
downloaded:[51.57%]
downloaded:[52.11%]
downloaded:[52.65%]
downloaded:[53.20%]
downloaded:[53.74%]
downloaded:[54.28%]
downloaded:[54.83%]
downloaded:[55.37%]
downloaded:[55.91%]
downloaded:[56.46%]
downloaded:[57.00%]
downloaded:[57.37%]
downloaded:[57.92%]
downloaded:[58.46%]
downloaded:[59.00%]
downloaded:[59.55%]
downloaded:[60.09%]
downloaded:[60.63%]
downloaded:[61.18%]
downloaded:[61.72%]
downloaded:[62.27%]
downloaded:[62.81%]
downloaded:[63.35%]
downloaded:[63.90%]
downloaded:[64.44%]
downloaded:[64.98%]
downloaded:[65.53%]
downloaded:[66.07%]
downloaded:[66.61%]
downloaded:[67.16%]
downloaded:[67.70%]
downloaded:[68.24%]
downloaded:[68.79%]
downloaded:[69.33%]
downloaded:[69.87%]
downloaded:[70.42%]
downloaded:[70.96%]
downloaded:[71.50%]
downloaded:[72.05%]
downloaded:[72.59%]
downloaded:[73.13%]
downloaded:[73.68%]
downloaded:[74.22%]
downloaded:[74.77%]
downloaded:[75.31%]
downloaded:[75.85%]
downloaded:[76.40%]
downloaded:[76.84%]
downloaded:[77.38%]
downloaded:[77.93%]
downloaded:[78.47%]
downloaded:[79.01%]
downloaded:[79.56%]
downloaded:[80.10%]
downloaded:[80.64%]
downloaded:[81.19%]
downloaded:[81.73%]
downloaded:[82.27%]
downloaded:[82.82%]
downloaded:[83.36%]
downloaded:[83.90%]
downloaded:[84.45%]
downloaded:[84.99%]
downloaded:[85.53%]
downloaded:[86.08%]
downloaded:[86.62%]
downloaded:[87.16%]
downloaded:[87.71%]
downloaded:[88.25%]
downloaded:[88.80%]
downloaded:[89.34%]
downloaded:[89.88%]
downloaded:[90.43%]
downloaded:[90.97%]
downloaded:[91.51%]
downloaded:[92.06%]
downloaded:[92.60%]
downloaded:[93.14%]
downloaded:[93.69%]
downloaded:[94.23%]
downloaded:[94.77%]
downloaded:[95.32%]
downloaded:[95.86%]
downloaded:[96.23%]
downloaded:[96.78%]
downloaded:[97.32%]
downloaded:[97.86%]
downloaded:[98.41%]
downloaded:[98.95%]
downloaded:[99.49%]
downloaded:[100.00%]
download success, You can use it successfully!
Suggestions or issues can be submitted here https://git.io/vsshell-issues
