2023-12-12 03:44:09.631 [info] Extension host with pid 30497 started
2023-12-12 03:44:09.631 [info] Skipping acquiring lock for /home/cyd/.config/Code - OSS/User/workspaceStorage/9321b83e33d093420b6e8f20cb304363.
2023-12-12 03:44:09.926 [info] ExtensionService#_doActivateExtension vscode.emmet, startup: false, activationEvent: 'onLanguage'
2023-12-12 03:44:09.945 [info] ExtensionService#_doActivateExtension mkhl.direnv, startup: false, activationEvent: 'onLanguage'
2023-12-12 03:44:09.955 [info] ExtensionService#_doActivateExtension bmalehorn.vscode-fish, startup: false, activationEvent: 'onLanguage:fish'
2023-12-12 03:44:10.151 [info] ExtensionService#_doActivateExtension vscode.git-base, startup: true, activationEvent: '*', root cause: vscode.git
2023-12-12 03:44:10.153 [info] ExtensionService#_doActivateExtension dlasagno.wal-theme, startup: true, activationEvent: '*'
2023-12-12 03:44:10.171 [info] ExtensionService#_doActivateExtension fkrull.gtk-dark-titlebar, startup: true, activationEvent: '*'
2023-12-12 03:44:10.244 [info] ExtensionService#_doActivateExtension vscode.git, startup: true, activationEvent: '*'
2023-12-12 03:44:10.321 [info] ExtensionService#_doActivateExtension vscode.github, startup: true, activationEvent: '*'
2023-12-12 03:44:10.423 [info] Eager extensions activated
2023-12-12 03:44:10.492 [info] ExtensionService#_doActivateExtension vscode.debug-auto-launch, startup: false, activationEvent: 'onStartupFinished'
2023-12-12 03:44:10.494 [info] ExtensionService#_doActivateExtension vscode.merge-conflict, startup: false, activationEvent: 'onStartupFinished'
2023-12-12 03:44:10.518 [info] ExtensionService#_doActivateExtension formulahendry.code-runner, startup: false, activationEvent: 'onStartupFinished'
2023-12-12 03:44:10.700 [info] ExtensionService#_doActivateExtension vscode.github-authentication, startup: false, activationEvent: 'onAuthenticationRequest:github'
2023-12-12 03:44:11.449 [error] Error: ENOENT: no such file or directory, scandir '/keep/configs'
2023-12-12 03:44:51.370 [info] ExtensionService#_doActivateExtension foxundermoon.shell-format, startup: false, activationEvent: 'onLanguage:properties'
2023-12-12 03:46:11.718 [info] ExtensionService#_doActivateExtension vscode.json-language-features, startup: false, activationEvent: 'onLanguage:jsonc'
2023-12-12 03:46:11.777 [info] ExtensionService#_doActivateExtension vscode.typescript-language-features, startup: false, activationEvent: 'onLanguage:jsonc'
2023-12-12 04:32:24.743 [warning] [Decorations] CAPPING events from decorations provider vscode.git 2717
2023-12-12 04:32:25.016 [warning] [Decorations] CAPPING events from decorations provider vscode.git 2717
