2023-12-10 03:51:20.061 [info] Log level: Info
2023-12-10 03:51:20.061 [info] Validating found git in: "git"
2023-12-10 03:51:20.061 [info] Using git "2.43.0" from "git"
2023-12-10 04:01:01.126 [info] Log level: Info
2023-12-10 04:01:01.126 [info] Validating found git in: "git"
2023-12-10 04:01:01.126 [info] Using git "2.43.0" from "git"
2023-12-10 04:01:01.126 [info] > git rev-parse --show-toplevel [17ms]
2023-12-10 04:01:01.127 [info] fatal: not a git repository (or any parent up to mount point /)
Stopping at filesystem boundary (GIT_DISCOVERY_ACROSS_FILESYSTEM not set).
2023-12-10 04:01:01.136 [info] > git rev-parse --show-toplevel [5ms]
2023-12-10 04:01:01.136 [info] fatal: not a git repository (or any parent up to mount point /)
Stopping at filesystem boundary (GIT_DISCOVERY_ACROSS_FILESYSTEM not set).
2023-12-10 04:01:01.143 [info] > git rev-parse --show-toplevel [3ms]
2023-12-10 04:01:01.143 [info] fatal: not a git repository (or any parent up to mount point /)
Stopping at filesystem boundary (GIT_DISCOVERY_ACROSS_FILESYSTEM not set).
2023-12-10 04:01:01.152 [info] > git rev-parse --show-toplevel [1ms]
2023-12-10 04:01:01.152 [info] fatal: not a git repository (or any parent up to mount point /)
Stopping at filesystem boundary (GIT_DISCOVERY_ACROSS_FILESYSTEM not set).
2023-12-10 04:01:01.161 [info] > git rev-parse --show-toplevel [1ms]
2023-12-10 04:01:01.161 [info] fatal: not a git repository (or any parent up to mount point /)
Stopping at filesystem boundary (GIT_DISCOVERY_ACROSS_FILESYSTEM not set).
2023-12-10 04:01:01.167 [info] > git rev-parse --show-toplevel [1ms]
2023-12-10 04:01:01.167 [info] fatal: not a git repository (or any parent up to mount point /)
Stopping at filesystem boundary (GIT_DISCOVERY_ACROSS_FILESYSTEM not set).
2023-12-10 04:01:01.172 [info] > git rev-parse --show-toplevel [1ms]
2023-12-10 04:01:01.172 [info] fatal: not a git repository (or any parent up to mount point /)
Stopping at filesystem boundary (GIT_DISCOVERY_ACROSS_FILESYSTEM not set).
2023-12-10 04:01:01.176 [info] > git rev-parse --show-toplevel [0ms]
2023-12-10 04:01:01.177 [info] fatal: not a git repository (or any parent up to mount point /)
Stopping at filesystem boundary (GIT_DISCOVERY_ACROSS_FILESYSTEM not set).
2023-12-10 04:01:01.181 [info] > git rev-parse --show-toplevel [1ms]
2023-12-10 04:01:01.181 [info] fatal: not a git repository (or any parent up to mount point /)
Stopping at filesystem boundary (GIT_DISCOVERY_ACROSS_FILESYSTEM not set).
2023-12-10 04:01:01.187 [info] > git rev-parse --show-toplevel [1ms]
2023-12-10 04:01:01.187 [info] fatal: not a git repository (or any parent up to mount point /)
Stopping at filesystem boundary (GIT_DISCOVERY_ACROSS_FILESYSTEM not set).
2023-12-10 04:01:01.194 [info] > git rev-parse --show-toplevel [3ms]
2023-12-10 04:01:01.194 [info] fatal: not a git repository (or any parent up to mount point /)
Stopping at filesystem boundary (GIT_DISCOVERY_ACROSS_FILESYSTEM not set).
2023-12-10 04:01:01.205 [info] > git rev-parse --show-toplevel [1ms]
2023-12-10 04:01:01.205 [info] fatal: not a git repository (or any parent up to mount point /)
Stopping at filesystem boundary (GIT_DISCOVERY_ACROSS_FILESYSTEM not set).
2023-12-10 04:01:01.214 [info] > git rev-parse --show-toplevel [2ms]
2023-12-10 04:01:01.214 [info] fatal: not a git repository (or any parent up to mount point /)
Stopping at filesystem boundary (GIT_DISCOVERY_ACROSS_FILESYSTEM not set).
2023-12-10 04:01:01.224 [info] > git rev-parse --show-toplevel [4ms]
2023-12-10 04:01:01.224 [info] fatal: not a git repository (or any parent up to mount point /)
Stopping at filesystem boundary (GIT_DISCOVERY_ACROSS_FILESYSTEM not set).
2023-12-10 04:02:59.990 [info] > git rev-parse --show-toplevel [5ms]
2023-12-10 04:02:59.990 [info] fatal: not a git repository (or any parent up to mount point /)
Stopping at filesystem boundary (GIT_DISCOVERY_ACROSS_FILESYSTEM not set).
2023-12-10 04:03:02.388 [info] > git rev-parse --show-toplevel [2ms]
2023-12-10 04:03:02.389 [info] fatal: not a git repository (or any parent up to mount point /)
Stopping at filesystem boundary (GIT_DISCOVERY_ACROSS_FILESYSTEM not set).
2023-12-10 04:03:07.260 [info] > git rev-parse --show-toplevel [1ms]
2023-12-10 04:03:07.260 [info] fatal: not a git repository (or any parent up to mount point /)
Stopping at filesystem boundary (GIT_DISCOVERY_ACROSS_FILESYSTEM not set).
2023-12-10 04:03:14.985 [info] > git rev-parse --show-toplevel [1ms]
2023-12-10 04:03:14.985 [info] fatal: not a git repository (or any parent up to mount point /)
Stopping at filesystem boundary (GIT_DISCOVERY_ACROSS_FILESYSTEM not set).
2023-12-10 04:03:18.898 [info] > git rev-parse --show-toplevel [1ms]
2023-12-10 04:03:18.898 [info] fatal: not a git repository (or any parent up to mount point /)
Stopping at filesystem boundary (GIT_DISCOVERY_ACROSS_FILESYSTEM not set).
2023-12-10 04:03:46.429 [info] > git rev-parse --show-toplevel [1ms]
2023-12-10 04:03:46.429 [info] fatal: not a git repository (or any parent up to mount point /)
Stopping at filesystem boundary (GIT_DISCOVERY_ACROSS_FILESYSTEM not set).
2023-12-10 04:04:21.847 [info] > git rev-parse --show-toplevel [3ms]
2023-12-10 04:04:21.848 [info] fatal: not a git repository (or any parent up to mount point /)
Stopping at filesystem boundary (GIT_DISCOVERY_ACROSS_FILESYSTEM not set).
2023-12-10 04:06:10.391 [info] > git rev-parse --show-toplevel [2ms]
2023-12-10 04:06:10.391 [info] fatal: not a git repository (or any parent up to mount point /)
Stopping at filesystem boundary (GIT_DISCOVERY_ACROSS_FILESYSTEM not set).
