2023-12-10 05:33:14.405 [info] Log level: Info
2023-12-10 05:33:14.405 [info] Validating found git in: "git"
2023-12-10 05:33:14.405 [info] Using git "2.43.0" from "git"
2023-12-10 05:33:14.405 [info] > git rev-parse --show-toplevel [36ms]
2023-12-10 05:33:14.405 [info] fatal: not a git repository (or any parent up to mount point /)
Stopping at filesystem boundary (GIT_DISCOVERY_ACROSS_FILESYSTEM not set).
2023-12-10 05:33:14.405 [info] > git rev-parse --show-toplevel [74ms]
2023-12-10 05:33:14.405 [info] fatal: not a git repository (or any parent up to mount point /)
Stopping at filesystem boundary (GIT_DISCOVERY_ACROSS_FILESYSTEM not set).
2023-12-10 05:33:14.405 [info] > git rev-parse --show-toplevel [1ms]
2023-12-10 05:33:14.413 [info] > git rev-parse --git-dir --git-common-dir [1ms]
2023-12-10 05:33:14.425 [info] Open repository: /keep/dots
2023-12-10 05:33:14.446 [info] > git rev-parse --show-toplevel [1ms]
2023-12-10 05:33:14.447 [info] fatal: not a git repository (or any parent up to mount point /)
Stopping at filesystem boundary (GIT_DISCOVERY_ACROSS_FILESYSTEM not set).
2023-12-10 05:33:14.447 [info] > git config --get commit.template [11ms]
2023-12-10 05:33:14.458 [info] > git for-each-ref --format=%(refname)%00%(upstream:short)%00%(objectname)%00%(upstream:track)%00%(upstream:remotename)%00%(upstream:remoteref) refs/heads/main refs/remotes/main [1ms]
2023-12-10 05:33:14.458 [info] > git rev-parse --show-toplevel [5ms]
2023-12-10 05:33:14.458 [info] fatal: not a git repository (or any parent up to mount point /)
Stopping at filesystem boundary (GIT_DISCOVERY_ACROSS_FILESYSTEM not set).
2023-12-10 05:33:14.474 [info] > git rev-parse --show-toplevel [11ms]
2023-12-10 05:33:14.474 [info] fatal: not a git repository (or any parent up to mount point /)
Stopping at filesystem boundary (GIT_DISCOVERY_ACROSS_FILESYSTEM not set).
2023-12-10 05:33:14.483 [info] > git status -z -uall [11ms]
2023-12-10 05:33:14.498 [info] > git rev-parse --show-toplevel [16ms]
2023-12-10 05:33:14.498 [info] fatal: not a git repository (or any parent up to mount point /)
Stopping at filesystem boundary (GIT_DISCOVERY_ACROSS_FILESYSTEM not set).
2023-12-10 05:33:14.505 [info] > git config --get commit.template [8ms]
2023-12-10 05:33:14.505 [info] > git rev-parse --show-toplevel [1ms]
2023-12-10 05:33:14.505 [info] fatal: not a git repository (or any parent up to mount point /)
Stopping at filesystem boundary (GIT_DISCOVERY_ACROSS_FILESYSTEM not set).
2023-12-10 05:33:14.585 [info] > git for-each-ref --format=%(refname)%00%(upstream:short)%00%(objectname)%00%(upstream:track)%00%(upstream:remotename)%00%(upstream:remoteref) refs/heads/main refs/remotes/main [11ms]
2023-12-10 05:33:14.602 [info] > git rev-parse --show-toplevel [19ms]
2023-12-10 05:33:14.602 [info] fatal: not a git repository (or any parent up to mount point /)
Stopping at filesystem boundary (GIT_DISCOVERY_ACROSS_FILESYSTEM not set).
2023-12-10 05:33:14.611 [info] > git rev-parse --show-toplevel [5ms]
2023-12-10 05:33:14.611 [info] fatal: not a git repository (or any parent up to mount point /)
Stopping at filesystem boundary (GIT_DISCOVERY_ACROSS_FILESYSTEM not set).
2023-12-10 05:33:14.634 [info] > git status -z -uall [11ms]
2023-12-10 05:33:14.634 [info] > git rev-parse --show-toplevel [2ms]
2023-12-10 05:33:14.634 [info] fatal: not a git repository (or any parent up to mount point /)
Stopping at filesystem boundary (GIT_DISCOVERY_ACROSS_FILESYSTEM not set).
2023-12-10 05:33:14.652 [info] > git rev-parse --show-toplevel [2ms]
2023-12-10 05:33:14.652 [info] fatal: not a git repository (or any parent up to mount point /)
Stopping at filesystem boundary (GIT_DISCOVERY_ACROSS_FILESYSTEM not set).
2023-12-10 05:33:14.680 [info] > git rev-parse --show-toplevel [11ms]
2023-12-10 05:33:14.680 [info] fatal: not a git repository (or any parent up to mount point /)
Stopping at filesystem boundary (GIT_DISCOVERY_ACROSS_FILESYSTEM not set).
2023-12-10 05:33:14.694 [info] > git rev-parse --show-toplevel [1ms]
2023-12-10 05:33:14.694 [info] fatal: not a git repository (or any parent up to mount point /)
Stopping at filesystem boundary (GIT_DISCOVERY_ACROSS_FILESYSTEM not set).
2023-12-10 05:33:14.700 [info] > git rev-parse --show-toplevel [1ms]
2023-12-10 05:33:14.700 [info] fatal: not a git repository (or any parent up to mount point /)
Stopping at filesystem boundary (GIT_DISCOVERY_ACROSS_FILESYSTEM not set).
2023-12-10 05:33:14.705 [info] > git rev-parse --show-toplevel [1ms]
2023-12-10 05:33:14.705 [info] fatal: not a git repository (or any parent up to mount point /)
Stopping at filesystem boundary (GIT_DISCOVERY_ACROSS_FILESYSTEM not set).
2023-12-10 05:33:14.718 [info] > git rev-parse --show-toplevel [1ms]
2023-12-10 05:33:14.718 [info] fatal: not a git repository (or any parent up to mount point /)
Stopping at filesystem boundary (GIT_DISCOVERY_ACROSS_FILESYSTEM not set).
2023-12-10 05:33:14.730 [info] > git rev-parse --show-toplevel [3ms]
2023-12-10 05:33:14.730 [info] fatal: not a git repository (or any parent up to mount point /)
Stopping at filesystem boundary (GIT_DISCOVERY_ACROSS_FILESYSTEM not set).
2023-12-10 05:33:14.742 [info] > git rev-parse --show-toplevel [3ms]
2023-12-10 05:33:14.742 [info] fatal: not a git repository (or any parent up to mount point /)
Stopping at filesystem boundary (GIT_DISCOVERY_ACROSS_FILESYSTEM not set).
2023-12-10 05:33:14.748 [info] > git rev-parse --show-toplevel [1ms]
2023-12-10 05:33:14.759 [info] > git rev-parse --show-toplevel [1ms]
2023-12-10 05:33:14.771 [info] > git rev-parse --show-toplevel [1ms]
2023-12-10 05:33:14.786 [info] > git rev-parse --show-toplevel [2ms]
2023-12-10 05:33:14.799 [info] > git rev-parse --show-toplevel [1ms]
2023-12-10 05:33:14.805 [info] > git rev-parse --show-toplevel [1ms]
2023-12-10 05:33:14.811 [info] > git rev-parse --show-toplevel [0ms]
2023-12-10 05:33:14.811 [info] fatal: not a git repository (or any parent up to mount point /)
Stopping at filesystem boundary (GIT_DISCOVERY_ACROSS_FILESYSTEM not set).
2023-12-10 05:33:14.824 [info] > git rev-parse --show-toplevel [1ms]
2023-12-10 05:33:14.824 [info] fatal: not a git repository (or any parent up to mount point /)
Stopping at filesystem boundary (GIT_DISCOVERY_ACROSS_FILESYSTEM not set).
2023-12-10 05:33:14.955 [info] > git check-ignore -v -z --stdin [1ms]
2023-12-10 05:33:15.101 [info] > git rev-parse --show-toplevel [2ms]
2023-12-10 05:33:15.101 [info] fatal: not a git repository (or any parent up to mount point /)
Stopping at filesystem boundary (GIT_DISCOVERY_ACROSS_FILESYSTEM not set).
2023-12-10 05:33:15.112 [info] > git rev-parse --show-toplevel [5ms]
2023-12-10 05:33:15.112 [info] fatal: not a git repository (or any parent up to mount point /)
Stopping at filesystem boundary (GIT_DISCOVERY_ACROSS_FILESYSTEM not set).
2023-12-10 05:33:15.282 [info] > git rev-parse --show-toplevel [1ms]
2023-12-10 05:33:15.282 [info] fatal: not a git repository (or any parent up to mount point /)
Stopping at filesystem boundary (GIT_DISCOVERY_ACROSS_FILESYSTEM not set).
2023-12-10 05:33:15.291 [info] > git rev-parse --show-toplevel [5ms]
2023-12-10 05:33:15.291 [info] fatal: not a git repository (or any parent up to mount point /)
Stopping at filesystem boundary (GIT_DISCOVERY_ACROSS_FILESYSTEM not set).
2023-12-10 05:33:31.003 [info] > git rev-parse --show-toplevel [1ms]
2023-12-10 05:33:31.004 [info] fatal: not a git repository (or any parent up to mount point /)
Stopping at filesystem boundary (GIT_DISCOVERY_ACROSS_FILESYSTEM not set).
2023-12-10 05:33:41.888 [info] > git check-ignore -v -z --stdin [1ms]
2023-12-10 05:36:20.176 [info] > git rev-parse --show-toplevel [2ms]
2023-12-10 05:36:20.176 [info] fatal: not a git repository (or any parent up to mount point /)
Stopping at filesystem boundary (GIT_DISCOVERY_ACROSS_FILESYSTEM not set).
2023-12-10 05:39:24.140 [info] > git rev-parse --show-toplevel [2ms]
2023-12-10 05:39:24.140 [info] fatal: not a git repository (or any parent up to mount point /)
Stopping at filesystem boundary (GIT_DISCOVERY_ACROSS_FILESYSTEM not set).
2023-12-10 05:41:15.174 [info] > git rev-parse --show-toplevel [1ms]
2023-12-10 05:41:15.174 [info] fatal: not a git repository (or any parent up to mount point /)
Stopping at filesystem boundary (GIT_DISCOVERY_ACROSS_FILESYSTEM not set).
2023-12-10 05:41:19.691 [info] > git rev-parse --show-toplevel [1ms]
2023-12-10 05:41:19.691 [info] fatal: not a git repository (or any parent up to mount point /)
Stopping at filesystem boundary (GIT_DISCOVERY_ACROSS_FILESYSTEM not set).
2023-12-10 05:42:45.058 [info] > git rev-parse --show-toplevel [1ms]
2023-12-10 05:42:45.058 [info] fatal: not a git repository (or any parent up to mount point /)
Stopping at filesystem boundary (GIT_DISCOVERY_ACROSS_FILESYSTEM not set).
2023-12-10 05:43:14.428 [info] > git rev-parse --show-toplevel [1ms]
2023-12-10 05:43:14.428 [info] fatal: not a git repository (or any parent up to mount point /)
Stopping at filesystem boundary (GIT_DISCOVERY_ACROSS_FILESYSTEM not set).
2023-12-10 05:43:18.753 [info] > git rev-parse --show-toplevel [1ms]
2023-12-10 05:43:18.753 [info] fatal: not a git repository (or any parent up to mount point /)
Stopping at filesystem boundary (GIT_DISCOVERY_ACROSS_FILESYSTEM not set).
2023-12-10 05:43:20.499 [info] > git rev-parse --show-toplevel [0ms]
2023-12-10 05:43:20.499 [info] fatal: not a git repository (or any parent up to mount point /)
Stopping at filesystem boundary (GIT_DISCOVERY_ACROSS_FILESYSTEM not set).
2023-12-10 05:43:23.502 [info] > git rev-parse --show-toplevel [1ms]
2023-12-10 05:43:23.502 [info] fatal: not a git repository (or any parent up to mount point /)
Stopping at filesystem boundary (GIT_DISCOVERY_ACROSS_FILESYSTEM not set).
2023-12-10 05:43:32.932 [info] > git rev-parse --show-toplevel [1ms]
2023-12-10 05:43:32.932 [info] fatal: not a git repository (or any parent up to mount point /)
Stopping at filesystem boundary (GIT_DISCOVERY_ACROSS_FILESYSTEM not set).
2023-12-10 05:44:02.471 [info] > git rev-parse --show-toplevel [1ms]
2023-12-10 05:44:02.471 [info] fatal: not a git repository (or any parent up to mount point /)
Stopping at filesystem boundary (GIT_DISCOVERY_ACROSS_FILESYSTEM not set).
2023-12-10 05:45:21.317 [info] > git show --textconv :hypr/hyprland.conf [26ms]
2023-12-10 05:45:21.321 [info] > git ls-files --stage -- /keep/dots/hypr/hyprland.conf [5ms]
2023-12-10 05:45:21.333 [info] > git cat-file -s 216eb8228afc8d3ab35b8bee0c1563be3930c048 [2ms]
2023-12-10 05:45:30.015 [info] > git check-ignore -v -z --stdin [1ms]
2023-12-10 05:45:33.727 [info] > git show --textconv :hypr/conf/decoration.conf [6ms]
2023-12-10 05:45:33.728 [info] > git ls-files --stage -- /keep/dots/hypr/conf/decoration.conf [2ms]
2023-12-10 05:45:33.734 [info] > git cat-file -s bf814e73fbdae720392f2b0dcbde03a23fd40b77 [1ms]
2023-12-10 05:45:38.865 [info] > git show --textconv :hypr/conf/environment.conf [14ms]
2023-12-10 05:45:38.867 [info] > git ls-files --stage -- /keep/dots/hypr/conf/environment.conf [3ms]
2023-12-10 05:45:38.882 [info] > git cat-file -s f3918931f9617111a3cfb4a255e9db650bbbe957 [3ms]
2023-12-10 05:45:40.425 [info] > git show --textconv :hypr/conf/input.conf [5ms]
2023-12-10 05:45:40.427 [info] > git ls-files --stage -- /keep/dots/hypr/conf/input.conf [3ms]
2023-12-10 05:45:40.438 [info] > git cat-file -s f977c502f6b5c906f964dc94d1b24c808506a6d2 [1ms]
2023-12-10 05:45:42.330 [info] > git show --textconv :hypr/conf/keybinds.conf [9ms]
2023-12-10 05:45:42.331 [info] > git ls-files --stage -- /keep/dots/hypr/conf/keybinds.conf [2ms]
2023-12-10 05:45:42.338 [info] > git cat-file -s 6c782d06a57a3e08ef3528fc33ff5809442148ad [1ms]
2023-12-10 05:45:44.715 [info] > git show --textconv :hypr/conf/layouts.conf [4ms]
2023-12-10 05:45:44.716 [info] > git ls-files --stage -- /keep/dots/hypr/conf/layouts.conf [1ms]
2023-12-10 05:45:44.720 [info] > git cat-file -s e69de29bb2d1d6434b8b29ae775ad8c2e48c5391 [1ms]
2023-12-10 05:45:48.331 [info] > git rev-parse --show-toplevel [1ms]
2023-12-10 05:45:48.331 [info] fatal: not a git repository (or any parent up to mount point /)
Stopping at filesystem boundary (GIT_DISCOVERY_ACROSS_FILESYSTEM not set).
2023-12-10 05:45:51.977 [info] > git show --textconv :hypr/conf/misc.conf [30ms]
2023-12-10 05:45:51.980 [info] > git ls-files --stage -- /keep/dots/hypr/conf/misc.conf [5ms]
2023-12-10 05:45:51.996 [info] > git cat-file -s e69de29bb2d1d6434b8b29ae775ad8c2e48c5391 [3ms]
2023-12-10 05:45:53.844 [info] > git show --textconv :hypr/conf/monitor.conf [6ms]
2023-12-10 05:45:53.844 [info] > git ls-files --stage -- /keep/dots/hypr/conf/monitor.conf [1ms]
2023-12-10 05:45:53.849 [info] > git cat-file -s 378afd61d23fb2c7a2f0e568e4086d2677bc7d17 [1ms]
2023-12-10 05:46:05.992 [info] > git config --get commit.template [5ms]
2023-12-10 05:46:05.992 [info] > git for-each-ref --format=%(refname)%00%(upstream:short)%00%(objectname)%00%(upstream:track)%00%(upstream:remotename)%00%(upstream:remoteref) refs/heads/main refs/remotes/main [1ms]
2023-12-10 05:46:05.997 [info] > git status -z -uall [1ms]
2023-12-10 05:46:16.841 [info] > git rev-parse --show-toplevel [0ms]
2023-12-10 05:46:16.841 [info] fatal: not a git repository (or any parent up to mount point /)
Stopping at filesystem boundary (GIT_DISCOVERY_ACROSS_FILESYSTEM not set).
2023-12-10 05:46:39.914 [info] > git rev-parse --show-toplevel [1ms]
2023-12-10 05:46:39.914 [info] fatal: not a git repository (or any parent up to mount point /)
Stopping at filesystem boundary (GIT_DISCOVERY_ACROSS_FILESYSTEM not set).
2023-12-10 05:47:26.794 [info] > git rev-parse --show-toplevel [1ms]
2023-12-10 05:47:26.794 [info] fatal: not a git repository (or any parent up to mount point /)
Stopping at filesystem boundary (GIT_DISCOVERY_ACROSS_FILESYSTEM not set).
2023-12-10 05:48:44.032 [info] > git rev-parse --show-toplevel [1ms]
2023-12-10 05:48:44.032 [info] fatal: not a git repository (or any parent up to mount point /)
Stopping at filesystem boundary (GIT_DISCOVERY_ACROSS_FILESYSTEM not set).
2023-12-10 05:49:02.891 [info] > git rev-parse --show-toplevel [2ms]
2023-12-10 05:49:02.891 [info] fatal: not a git repository (or any parent up to mount point /)
Stopping at filesystem boundary (GIT_DISCOVERY_ACROSS_FILESYSTEM not set).
2023-12-10 05:54:25.998 [info] > git rev-parse --show-toplevel [1ms]
2023-12-10 05:54:25.998 [info] fatal: not a git repository (or any parent up to mount point /)
Stopping at filesystem boundary (GIT_DISCOVERY_ACROSS_FILESYSTEM not set).
2023-12-10 05:55:48.502 [info] > git rev-parse --show-toplevel [2ms]
2023-12-10 05:55:48.502 [info] fatal: not a git repository (or any parent up to mount point /)
Stopping at filesystem boundary (GIT_DISCOVERY_ACROSS_FILESYSTEM not set).
2023-12-10 06:00:13.084 [info] > git rev-parse --show-toplevel [1ms]
2023-12-10 06:00:13.084 [info] fatal: not a git repository (or any parent up to mount point /)
Stopping at filesystem boundary (GIT_DISCOVERY_ACROSS_FILESYSTEM not set).
2023-12-10 06:01:15.227 [info] > git rev-parse --show-toplevel [1ms]
2023-12-10 06:01:15.227 [info] fatal: not a git repository (or any parent up to mount point /)
Stopping at filesystem boundary (GIT_DISCOVERY_ACROSS_FILESYSTEM not set).
2023-12-10 06:01:58.265 [info] > git rev-parse --show-toplevel [1ms]
2023-12-10 06:01:58.265 [info] fatal: not a git repository (or any parent up to mount point /)
Stopping at filesystem boundary (GIT_DISCOVERY_ACROSS_FILESYSTEM not set).
2023-12-10 06:04:29.777 [info] > git rev-parse --show-toplevel [1ms]
2023-12-10 06:04:29.777 [info] fatal: not a git repository (or any parent up to mount point /)
Stopping at filesystem boundary (GIT_DISCOVERY_ACROSS_FILESYSTEM not set).
2023-12-10 10:28:31.692 [info] > git rev-parse --show-toplevel [2ms]
2023-12-10 10:28:31.692 [info] fatal: not a git repository (or any parent up to mount point /)
Stopping at filesystem boundary (GIT_DISCOVERY_ACROSS_FILESYSTEM not set).
2023-12-10 10:30:27.227 [info] > git rev-parse --show-toplevel [2ms]
2023-12-10 10:30:27.227 [info] fatal: not a git repository (or any parent up to mount point /)
Stopping at filesystem boundary (GIT_DISCOVERY_ACROSS_FILESYSTEM not set).
2023-12-10 10:31:09.919 [info] > git rev-parse --show-toplevel [2ms]
2023-12-10 10:31:09.919 [info] fatal: not a git repository (or any parent up to mount point /)
Stopping at filesystem boundary (GIT_DISCOVERY_ACROSS_FILESYSTEM not set).
2023-12-10 10:31:28.887 [info] > git rev-parse --show-toplevel [1ms]
2023-12-10 10:31:28.887 [info] fatal: not a git repository (or any parent up to mount point /)
Stopping at filesystem boundary (GIT_DISCOVERY_ACROSS_FILESYSTEM not set).
2023-12-10 10:31:28.893 [info] > git rev-parse --show-toplevel [1ms]
2023-12-10 10:31:28.893 [info] fatal: not a git repository (or any parent up to mount point /)
Stopping at filesystem boundary (GIT_DISCOVERY_ACROSS_FILESYSTEM not set).
2023-12-10 10:49:45.597 [info] > git rev-parse --show-toplevel [1ms]
2023-12-10 10:49:45.597 [info] fatal: not a git repository (or any parent up to mount point /)
Stopping at filesystem boundary (GIT_DISCOVERY_ACROSS_FILESYSTEM not set).
2023-12-10 10:49:45.633 [info] > git rev-parse --show-toplevel [1ms]
2023-12-10 10:49:45.633 [info] fatal: not a git repository (or any parent up to mount point /)
Stopping at filesystem boundary (GIT_DISCOVERY_ACROSS_FILESYSTEM not set).
2023-12-10 10:49:45.638 [info] > git rev-parse --show-toplevel [1ms]
2023-12-10 10:49:45.638 [info] fatal: not a git repository (or any parent up to mount point /)
Stopping at filesystem boundary (GIT_DISCOVERY_ACROSS_FILESYSTEM not set).
2023-12-10 10:52:02.358 [info] > git rev-parse --show-toplevel [1ms]
2023-12-10 10:52:02.358 [info] fatal: not a git repository (or any parent up to mount point /)
Stopping at filesystem boundary (GIT_DISCOVERY_ACROSS_FILESYSTEM not set).
2023-12-10 10:52:02.384 [info] > git rev-parse --show-toplevel [0ms]
2023-12-10 10:52:02.384 [info] fatal: not a git repository (or any parent up to mount point /)
Stopping at filesystem boundary (GIT_DISCOVERY_ACROSS_FILESYSTEM not set).
2023-12-10 10:52:02.390 [info] > git rev-parse --show-toplevel [0ms]
2023-12-10 10:52:02.390 [info] fatal: not a git repository (or any parent up to mount point /)
Stopping at filesystem boundary (GIT_DISCOVERY_ACROSS_FILESYSTEM not set).
2023-12-10 10:52:06.450 [info] > git rev-parse --show-toplevel [0ms]
2023-12-10 10:52:06.450 [info] fatal: not a git repository (or any parent up to mount point /)
Stopping at filesystem boundary (GIT_DISCOVERY_ACROSS_FILESYSTEM not set).
2023-12-10 10:52:06.458 [info] > git rev-parse --show-toplevel [1ms]
2023-12-10 10:52:06.458 [info] fatal: not a git repository (or any parent up to mount point /)
Stopping at filesystem boundary (GIT_DISCOVERY_ACROSS_FILESYSTEM not set).
2023-12-10 10:52:06.463 [info] > git rev-parse --show-toplevel [0ms]
2023-12-10 10:52:06.463 [info] fatal: not a git repository (or any parent up to mount point /)
Stopping at filesystem boundary (GIT_DISCOVERY_ACROSS_FILESYSTEM not set).
2023-12-10 10:56:29.882 [info] > git rev-parse --show-toplevel [1ms]
2023-12-10 10:56:29.882 [info] fatal: not a git repository (or any parent up to mount point /)
Stopping at filesystem boundary (GIT_DISCOVERY_ACROSS_FILESYSTEM not set).
2023-12-10 10:56:29.902 [info] > git rev-parse --show-toplevel [1ms]
2023-12-10 10:56:29.902 [info] fatal: not a git repository (or any parent up to mount point /)
Stopping at filesystem boundary (GIT_DISCOVERY_ACROSS_FILESYSTEM not set).
2023-12-10 10:56:29.911 [info] > git rev-parse --show-toplevel [1ms]
2023-12-10 10:56:29.911 [info] fatal: not a git repository (or any parent up to mount point /)
Stopping at filesystem boundary (GIT_DISCOVERY_ACROSS_FILESYSTEM not set).
2023-12-10 10:56:31.672 [info] > git rev-parse --show-toplevel [1ms]
2023-12-10 10:56:31.672 [info] fatal: not a git repository (or any parent up to mount point /)
Stopping at filesystem boundary (GIT_DISCOVERY_ACROSS_FILESYSTEM not set).
2023-12-10 10:56:31.685 [info] > git rev-parse --show-toplevel [2ms]
2023-12-10 10:56:31.685 [info] fatal: not a git repository (or any parent up to mount point /)
Stopping at filesystem boundary (GIT_DISCOVERY_ACROSS_FILESYSTEM not set).
2023-12-10 10:56:31.695 [info] > git rev-parse --show-toplevel [2ms]
2023-12-10 10:56:31.695 [info] fatal: not a git repository (or any parent up to mount point /)
Stopping at filesystem boundary (GIT_DISCOVERY_ACROSS_FILESYSTEM not set).
2023-12-10 10:56:55.496 [info] > git rev-parse --show-toplevel [0ms]
2023-12-10 10:56:55.496 [info] fatal: not a git repository (or any parent up to mount point /)
Stopping at filesystem boundary (GIT_DISCOVERY_ACROSS_FILESYSTEM not set).
2023-12-10 10:56:55.544 [info] > git rev-parse --show-toplevel [1ms]
2023-12-10 10:56:55.544 [info] fatal: not a git repository (or any parent up to mount point /)
Stopping at filesystem boundary (GIT_DISCOVERY_ACROSS_FILESYSTEM not set).
2023-12-10 10:56:55.550 [info] > git rev-parse --show-toplevel [1ms]
2023-12-10 10:56:55.550 [info] fatal: not a git repository (or any parent up to mount point /)
Stopping at filesystem boundary (GIT_DISCOVERY_ACROSS_FILESYSTEM not set).
2023-12-10 10:57:23.210 [info] > git rev-parse --show-toplevel [0ms]
2023-12-10 10:57:23.210 [info] fatal: not a git repository (or any parent up to mount point /)
Stopping at filesystem boundary (GIT_DISCOVERY_ACROSS_FILESYSTEM not set).
2023-12-10 10:57:23.259 [info] > git rev-parse --show-toplevel [1ms]
2023-12-10 10:57:23.259 [info] fatal: not a git repository (or any parent up to mount point /)
Stopping at filesystem boundary (GIT_DISCOVERY_ACROSS_FILESYSTEM not set).
2023-12-10 10:57:23.268 [info] > git rev-parse --show-toplevel [1ms]
2023-12-10 10:57:23.268 [info] fatal: not a git repository (or any parent up to mount point /)
Stopping at filesystem boundary (GIT_DISCOVERY_ACROSS_FILESYSTEM not set).
2023-12-10 11:00:34.627 [info] > git rev-parse --show-toplevel [1ms]
2023-12-10 11:00:34.627 [info] fatal: not a git repository (or any parent up to mount point /)
Stopping at filesystem boundary (GIT_DISCOVERY_ACROSS_FILESYSTEM not set).
2023-12-10 11:00:34.636 [info] > git rev-parse --show-toplevel [1ms]
2023-12-10 11:00:34.636 [info] fatal: not a git repository (or any parent up to mount point /)
Stopping at filesystem boundary (GIT_DISCOVERY_ACROSS_FILESYSTEM not set).
2023-12-10 11:00:34.640 [info] > git rev-parse --show-toplevel [0ms]
2023-12-10 11:00:34.640 [info] fatal: not a git repository (or any parent up to mount point /)
Stopping at filesystem boundary (GIT_DISCOVERY_ACROSS_FILESYSTEM not set).
2023-12-10 11:13:23.944 [info] > git rev-parse --show-toplevel [1ms]
2023-12-10 11:13:23.944 [info] fatal: not a git repository (or any parent up to mount point /)
Stopping at filesystem boundary (GIT_DISCOVERY_ACROSS_FILESYSTEM not set).
2023-12-10 11:13:23.961 [info] > git rev-parse --show-toplevel [0ms]
2023-12-10 11:13:23.961 [info] fatal: not a git repository (or any parent up to mount point /)
Stopping at filesystem boundary (GIT_DISCOVERY_ACROSS_FILESYSTEM not set).
2023-12-10 11:13:23.966 [info] > git rev-parse --show-toplevel [0ms]
2023-12-10 11:13:23.966 [info] fatal: not a git repository (or any parent up to mount point /)
Stopping at filesystem boundary (GIT_DISCOVERY_ACROSS_FILESYSTEM not set).
2023-12-10 11:15:37.180 [info] > git rev-parse --show-toplevel [2ms]
2023-12-10 11:15:37.180 [info] fatal: not a git repository (or any parent up to mount point /)
Stopping at filesystem boundary (GIT_DISCOVERY_ACROSS_FILESYSTEM not set).
2023-12-10 11:15:37.238 [info] > git rev-parse --show-toplevel [1ms]
2023-12-10 11:15:37.238 [info] fatal: not a git repository (or any parent up to mount point /)
Stopping at filesystem boundary (GIT_DISCOVERY_ACROSS_FILESYSTEM not set).
2023-12-10 11:15:37.243 [info] > git rev-parse --show-toplevel [1ms]
2023-12-10 11:15:37.243 [info] fatal: not a git repository (or any parent up to mount point /)
Stopping at filesystem boundary (GIT_DISCOVERY_ACROSS_FILESYSTEM not set).
2023-12-10 11:19:16.944 [info] > git rev-parse --show-toplevel [1ms]
2023-12-10 11:19:16.944 [info] fatal: not a git repository (or any parent up to mount point /)
Stopping at filesystem boundary (GIT_DISCOVERY_ACROSS_FILESYSTEM not set).
2023-12-10 11:19:16.961 [info] > git rev-parse --show-toplevel [1ms]
2023-12-10 11:19:16.961 [info] fatal: not a git repository (or any parent up to mount point /)
Stopping at filesystem boundary (GIT_DISCOVERY_ACROSS_FILESYSTEM not set).
2023-12-10 11:19:16.972 [info] > git rev-parse --show-toplevel [1ms]
2023-12-10 11:19:16.972 [info] fatal: not a git repository (or any parent up to mount point /)
Stopping at filesystem boundary (GIT_DISCOVERY_ACROSS_FILESYSTEM not set).
2023-12-10 11:26:03.247 [info] > git rev-parse --show-toplevel [1ms]
2023-12-10 11:26:03.247 [info] fatal: not a git repository (or any parent up to mount point /)
Stopping at filesystem boundary (GIT_DISCOVERY_ACROSS_FILESYSTEM not set).
2023-12-10 11:26:03.257 [info] > git rev-parse --show-toplevel [1ms]
2023-12-10 11:26:03.257 [info] fatal: not a git repository (or any parent up to mount point /)
Stopping at filesystem boundary (GIT_DISCOVERY_ACROSS_FILESYSTEM not set).
2023-12-10 11:26:03.262 [info] > git rev-parse --show-toplevel [1ms]
2023-12-10 11:26:03.262 [info] fatal: not a git repository (or any parent up to mount point /)
Stopping at filesystem boundary (GIT_DISCOVERY_ACROSS_FILESYSTEM not set).
2023-12-10 11:34:49.475 [info] > git rev-parse --show-toplevel [0ms]
2023-12-10 11:34:49.475 [info] fatal: not a git repository (or any parent up to mount point /)
Stopping at filesystem boundary (GIT_DISCOVERY_ACROSS_FILESYSTEM not set).
2023-12-10 11:34:49.512 [info] > git rev-parse --show-toplevel [2ms]
2023-12-10 11:34:49.512 [info] fatal: not a git repository (or any parent up to mount point /)
Stopping at filesystem boundary (GIT_DISCOVERY_ACROSS_FILESYSTEM not set).
2023-12-10 11:34:49.521 [info] > git rev-parse --show-toplevel [1ms]
2023-12-10 11:34:49.521 [info] fatal: not a git repository (or any parent up to mount point /)
Stopping at filesystem boundary (GIT_DISCOVERY_ACROSS_FILESYSTEM not set).
2023-12-10 11:40:55.593 [info] > git rev-parse --show-toplevel [1ms]
2023-12-10 11:40:55.593 [info] fatal: not a git repository (or any parent up to mount point /)
Stopping at filesystem boundary (GIT_DISCOVERY_ACROSS_FILESYSTEM not set).
2023-12-10 11:40:55.609 [info] > git rev-parse --show-toplevel [1ms]
2023-12-10 11:40:55.609 [info] fatal: not a git repository (or any parent up to mount point /)
Stopping at filesystem boundary (GIT_DISCOVERY_ACROSS_FILESYSTEM not set).
2023-12-10 11:40:55.619 [info] > git rev-parse --show-toplevel [1ms]
2023-12-10 11:40:55.619 [info] fatal: not a git repository (or any parent up to mount point /)
Stopping at filesystem boundary (GIT_DISCOVERY_ACROSS_FILESYSTEM not set).
2023-12-10 11:48:51.852 [info] > git rev-parse --show-toplevel [1ms]
2023-12-10 11:48:51.852 [info] fatal: not a git repository (or any parent up to mount point /)
Stopping at filesystem boundary (GIT_DISCOVERY_ACROSS_FILESYSTEM not set).
2023-12-10 11:48:51.859 [info] > git rev-parse --show-toplevel [0ms]
2023-12-10 11:48:51.859 [info] fatal: not a git repository (or any parent up to mount point /)
Stopping at filesystem boundary (GIT_DISCOVERY_ACROSS_FILESYSTEM not set).
2023-12-10 11:48:51.871 [info] > git rev-parse --show-toplevel [1ms]
2023-12-10 11:48:51.871 [info] fatal: not a git repository (or any parent up to mount point /)
Stopping at filesystem boundary (GIT_DISCOVERY_ACROSS_FILESYSTEM not set).
2023-12-10 11:49:00.329 [info] > git rev-parse --show-toplevel [1ms]
2023-12-10 11:49:00.329 [info] fatal: not a git repository (or any parent up to mount point /)
Stopping at filesystem boundary (GIT_DISCOVERY_ACROSS_FILESYSTEM not set).
2023-12-10 11:49:00.372 [info] > git rev-parse --show-toplevel [2ms]
2023-12-10 11:49:00.372 [info] fatal: not a git repository (or any parent up to mount point /)
Stopping at filesystem boundary (GIT_DISCOVERY_ACROSS_FILESYSTEM not set).
2023-12-10 11:49:00.379 [info] > git rev-parse --show-toplevel [1ms]
2023-12-10 11:49:00.379 [info] fatal: not a git repository (or any parent up to mount point /)
Stopping at filesystem boundary (GIT_DISCOVERY_ACROSS_FILESYSTEM not set).
2023-12-10 11:56:00.602 [info] > git rev-parse --show-toplevel [1ms]
2023-12-10 11:56:00.613 [info] > git rev-parse --git-dir --git-common-dir [1ms]
2023-12-10 11:56:00.617 [info] Open repository: /home/cyd/.cache/yay/gnome-icon-theme-symbolic
2023-12-10 11:56:00.632 [info] > git config --get commit.template [5ms]
2023-12-10 11:56:00.632 [info] > git for-each-ref --format=%(refname)%00%(upstream:short)%00%(objectname)%00%(upstream:track)%00%(upstream:remotename)%00%(upstream:remoteref) refs/heads/master refs/remotes/master [0ms]
2023-12-10 11:56:00.638 [info] > git status -z -uall [1ms]
2023-12-10 11:56:00.650 [info] > git config --get commit.template [5ms]
2023-12-10 11:56:00.651 [info] > git for-each-ref --format=%(refname)%00%(upstream:short)%00%(objectname)%00%(upstream:track)%00%(upstream:remotename)%00%(upstream:remoteref) refs/heads/master refs/remotes/master [1ms]
2023-12-10 11:56:00.656 [info] > git status -z -uall [1ms]
2023-12-10 12:04:33.279 [info] > git config --get commit.template [7ms]
2023-12-10 12:04:33.279 [info] > git for-each-ref --format=%(refname)%00%(upstream:short)%00%(objectname)%00%(upstream:track)%00%(upstream:remotename)%00%(upstream:remoteref) refs/heads/master refs/remotes/master [1ms]
2023-12-10 12:04:33.289 [warning] ENOENT: no such file or directory, open '/home/cyd/.cache/yay/gnome-icon-theme-symbolic/.git/refs/remotes/origin/master'
2023-12-10 12:04:33.290 [info] > git rev-parse refs/remotes/origin/master [0ms]
2023-12-10 12:04:33.297 [info] > git status -z -uall [2ms]
2023-12-10 12:06:03.297 [info] > git config --get commit.template [5ms]
2023-12-10 12:06:03.297 [info] > git for-each-ref --format=%(refname)%00%(upstream:short)%00%(objectname)%00%(upstream:track)%00%(upstream:remotename)%00%(upstream:remoteref) refs/heads/master refs/remotes/master [0ms]
2023-12-10 12:06:03.301 [warning] ENOENT: no such file or directory, open '/home/cyd/.cache/yay/gnome-icon-theme-symbolic/.git/refs/remotes/origin/master'
2023-12-10 12:06:03.302 [info] > git rev-parse refs/remotes/origin/master [1ms]
2023-12-10 12:06:03.306 [info] > git status -z -uall [1ms]
2023-12-10 12:13:21.195 [info] > git rev-parse --show-toplevel [1ms]
2023-12-10 12:13:21.195 [info] fatal: not a git repository (or any parent up to mount point /)
Stopping at filesystem boundary (GIT_DISCOVERY_ACROSS_FILESYSTEM not set).
2023-12-10 12:13:21.206 [info] > git rev-parse --show-toplevel [1ms]
2023-12-10 12:13:21.206 [info] fatal: not a git repository (or any parent up to mount point /)
Stopping at filesystem boundary (GIT_DISCOVERY_ACROSS_FILESYSTEM not set).
2023-12-10 12:13:21.211 [info] > git rev-parse --show-toplevel [0ms]
2023-12-10 12:13:21.211 [info] fatal: not a git repository (or any parent up to mount point /)
Stopping at filesystem boundary (GIT_DISCOVERY_ACROSS_FILESYSTEM not set).
2023-12-10 13:14:59.839 [info] > git rev-parse --show-toplevel [1ms]
2023-12-10 13:14:59.839 [info] fatal: not a git repository (or any parent up to mount point /)
Stopping at filesystem boundary (GIT_DISCOVERY_ACROSS_FILESYSTEM not set).
2023-12-10 13:14:59.849 [info] > git rev-parse --show-toplevel [0ms]
2023-12-10 13:14:59.849 [info] fatal: not a git repository (or any parent up to mount point /)
Stopping at filesystem boundary (GIT_DISCOVERY_ACROSS_FILESYSTEM not set).
2023-12-10 13:14:59.854 [info] > git rev-parse --show-toplevel [1ms]
2023-12-10 13:14:59.854 [info] fatal: not a git repository (or any parent up to mount point /)
Stopping at filesystem boundary (GIT_DISCOVERY_ACROSS_FILESYSTEM not set).
2023-12-10 13:16:05.854 [info] > git rev-parse --show-toplevel [3ms]
2023-12-10 13:16:05.872 [info] > git rev-parse --git-dir --git-common-dir [2ms]
2023-12-10 13:16:05.881 [info] Open repository: /home/cyd/.cache/yay/okular-git/src/okular
2023-12-10 13:16:05.905 [info] > git config --get commit.template [14ms]
2023-12-10 13:16:05.906 [info] > git for-each-ref --format=%(refname)%00%(upstream:short)%00%(objectname)%00%(upstream:track)%00%(upstream:remotename)%00%(upstream:remoteref) refs/heads/master refs/remotes/master [2ms]
2023-12-10 13:16:05.918 [warning] ENOENT: no such file or directory, open '/home/cyd/.cache/yay/okular-git/src/okular/.git/refs/remotes/origin/master'
2023-12-10 13:16:05.919 [info] > git rev-parse refs/remotes/origin/master [1ms]
2023-12-10 13:16:06.030 [info] > git status -z -uall [106ms]
2023-12-10 13:16:06.039 [info] > git config --get commit.template [1ms]
2023-12-10 13:16:06.044 [info] > git for-each-ref --format=%(refname)%00%(upstream:short)%00%(objectname)%00%(upstream:track)%00%(upstream:remotename)%00%(upstream:remoteref) refs/heads/master refs/remotes/master [1ms]
2023-12-10 13:16:06.056 [warning] ENOENT: no such file or directory, open '/home/cyd/.cache/yay/okular-git/src/okular/.git/refs/remotes/origin/master'
2023-12-10 13:16:06.057 [info] > git rev-parse refs/remotes/origin/master [1ms]
2023-12-10 13:16:06.170 [info] > git status -z -uall [105ms]
2023-12-10 13:16:37.524 [info] > git rev-parse --show-toplevel [1ms]
2023-12-10 13:16:37.524 [info] fatal: not a git repository (or any parent up to mount point /)
Stopping at filesystem boundary (GIT_DISCOVERY_ACROSS_FILESYSTEM not set).
2023-12-10 13:16:37.536 [info] > git rev-parse --show-toplevel [1ms]
2023-12-10 13:16:37.536 [info] fatal: not a git repository (or any parent up to mount point /)
Stopping at filesystem boundary (GIT_DISCOVERY_ACROSS_FILESYSTEM not set).
2023-12-10 13:16:37.545 [info] > git rev-parse --show-toplevel [2ms]
2023-12-10 13:16:37.546 [info] fatal: not a git repository (or any parent up to mount point /)
Stopping at filesystem boundary (GIT_DISCOVERY_ACROSS_FILESYSTEM not set).
2023-12-10 13:17:00.133 [info] > git rev-parse --show-toplevel [1ms]
2023-12-10 13:17:00.133 [info] fatal: not a git repository (or any parent up to mount point /)
Stopping at filesystem boundary (GIT_DISCOVERY_ACROSS_FILESYSTEM not set).
2023-12-10 13:17:00.142 [info] > git rev-parse --show-toplevel [1ms]
2023-12-10 13:17:00.142 [info] fatal: not a git repository (or any parent up to mount point /)
Stopping at filesystem boundary (GIT_DISCOVERY_ACROSS_FILESYSTEM not set).
2023-12-10 13:17:00.147 [info] > git rev-parse --show-toplevel [1ms]
2023-12-10 13:17:00.147 [info] fatal: not a git repository (or any parent up to mount point /)
Stopping at filesystem boundary (GIT_DISCOVERY_ACROSS_FILESYSTEM not set).
2023-12-10 13:19:38.893 [info] > git rev-parse --show-toplevel [0ms]
2023-12-10 13:19:38.893 [info] fatal: not a git repository (or any parent up to mount point /)
Stopping at filesystem boundary (GIT_DISCOVERY_ACROSS_FILESYSTEM not set).
2023-12-10 13:19:38.938 [info] > git rev-parse --show-toplevel [1ms]
2023-12-10 13:19:38.938 [info] fatal: not a git repository (or any parent up to mount point /)
Stopping at filesystem boundary (GIT_DISCOVERY_ACROSS_FILESYSTEM not set).
2023-12-10 13:19:38.943 [info] > git rev-parse --show-toplevel [1ms]
2023-12-10 13:19:38.943 [info] fatal: not a git repository (or any parent up to mount point /)
Stopping at filesystem boundary (GIT_DISCOVERY_ACROSS_FILESYSTEM not set).
2023-12-10 13:19:57.642 [info] > git rev-parse --show-toplevel [1ms]
2023-12-10 13:19:57.642 [info] fatal: not a git repository (or any parent up to mount point /)
Stopping at filesystem boundary (GIT_DISCOVERY_ACROSS_FILESYSTEM not set).
2023-12-10 13:19:57.692 [info] > git rev-parse --show-toplevel [0ms]
2023-12-10 13:19:57.692 [info] fatal: not a git repository (or any parent up to mount point /)
Stopping at filesystem boundary (GIT_DISCOVERY_ACROSS_FILESYSTEM not set).
2023-12-10 13:19:57.697 [info] > git rev-parse --show-toplevel [1ms]
2023-12-10 13:19:57.697 [info] fatal: not a git repository (or any parent up to mount point /)
Stopping at filesystem boundary (GIT_DISCOVERY_ACROSS_FILESYSTEM not set).
2023-12-10 13:52:59.751 [info] > git rev-parse --show-toplevel [0ms]
2023-12-10 13:52:59.752 [info] fatal: not a git repository (or any parent up to mount point /)
Stopping at filesystem boundary (GIT_DISCOVERY_ACROSS_FILESYSTEM not set).
2023-12-10 13:52:59.803 [info] > git rev-parse --show-toplevel [0ms]
2023-12-10 13:52:59.803 [info] fatal: not a git repository (or any parent up to mount point /)
Stopping at filesystem boundary (GIT_DISCOVERY_ACROSS_FILESYSTEM not set).
2023-12-10 13:52:59.809 [info] > git rev-parse --show-toplevel [1ms]
2023-12-10 13:52:59.809 [info] fatal: not a git repository (or any parent up to mount point /)
Stopping at filesystem boundary (GIT_DISCOVERY_ACROSS_FILESYSTEM not set).
2023-12-10 13:55:57.863 [info] > git config --get commit.template [10ms]
2023-12-10 13:55:57.864 [info] > git for-each-ref --format=%(refname)%00%(upstream:short)%00%(objectname)%00%(upstream:track)%00%(upstream:remotename)%00%(upstream:remoteref) refs/heads/master refs/remotes/master [1ms]
2023-12-10 13:55:57.869 [warning] ENOENT: no such file or directory, open '/home/cyd/.cache/yay/okular-git/src/okular/.git/refs/remotes/origin/master'
2023-12-10 13:55:57.870 [info] > git rev-parse refs/remotes/origin/master [1ms]
2023-12-10 13:55:57.991 [info] > git status -z -uall [117ms]
2023-12-10 18:25:52.490 [info] > git rev-parse --show-toplevel [1ms]
2023-12-10 18:25:52.490 [info] fatal: not a git repository (or any parent up to mount point /)
Stopping at filesystem boundary (GIT_DISCOVERY_ACROSS_FILESYSTEM not set).
2023-12-10 18:26:13.856 [info] > git rev-parse --show-toplevel [7ms]
2023-12-10 18:26:13.856 [info] fatal: not a git repository (or any parent up to mount point /)
Stopping at filesystem boundary (GIT_DISCOVERY_ACROSS_FILESYSTEM not set).
2023-12-10 18:26:13.891 [info] > git rev-parse --show-toplevel [22ms]
2023-12-10 18:26:13.891 [info] fatal: not a git repository (or any parent up to mount point /)
Stopping at filesystem boundary (GIT_DISCOVERY_ACROSS_FILESYSTEM not set).
2023-12-10 18:26:22.830 [info] > git rev-parse --show-toplevel [1ms]
2023-12-10 18:26:22.830 [info] fatal: not a git repository (or any parent up to mount point /)
Stopping at filesystem boundary (GIT_DISCOVERY_ACROSS_FILESYSTEM not set).
2023-12-10 18:26:22.848 [info] > git rev-parse --show-toplevel [7ms]
2023-12-10 18:26:22.848 [info] fatal: not a git repository (or any parent up to mount point /)
Stopping at filesystem boundary (GIT_DISCOVERY_ACROSS_FILESYSTEM not set).
2023-12-10 18:26:35.453 [info] > git rev-parse --show-toplevel [2ms]
2023-12-10 18:26:35.453 [info] fatal: not a git repository (or any parent up to mount point /)
Stopping at filesystem boundary (GIT_DISCOVERY_ACROSS_FILESYSTEM not set).
2023-12-10 18:26:35.466 [info] > git rev-parse --show-toplevel [1ms]
2023-12-10 18:26:35.466 [info] fatal: not a git repository (or any parent up to mount point /)
Stopping at filesystem boundary (GIT_DISCOVERY_ACROSS_FILESYSTEM not set).
2023-12-10 18:52:47.202 [info] > git rev-parse --show-toplevel [0ms]
2023-12-10 18:52:47.202 [info] fatal: not a git repository (or any parent up to mount point /)
Stopping at filesystem boundary (GIT_DISCOVERY_ACROSS_FILESYSTEM not set).
2023-12-10 18:52:47.231 [info] > git rev-parse --show-toplevel [2ms]
2023-12-10 18:52:47.231 [info] fatal: not a git repository (or any parent up to mount point /)
Stopping at filesystem boundary (GIT_DISCOVERY_ACROSS_FILESYSTEM not set).
2023-12-10 18:52:47.237 [info] > git rev-parse --show-toplevel [1ms]
2023-12-10 18:52:47.237 [info] fatal: not a git repository (or any parent up to mount point /)
Stopping at filesystem boundary (GIT_DISCOVERY_ACROSS_FILESYSTEM not set).
2023-12-10 18:55:56.134 [info] > git check-ignore -v -z --stdin [1ms]
2023-12-10 18:56:22.966 [info] > git rev-parse --show-toplevel [1ms]
2023-12-10 18:56:22.966 [info] fatal: not a git repository (or any parent up to mount point /)
Stopping at filesystem boundary (GIT_DISCOVERY_ACROSS_FILESYSTEM not set).
2023-12-10 18:56:23.018 [info] > git rev-parse --show-toplevel [1ms]
2023-12-10 18:56:23.018 [info] fatal: not a git repository (or any parent up to mount point /)
Stopping at filesystem boundary (GIT_DISCOVERY_ACROSS_FILESYSTEM not set).
2023-12-10 18:56:23.023 [info] > git rev-parse --show-toplevel [0ms]
2023-12-10 18:56:23.023 [info] fatal: not a git repository (or any parent up to mount point /)
Stopping at filesystem boundary (GIT_DISCOVERY_ACROSS_FILESYSTEM not set).
2023-12-10 18:59:14.183 [info] > git rev-parse --show-toplevel [1ms]
2023-12-10 18:59:14.183 [info] fatal: not a git repository (or any parent up to mount point /)
Stopping at filesystem boundary (GIT_DISCOVERY_ACROSS_FILESYSTEM not set).
2023-12-10 18:59:14.194 [info] > git rev-parse --show-toplevel [0ms]
2023-12-10 18:59:14.194 [info] fatal: not a git repository (or any parent up to mount point /)
Stopping at filesystem boundary (GIT_DISCOVERY_ACROSS_FILESYSTEM not set).
2023-12-10 18:59:14.199 [info] > git rev-parse --show-toplevel [1ms]
2023-12-10 18:59:14.199 [info] fatal: not a git repository (or any parent up to mount point /)
Stopping at filesystem boundary (GIT_DISCOVERY_ACROSS_FILESYSTEM not set).
2023-12-10 19:01:44.508 [info] > git rev-parse --show-toplevel [1ms]
2023-12-10 19:01:44.508 [info] fatal: not a git repository (or any parent up to mount point /)
Stopping at filesystem boundary (GIT_DISCOVERY_ACROSS_FILESYSTEM not set).
2023-12-10 19:01:44.517 [info] > git rev-parse --show-toplevel [0ms]
2023-12-10 19:01:44.517 [info] fatal: not a git repository (or any parent up to mount point /)
Stopping at filesystem boundary (GIT_DISCOVERY_ACROSS_FILESYSTEM not set).
2023-12-10 19:01:44.523 [info] > git rev-parse --show-toplevel [1ms]
2023-12-10 19:01:44.523 [info] fatal: not a git repository (or any parent up to mount point /)
Stopping at filesystem boundary (GIT_DISCOVERY_ACROSS_FILESYSTEM not set).
2023-12-10 19:01:46.102 [info] > git rev-parse --show-toplevel [1ms]
2023-12-10 19:01:46.102 [info] fatal: not a git repository (or any parent up to mount point /)
Stopping at filesystem boundary (GIT_DISCOVERY_ACROSS_FILESYSTEM not set).
2023-12-10 19:01:57.409 [info] > git rev-parse --show-toplevel [2ms]
2023-12-10 19:01:57.409 [info] fatal: not a git repository (or any parent up to mount point /)
Stopping at filesystem boundary (GIT_DISCOVERY_ACROSS_FILESYSTEM not set).
2023-12-10 19:02:33.929 [info] > git rev-parse --show-toplevel [1ms]
2023-12-10 19:02:33.929 [info] fatal: not a git repository (or any parent up to mount point /)
Stopping at filesystem boundary (GIT_DISCOVERY_ACROSS_FILESYSTEM not set).
2023-12-10 19:04:08.351 [info] > git rev-parse --show-toplevel [1ms]
2023-12-10 19:04:08.351 [info] fatal: not a git repository (or any parent up to mount point /)
Stopping at filesystem boundary (GIT_DISCOVERY_ACROSS_FILESYSTEM not set).
2023-12-10 19:05:04.433 [info] > git rev-parse --show-toplevel [2ms]
2023-12-10 19:05:04.433 [info] fatal: not a git repository (or any parent up to mount point /)
Stopping at filesystem boundary (GIT_DISCOVERY_ACROSS_FILESYSTEM not set).
2023-12-10 19:05:05.884 [info] > git rev-parse --show-toplevel [1ms]
2023-12-10 19:05:05.884 [info] fatal: not a git repository (or any parent up to mount point /)
Stopping at filesystem boundary (GIT_DISCOVERY_ACROSS_FILESYSTEM not set).
2023-12-10 19:06:29.830 [info] > git rev-parse --show-toplevel [1ms]
2023-12-10 19:06:29.830 [info] fatal: not a git repository (or any parent up to mount point /)
Stopping at filesystem boundary (GIT_DISCOVERY_ACROSS_FILESYSTEM not set).
2023-12-10 19:06:48.128 [info] > git rev-parse --show-toplevel [1ms]
2023-12-10 19:06:48.128 [info] fatal: not a git repository (or any parent up to mount point /)
Stopping at filesystem boundary (GIT_DISCOVERY_ACROSS_FILESYSTEM not set).
2023-12-10 19:21:40.904 [info] > git rev-parse --show-toplevel [1ms]
2023-12-10 19:21:40.904 [info] fatal: not a git repository (or any parent up to mount point /)
Stopping at filesystem boundary (GIT_DISCOVERY_ACROSS_FILESYSTEM not set).
2023-12-10 19:49:08.773 [info] > git rev-parse --show-toplevel [0ms]
2023-12-10 19:49:08.773 [info] fatal: not a git repository (or any parent up to mount point /)
Stopping at filesystem boundary (GIT_DISCOVERY_ACROSS_FILESYSTEM not set).
2023-12-10 19:58:25.597 [info] > git rev-parse --show-toplevel [1ms]
2023-12-10 19:58:25.603 [info] > git rev-parse --git-dir --git-common-dir [1ms]
2023-12-10 19:58:25.606 [info] Open repository: /home/cyd/.cache/yay/electron-blur-me-not
2023-12-10 19:58:25.615 [info] > git config --get commit.template [4ms]
2023-12-10 19:58:25.616 [info] > git for-each-ref --format=%(refname)%00%(upstream:short)%00%(objectname)%00%(upstream:track)%00%(upstream:remotename)%00%(upstream:remoteref) refs/heads/master refs/remotes/master [1ms]
2023-12-10 19:58:25.624 [warning] ENOENT: no such file or directory, open '/home/cyd/.cache/yay/electron-blur-me-not/.git/refs/remotes/origin/master'
2023-12-10 19:58:25.625 [info] > git rev-parse refs/remotes/origin/master [2ms]
2023-12-10 19:58:25.638 [info] > git status -z -uall [1ms]
2023-12-10 19:58:25.657 [info] > git config --get commit.template [7ms]
2023-12-10 19:58:25.658 [info] > git for-each-ref --format=%(refname)%00%(upstream:short)%00%(objectname)%00%(upstream:track)%00%(upstream:remotename)%00%(upstream:remoteref) refs/heads/master refs/remotes/master [2ms]
2023-12-10 19:58:25.663 [warning] ENOENT: no such file or directory, open '/home/cyd/.cache/yay/electron-blur-me-not/.git/refs/remotes/origin/master'
2023-12-10 19:58:25.664 [info] > git rev-parse refs/remotes/origin/master [1ms]
2023-12-10 19:58:25.677 [info] > git status -z -uall [3ms]
2023-12-10 20:05:47.430 [info] > git config --get commit.template [13ms]
2023-12-10 20:05:47.431 [info] > git for-each-ref --format=%(refname)%00%(upstream:short)%00%(objectname)%00%(upstream:track)%00%(upstream:remotename)%00%(upstream:remoteref) refs/heads/master refs/remotes/master [2ms]
2023-12-10 20:05:47.438 [warning] ENOENT: no such file or directory, open '/home/cyd/.cache/yay/electron-blur-me-not/.git/refs/remotes/origin/master'
2023-12-10 20:05:47.439 [info] > git rev-parse refs/remotes/origin/master [2ms]
2023-12-10 20:05:47.449 [info] > git status -z -uall [3ms]
2023-12-10 20:05:52.468 [info] > git config --get commit.template [5ms]
2023-12-10 20:05:52.469 [info] > git for-each-ref --format=%(refname)%00%(upstream:short)%00%(objectname)%00%(upstream:track)%00%(upstream:remotename)%00%(upstream:remoteref) refs/heads/master refs/remotes/master [1ms]
2023-12-10 20:05:52.473 [warning] ENOENT: no such file or directory, open '/home/cyd/.cache/yay/electron-blur-me-not/.git/refs/remotes/origin/master'
2023-12-10 20:05:52.474 [info] > git rev-parse refs/remotes/origin/master [1ms]
2023-12-10 20:05:52.479 [info] > git status -z -uall [1ms]
2023-12-10 20:06:17.159 [info] > git rev-parse --show-toplevel [1ms]
2023-12-10 20:06:17.159 [info] fatal: not a git repository (or any parent up to mount point /)
Stopping at filesystem boundary (GIT_DISCOVERY_ACROSS_FILESYSTEM not set).
2023-12-10 20:06:17.828 [info] > git check-ignore -v -z --stdin [1ms]
2023-12-10 20:09:26.958 [info] > git rev-parse --show-toplevel [1ms]
2023-12-10 20:09:26.958 [info] fatal: not a git repository (or any parent up to mount point /)
Stopping at filesystem boundary (GIT_DISCOVERY_ACROSS_FILESYSTEM not set).
2023-12-10 20:10:54.189 [info] > git rev-parse --show-toplevel [1ms]
2023-12-10 20:10:54.189 [info] fatal: not a git repository (or any parent up to mount point /)
Stopping at filesystem boundary (GIT_DISCOVERY_ACROSS_FILESYSTEM not set).
2023-12-10 20:12:13.289 [info] > git rev-parse --show-toplevel [1ms]
2023-12-10 20:12:13.289 [info] fatal: not a git repository (or any parent up to mount point /)
Stopping at filesystem boundary (GIT_DISCOVERY_ACROSS_FILESYSTEM not set).
2023-12-10 20:15:44.394 [info] > git rev-parse --show-toplevel [1ms]
2023-12-10 20:15:44.394 [info] fatal: not a git repository (or any parent up to mount point /)
Stopping at filesystem boundary (GIT_DISCOVERY_ACROSS_FILESYSTEM not set).
2023-12-10 20:15:46.422 [info] > git rev-parse --show-toplevel [1ms]
2023-12-10 20:15:46.422 [info] fatal: not a git repository (or any parent up to mount point /)
Stopping at filesystem boundary (GIT_DISCOVERY_ACROSS_FILESYSTEM not set).
2023-12-10 20:16:45.020 [info] > git rev-parse --show-toplevel [1ms]
2023-12-10 20:16:45.020 [info] fatal: not a git repository (or any parent up to mount point /)
Stopping at filesystem boundary (GIT_DISCOVERY_ACROSS_FILESYSTEM not set).
2023-12-10 20:35:58.191 [info] > git rev-parse --show-toplevel [1ms]
2023-12-10 20:35:58.191 [info] fatal: not a git repository (or any parent up to mount point /)
Stopping at filesystem boundary (GIT_DISCOVERY_ACROSS_FILESYSTEM not set).
2023-12-10 20:44:17.615 [info] > git rev-parse --show-toplevel [1ms]
2023-12-10 20:44:17.615 [info] fatal: not a git repository (or any parent up to mount point /)
Stopping at filesystem boundary (GIT_DISCOVERY_ACROSS_FILESYSTEM not set).
2023-12-11 07:23:00.433 [info] > git rev-parse --show-toplevel [3ms]
2023-12-11 07:23:00.433 [info] fatal: not a git repository (or any parent up to mount point /)
Stopping at filesystem boundary (GIT_DISCOVERY_ACROSS_FILESYSTEM not set).
2023-12-11 07:36:24.546 [info] > git rev-parse --show-toplevel [1ms]
2023-12-11 07:36:24.547 [info] fatal: not a git repository (or any parent up to mount point /)
Stopping at filesystem boundary (GIT_DISCOVERY_ACROSS_FILESYSTEM not set).
2023-12-11 08:40:29.675 [info] > git rev-parse --show-toplevel [2ms]
2023-12-11 08:40:29.675 [info] fatal: not a git repository (or any parent up to mount point /)
Stopping at filesystem boundary (GIT_DISCOVERY_ACROSS_FILESYSTEM not set).
2023-12-11 08:46:46.209 [info] > git rev-parse --show-toplevel [0ms]
2023-12-11 08:46:46.209 [info] fatal: not a git repository (or any parent up to mount point /)
Stopping at filesystem boundary (GIT_DISCOVERY_ACROSS_FILESYSTEM not set).
2023-12-11 08:47:02.119 [info] > git rev-parse --show-toplevel [1ms]
2023-12-11 08:47:02.119 [info] fatal: not a git repository (or any parent up to mount point /)
Stopping at filesystem boundary (GIT_DISCOVERY_ACROSS_FILESYSTEM not set).
2023-12-11 08:48:34.175 [info] > git rev-parse --show-toplevel [1ms]
2023-12-11 08:48:34.175 [info] fatal: not a git repository (or any parent up to mount point /)
Stopping at filesystem boundary (GIT_DISCOVERY_ACROSS_FILESYSTEM not set).
2023-12-11 08:48:50.653 [info] > git rev-parse --show-toplevel [1ms]
2023-12-11 08:48:50.653 [info] fatal: not a git repository (or any parent up to mount point /)
Stopping at filesystem boundary (GIT_DISCOVERY_ACROSS_FILESYSTEM not set).
2023-12-11 10:05:40.521 [info] > git rev-parse --show-toplevel [1ms]
2023-12-11 10:05:40.525 [info] > git rev-parse --git-dir --git-common-dir [0ms]
2023-12-11 10:05:40.528 [info] Open repository: /home/cyd/.cache/yay/firedragon
2023-12-11 10:05:40.539 [info] > git config --get commit.template [1ms]
2023-12-11 10:05:40.550 [info] > git for-each-ref --format=%(refname)%00%(upstream:short)%00%(objectname)%00%(upstream:track)%00%(upstream:remotename)%00%(upstream:remoteref) refs/heads/master refs/remotes/master [1ms]
2023-12-11 10:05:40.554 [warning] ENOENT: no such file or directory, open '/home/cyd/.cache/yay/firedragon/.git/refs/remotes/origin/master'
2023-12-11 10:05:40.555 [info] > git rev-parse refs/remotes/origin/master [1ms]
2023-12-11 10:05:40.561 [info] > git status -z -uall [1ms]
2023-12-11 10:05:40.571 [info] > git config --get commit.template [1ms]
2023-12-11 10:05:40.587 [info] > git for-each-ref --format=%(refname)%00%(upstream:short)%00%(objectname)%00%(upstream:track)%00%(upstream:remotename)%00%(upstream:remoteref) refs/heads/master refs/remotes/master [2ms]
2023-12-11 10:05:40.596 [warning] ENOENT: no such file or directory, open '/home/cyd/.cache/yay/firedragon/.git/refs/remotes/origin/master'
2023-12-11 10:05:40.599 [info] > git rev-parse refs/remotes/origin/master [3ms]
2023-12-11 10:05:40.607 [info] > git status -z -uall [1ms]
2023-12-11 10:54:30.291 [info] > git config --get commit.template [7ms]
2023-12-11 10:54:30.292 [info] > git for-each-ref --format=%(refname)%00%(upstream:short)%00%(objectname)%00%(upstream:track)%00%(upstream:remotename)%00%(upstream:remoteref) refs/heads/master refs/remotes/master [1ms]
2023-12-11 10:54:30.296 [warning] ENOENT: no such file or directory, open '/home/cyd/.cache/yay/firedragon/.git/refs/remotes/origin/master'
2023-12-11 10:54:30.297 [info] > git rev-parse refs/remotes/origin/master [1ms]
2023-12-11 10:54:30.301 [info] > git status -z -uall [1ms]
2023-12-11 10:54:35.316 [info] > git config --get commit.template [6ms]
2023-12-11 10:54:35.317 [info] > git for-each-ref --format=%(refname)%00%(upstream:short)%00%(objectname)%00%(upstream:track)%00%(upstream:remotename)%00%(upstream:remoteref) refs/heads/master refs/remotes/master [2ms]
2023-12-11 10:54:35.322 [warning] ENOENT: no such file or directory, open '/home/cyd/.cache/yay/firedragon/.git/refs/remotes/origin/master'
2023-12-11 10:54:35.323 [info] > git rev-parse refs/remotes/origin/master [1ms]
2023-12-11 10:54:35.333 [info] > git status -z -uall [1ms]
2023-12-11 11:31:47.712 [info] > git rev-parse --show-toplevel [1ms]
2023-12-11 11:31:47.712 [info] fatal: not a git repository (or any parent up to mount point /)
Stopping at filesystem boundary (GIT_DISCOVERY_ACROSS_FILESYSTEM not set).
2023-12-11 11:37:57.550 [info] > git rev-parse --show-toplevel [2ms]
2023-12-11 11:37:57.550 [info] fatal: not a git repository (or any parent up to mount point /)
Stopping at filesystem boundary (GIT_DISCOVERY_ACROSS_FILESYSTEM not set).
2023-12-11 11:45:25.494 [info] > git rev-parse --show-toplevel [1ms]
2023-12-11 11:45:25.494 [info] fatal: not a git repository (or any parent up to mount point /)
Stopping at filesystem boundary (GIT_DISCOVERY_ACROSS_FILESYSTEM not set).
2023-12-11 11:46:38.751 [info] > git rev-parse --show-toplevel [1ms]
2023-12-11 11:46:38.751 [info] fatal: not a git repository (or any parent up to mount point /)
Stopping at filesystem boundary (GIT_DISCOVERY_ACROSS_FILESYSTEM not set).
2023-12-11 11:53:34.662 [info] > git rev-parse --show-toplevel [2ms]
2023-12-11 11:53:34.662 [info] fatal: not a git repository (or any parent up to mount point /)
Stopping at filesystem boundary (GIT_DISCOVERY_ACROSS_FILESYSTEM not set).
2023-12-11 13:21:09.880 [info] > git rev-parse --show-toplevel [1ms]
2023-12-11 13:21:09.880 [info] fatal: not a git repository (or any parent up to mount point /)
Stopping at filesystem boundary (GIT_DISCOVERY_ACROSS_FILESYSTEM not set).
2023-12-11 13:21:09.887 [info] > git rev-parse --show-toplevel [2ms]
2023-12-11 13:21:09.887 [info] fatal: not a git repository (or any parent up to mount point /)
Stopping at filesystem boundary (GIT_DISCOVERY_ACROSS_FILESYSTEM not set).
2023-12-11 13:30:50.398 [info] > git rev-parse --show-toplevel [0ms]
2023-12-11 13:30:50.398 [info] fatal: not a git repository (or any parent up to mount point /)
Stopping at filesystem boundary (GIT_DISCOVERY_ACROSS_FILESYSTEM not set).
2023-12-11 13:31:19.023 [info] > git rev-parse --show-toplevel [2ms]
2023-12-11 13:31:19.023 [info] fatal: not a git repository (or any parent up to mount point /)
Stopping at filesystem boundary (GIT_DISCOVERY_ACROSS_FILESYSTEM not set).
2023-12-11 13:36:45.097 [info] > git rev-parse --show-toplevel [1ms]
2023-12-11 13:36:45.097 [info] fatal: not a git repository (or any parent up to mount point /)
Stopping at filesystem boundary (GIT_DISCOVERY_ACROSS_FILESYSTEM not set).
2023-12-11 13:36:59.755 [info] > git rev-parse --show-toplevel [1ms]
2023-12-11 13:36:59.755 [info] fatal: not a git repository (or any parent up to mount point /)
Stopping at filesystem boundary (GIT_DISCOVERY_ACROSS_FILESYSTEM not set).
2023-12-11 13:37:02.248 [info] > git rev-parse --show-toplevel [1ms]
2023-12-11 13:37:02.248 [info] fatal: not a git repository (or any parent up to mount point /)
Stopping at filesystem boundary (GIT_DISCOVERY_ACROSS_FILESYSTEM not set).
2023-12-11 13:37:05.571 [info] > git rev-parse --show-toplevel [1ms]
2023-12-11 13:37:05.571 [info] fatal: not a git repository (or any parent up to mount point /)
Stopping at filesystem boundary (GIT_DISCOVERY_ACROSS_FILESYSTEM not set).
2023-12-11 13:38:00.329 [info] > git rev-parse --show-toplevel [1ms]
2023-12-11 13:38:00.329 [info] fatal: not a git repository (or any parent up to mount point /)
Stopping at filesystem boundary (GIT_DISCOVERY_ACROSS_FILESYSTEM not set).
2023-12-11 13:40:43.091 [info] > git rev-parse --show-toplevel [1ms]
2023-12-11 13:40:43.091 [info] fatal: not a git repository (or any parent up to mount point /)
Stopping at filesystem boundary (GIT_DISCOVERY_ACROSS_FILESYSTEM not set).
2023-12-11 13:46:22.507 [info] > git rev-parse --show-toplevel [1ms]
2023-12-11 13:46:22.507 [info] fatal: not a git repository (or any parent up to mount point /)
Stopping at filesystem boundary (GIT_DISCOVERY_ACROSS_FILESYSTEM not set).
2023-12-11 13:46:22.514 [info] > git rev-parse --show-toplevel [1ms]
2023-12-11 13:46:22.514 [info] fatal: not a git repository (or any parent up to mount point /)
Stopping at filesystem boundary (GIT_DISCOVERY_ACROSS_FILESYSTEM not set).
2023-12-11 13:46:26.066 [info] > git rev-parse --show-toplevel [2ms]
2023-12-11 13:46:26.066 [info] fatal: not a git repository (or any parent up to mount point /)
Stopping at filesystem boundary (GIT_DISCOVERY_ACROSS_FILESYSTEM not set).
2023-12-11 13:46:26.094 [info] > git rev-parse --show-toplevel [1ms]
2023-12-11 13:46:26.094 [info] fatal: not a git repository (or any parent up to mount point /)
Stopping at filesystem boundary (GIT_DISCOVERY_ACROSS_FILESYSTEM not set).
2023-12-11 13:46:26.099 [info] > git rev-parse --show-toplevel [0ms]
2023-12-11 13:46:26.099 [info] fatal: not a git repository (or any parent up to mount point /)
Stopping at filesystem boundary (GIT_DISCOVERY_ACROSS_FILESYSTEM not set).
