2023-12-10 04:13:03.619 [info] Deleted uninstalled extension from disk fisheva.eva-theme /home/cyd/.vscode-oss/extensions/fisheva.eva-theme-2.3.7-universal
2023-12-10 04:13:03.659 [error] [uncaught exception in sharedProcess]: Error: ENOENT: no such file or directory, stat '/home/cyd/.vscode-oss/extensions/fisheva.eva-theme-2.3.7-universal.-577e104.vsctmp': EntryNotFound (FileSystemError): Error: ENOENT: no such file or directory, stat '/home/cyd/.vscode-oss/extensions/fisheva.eva-theme-2.3.7-universal.-577e104.vsctmp'
    at r.create (/usr/lib/code/out/vs/code/node/sharedProcess/sharedProcessMain.js:51:30056)
    at a (/usr/lib/code/out/vs/code/node/sharedProcess/sharedProcessMain.js:51:30170)
    at s.fb (/usr/lib/code/out/vs/code/node/sharedProcess/sharedProcessMain.js:56:36175)
    at s.stat (/usr/lib/code/out/vs/code/node/sharedProcess/sharedProcessMain.js:56:28621)
    at async E.stat (/usr/lib/code/out/vs/code/node/sharedProcess/sharedProcessMain.js:56:15732)
    at async Y.tb (/usr/lib/code/out/vs/code/node/sharedProcess/sharedProcessMain.js:100:111319)
2023-12-10 04:43:38.447 [info] Getting Manifest... dlasagno.wal-theme
2023-12-10 04:43:38.512 [info] Installing extension: dlasagno.wal-theme
2023-12-10 04:43:39.229 [info] Extension signature verification is not done: dlasagno.wal-theme
2023-12-10 04:43:39.323 [info] Extracted extension to file:///home/cyd/.vscode-oss/extensions/dlasagno.wal-theme-1.1.2-universal: dlasagno.wal-theme
2023-12-10 04:43:39.328 [info] Renamed to /home/cyd/.vscode-oss/extensions/dlasagno.wal-theme-1.1.2-universal
2023-12-10 04:43:39.330 [info] Extracting extension completed. dlasagno.wal-theme
2023-12-10 04:43:39.343 [info] Extension installed successfully: dlasagno.wal-theme
2023-12-10 04:43:39.416 [error] [uncaught exception in sharedProcess]: Error: ENOENT: no such file or directory, stat '/home/cyd/.vscode-oss/extensions/extensions.json.vsctmp': EntryNotFound (FileSystemError): Error: ENOENT: no such file or directory, stat '/home/cyd/.vscode-oss/extensions/extensions.json.vsctmp'
    at r.create (/usr/lib/code/out/vs/code/node/sharedProcess/sharedProcessMain.js:51:30056)
    at a (/usr/lib/code/out/vs/code/node/sharedProcess/sharedProcessMain.js:51:30170)
    at s.fb (/usr/lib/code/out/vs/code/node/sharedProcess/sharedProcessMain.js:56:36175)
    at s.stat (/usr/lib/code/out/vs/code/node/sharedProcess/sharedProcessMain.js:56:28621)
    at async E.stat (/usr/lib/code/out/vs/code/node/sharedProcess/sharedProcessMain.js:56:15732)
    at async Y.tb (/usr/lib/code/out/vs/code/node/sharedProcess/sharedProcessMain.js:100:111319)
