2023-12-10 05:33:12.712 [info] Started local extension host with pid 47743.
2023-12-10 05:33:15.982 [info] [perf] Render performance baseline is 29ms
2023-12-10 10:31:09.893 [error] TextModelPart is disposed!: Error: TextModelPart is disposed!
    at f.g (vscode-file://vscode-app/usr/lib/code/out/vs/workbench/workbench.desktop.main.js:121:22521)
    at f.getWordAtPosition (vscode-file://vscode-app/usr/lib/code/out/vs/workbench/workbench.desktop.main.js:629:119736)
    at q.getWordAtPosition (vscode-file://vscode-app/usr/lib/code/out/vs/workbench/workbench.desktop.main.js:736:9052)
    at L.h (vscode-file://vscode-app/usr/lib/code/out/vs/workbench/workbench.desktop.main.js:760:68579)
    at new l (vscode-file://vscode-app/usr/lib/code/out/vs/workbench/workbench.desktop.main.js:760:68454)
    at new L (vscode-file://vscode-app/usr/lib/code/out/vs/workbench/workbench.desktop.main.js:760:69323)
    at P (vscode-file://vscode-app/usr/lib/code/out/vs/workbench/workbench.desktop.main.js:760:69855)
    at T.F (vscode-file://vscode-app/usr/lib/code/out/vs/workbench/workbench.desktop.main.js:760:74429)
    at T.E (vscode-file://vscode-app/usr/lib/code/out/vs/workbench/workbench.desktop.main.js:760:74226)
    at new T (vscode-file://vscode-app/usr/lib/code/out/vs/workbench/workbench.desktop.main.js:760:70825)
    at q (vscode-file://vscode-app/usr/lib/code/out/vs/workbench/workbench.desktop.main.js:760:75301)
    at o.value (vscode-file://vscode-app/usr/lib/code/out/vs/workbench/workbench.desktop.main.js:760:75446)
    at u.y (vscode-file://vscode-app/usr/lib/code/out/vs/workbench/workbench.desktop.main.js:87:1902)
    at u.z (vscode-file://vscode-app/usr/lib/code/out/vs/workbench/workbench.desktop.main.js:87:1972)
    at u.fire (vscode-file://vscode-app/usr/lib/code/out/vs/workbench/workbench.desktop.main.js:87:2188)
    at x.setModel (vscode-file://vscode-app/usr/lib/code/out/vs/workbench/workbench.desktop.main.js:744:400)
    at M.setInput (vscode-file://vscode-app/usr/lib/code/out/vs/workbench/workbench.desktop.main.js:2148:23901)
    at async b.S (vscode-file://vscode-app/usr/lib/code/out/vs/workbench/workbench.desktop.main.js:2146:23046)
    at async b.L (vscode-file://vscode-app/usr/lib/code/out/vs/workbench/workbench.desktop.main.js:2146:21637)
    at async b.openEditor (vscode-file://vscode-app/usr/lib/code/out/vs/workbench/workbench.desktop.main.js:2146:20603)
    at async vscode-file://vscode-app/usr/lib/code/out/vs/workbench/workbench.desktop.main.js:2275:23005
    at async o.value (vscode-file://vscode-app/usr/lib/code/out/vs/workbench/workbench.desktop.main.js:2345:46909)
2023-12-10 10:49:45.628 [error] TextModelPart is disposed!: Error: TextModelPart is disposed!
    at f.g (vscode-file://vscode-app/usr/lib/code/out/vs/workbench/workbench.desktop.main.js:121:22521)
    at f.getWordAtPosition (vscode-file://vscode-app/usr/lib/code/out/vs/workbench/workbench.desktop.main.js:629:119736)
    at q.getWordAtPosition (vscode-file://vscode-app/usr/lib/code/out/vs/workbench/workbench.desktop.main.js:736:9052)
    at L.h (vscode-file://vscode-app/usr/lib/code/out/vs/workbench/workbench.desktop.main.js:760:68579)
    at new l (vscode-file://vscode-app/usr/lib/code/out/vs/workbench/workbench.desktop.main.js:760:68454)
    at new L (vscode-file://vscode-app/usr/lib/code/out/vs/workbench/workbench.desktop.main.js:760:69323)
    at P (vscode-file://vscode-app/usr/lib/code/out/vs/workbench/workbench.desktop.main.js:760:69855)
    at T.F (vscode-file://vscode-app/usr/lib/code/out/vs/workbench/workbench.desktop.main.js:760:74429)
    at T.E (vscode-file://vscode-app/usr/lib/code/out/vs/workbench/workbench.desktop.main.js:760:74226)
    at o.value (vscode-file://vscode-app/usr/lib/code/out/vs/workbench/workbench.desktop.main.js:760:70608)
    at u.y (vscode-file://vscode-app/usr/lib/code/out/vs/workbench/workbench.desktop.main.js:87:1902)
    at u.z (vscode-file://vscode-app/usr/lib/code/out/vs/workbench/workbench.desktop.main.js:87:1972)
    at u.fire (vscode-file://vscode-app/usr/lib/code/out/vs/workbench/workbench.desktop.main.js:87:2188)
    at x.setModel (vscode-file://vscode-app/usr/lib/code/out/vs/workbench/workbench.desktop.main.js:744:400)
    at M.setInput (vscode-file://vscode-app/usr/lib/code/out/vs/workbench/workbench.desktop.main.js:2148:23901)
    at async b.S (vscode-file://vscode-app/usr/lib/code/out/vs/workbench/workbench.desktop.main.js:2146:23046)
    at async b.L (vscode-file://vscode-app/usr/lib/code/out/vs/workbench/workbench.desktop.main.js:2146:21637)
    at async b.openEditor (vscode-file://vscode-app/usr/lib/code/out/vs/workbench/workbench.desktop.main.js:2146:20603)
    at async vscode-file://vscode-app/usr/lib/code/out/vs/workbench/workbench.desktop.main.js:2275:23005
2023-12-10 10:56:29.897 [error] TextModelPart is disposed!: Error: TextModelPart is disposed!
    at f.g (vscode-file://vscode-app/usr/lib/code/out/vs/workbench/workbench.desktop.main.js:121:22521)
    at f.getWordAtPosition (vscode-file://vscode-app/usr/lib/code/out/vs/workbench/workbench.desktop.main.js:629:119736)
    at q.getWordAtPosition (vscode-file://vscode-app/usr/lib/code/out/vs/workbench/workbench.desktop.main.js:736:9052)
    at L.h (vscode-file://vscode-app/usr/lib/code/out/vs/workbench/workbench.desktop.main.js:760:68579)
    at new l (vscode-file://vscode-app/usr/lib/code/out/vs/workbench/workbench.desktop.main.js:760:68454)
    at new L (vscode-file://vscode-app/usr/lib/code/out/vs/workbench/workbench.desktop.main.js:760:69323)
    at P (vscode-file://vscode-app/usr/lib/code/out/vs/workbench/workbench.desktop.main.js:760:69855)
    at T.F (vscode-file://vscode-app/usr/lib/code/out/vs/workbench/workbench.desktop.main.js:760:74429)
    at T.E (vscode-file://vscode-app/usr/lib/code/out/vs/workbench/workbench.desktop.main.js:760:74226)
    at o.value (vscode-file://vscode-app/usr/lib/code/out/vs/workbench/workbench.desktop.main.js:760:70608)
    at u.y (vscode-file://vscode-app/usr/lib/code/out/vs/workbench/workbench.desktop.main.js:87:1902)
    at u.z (vscode-file://vscode-app/usr/lib/code/out/vs/workbench/workbench.desktop.main.js:87:1972)
    at u.fire (vscode-file://vscode-app/usr/lib/code/out/vs/workbench/workbench.desktop.main.js:87:2188)
    at x.setModel (vscode-file://vscode-app/usr/lib/code/out/vs/workbench/workbench.desktop.main.js:744:400)
    at M.setInput (vscode-file://vscode-app/usr/lib/code/out/vs/workbench/workbench.desktop.main.js:2148:23901)
    at async b.S (vscode-file://vscode-app/usr/lib/code/out/vs/workbench/workbench.desktop.main.js:2146:23046)
    at async b.L (vscode-file://vscode-app/usr/lib/code/out/vs/workbench/workbench.desktop.main.js:2146:21637)
    at async b.openEditor (vscode-file://vscode-app/usr/lib/code/out/vs/workbench/workbench.desktop.main.js:2146:20603)
    at async vscode-file://vscode-app/usr/lib/code/out/vs/workbench/workbench.desktop.main.js:2275:23005
2023-12-10 11:15:37.232 [error] TextModelPart is disposed!: Error: TextModelPart is disposed!
    at f.g (vscode-file://vscode-app/usr/lib/code/out/vs/workbench/workbench.desktop.main.js:121:22521)
    at f.getWordAtPosition (vscode-file://vscode-app/usr/lib/code/out/vs/workbench/workbench.desktop.main.js:629:119736)
    at q.getWordAtPosition (vscode-file://vscode-app/usr/lib/code/out/vs/workbench/workbench.desktop.main.js:736:9052)
    at L.h (vscode-file://vscode-app/usr/lib/code/out/vs/workbench/workbench.desktop.main.js:760:68579)
    at new l (vscode-file://vscode-app/usr/lib/code/out/vs/workbench/workbench.desktop.main.js:760:68454)
    at new L (vscode-file://vscode-app/usr/lib/code/out/vs/workbench/workbench.desktop.main.js:760:69323)
    at P (vscode-file://vscode-app/usr/lib/code/out/vs/workbench/workbench.desktop.main.js:760:69855)
    at T.F (vscode-file://vscode-app/usr/lib/code/out/vs/workbench/workbench.desktop.main.js:760:74429)
    at T.E (vscode-file://vscode-app/usr/lib/code/out/vs/workbench/workbench.desktop.main.js:760:74164)
    at o.value (vscode-file://vscode-app/usr/lib/code/out/vs/workbench/workbench.desktop.main.js:760:70608)
    at u.y (vscode-file://vscode-app/usr/lib/code/out/vs/workbench/workbench.desktop.main.js:87:1902)
    at u.z (vscode-file://vscode-app/usr/lib/code/out/vs/workbench/workbench.desktop.main.js:87:1972)
    at u.fire (vscode-file://vscode-app/usr/lib/code/out/vs/workbench/workbench.desktop.main.js:87:2188)
    at x.setModel (vscode-file://vscode-app/usr/lib/code/out/vs/workbench/workbench.desktop.main.js:744:400)
    at M.setInput (vscode-file://vscode-app/usr/lib/code/out/vs/workbench/workbench.desktop.main.js:2148:23901)
    at async b.S (vscode-file://vscode-app/usr/lib/code/out/vs/workbench/workbench.desktop.main.js:2146:23046)
    at async b.L (vscode-file://vscode-app/usr/lib/code/out/vs/workbench/workbench.desktop.main.js:2146:21637)
    at async b.openEditor (vscode-file://vscode-app/usr/lib/code/out/vs/workbench/workbench.desktop.main.js:2146:20603)
    at async vscode-file://vscode-app/usr/lib/code/out/vs/workbench/workbench.desktop.main.js:2275:23005
2023-12-10 13:25:10.118 [warning] [File Watcher (node.js)] Watcher shutdown because watched path got deleted
2023-12-10 19:04:08.345 [error] TextModelPart is disposed!: Error: TextModelPart is disposed!
    at f.g (vscode-file://vscode-app/usr/lib/code/out/vs/workbench/workbench.desktop.main.js:121:22521)
    at f.getWordAtPosition (vscode-file://vscode-app/usr/lib/code/out/vs/workbench/workbench.desktop.main.js:629:119736)
    at q.getWordAtPosition (vscode-file://vscode-app/usr/lib/code/out/vs/workbench/workbench.desktop.main.js:736:9052)
    at L.h (vscode-file://vscode-app/usr/lib/code/out/vs/workbench/workbench.desktop.main.js:760:68579)
    at new l (vscode-file://vscode-app/usr/lib/code/out/vs/workbench/workbench.desktop.main.js:760:68454)
    at new L (vscode-file://vscode-app/usr/lib/code/out/vs/workbench/workbench.desktop.main.js:760:69323)
    at P (vscode-file://vscode-app/usr/lib/code/out/vs/workbench/workbench.desktop.main.js:760:69855)
    at T.F (vscode-file://vscode-app/usr/lib/code/out/vs/workbench/workbench.desktop.main.js:760:74429)
    at T.E (vscode-file://vscode-app/usr/lib/code/out/vs/workbench/workbench.desktop.main.js:760:74164)
    at o.value (vscode-file://vscode-app/usr/lib/code/out/vs/workbench/workbench.desktop.main.js:760:70608)
    at u.y (vscode-file://vscode-app/usr/lib/code/out/vs/workbench/workbench.desktop.main.js:87:1902)
    at u.z (vscode-file://vscode-app/usr/lib/code/out/vs/workbench/workbench.desktop.main.js:87:1972)
    at u.fire (vscode-file://vscode-app/usr/lib/code/out/vs/workbench/workbench.desktop.main.js:87:2036)
    at o.value (vscode-file://vscode-app/usr/lib/code/out/vs/workbench/workbench.desktop.main.js:742:10645)
    at u.y (vscode-file://vscode-app/usr/lib/code/out/vs/workbench/workbench.desktop.main.js:87:1902)
    at u.fire (vscode-file://vscode-app/usr/lib/code/out/vs/workbench/workbench.desktop.main.js:87:2119)
    at o.C (vscode-file://vscode-app/usr/lib/code/out/vs/workbench/workbench.desktop.main.js:636:29553)
    at o.updateOptions (vscode-file://vscode-app/usr/lib/code/out/vs/workbench/workbench.desktop.main.js:636:30513)
    at x.updateOptions (vscode-file://vscode-app/usr/lib/code/out/vs/workbench/workbench.desktop.main.js:742:12533)
    at M.Mb (vscode-file://vscode-app/usr/lib/code/out/vs/workbench/workbench.desktop.main.js:2148:6169)
    at M.Qb (vscode-file://vscode-app/usr/lib/code/out/vs/workbench/workbench.desktop.main.js:2148:4941)
    at o.value (vscode-file://vscode-app/usr/lib/code/out/vs/workbench/workbench.desktop.main.js:2148:4147)
    at u.y (vscode-file://vscode-app/usr/lib/code/out/vs/workbench/workbench.desktop.main.js:87:1902)
    at u.z (vscode-file://vscode-app/usr/lib/code/out/vs/workbench/workbench.desktop.main.js:87:1972)
    at u.fire (vscode-file://vscode-app/usr/lib/code/out/vs/workbench/workbench.desktop.main.js:87:2036)
    at o.value (vscode-file://vscode-app/usr/lib/code/out/vs/workbench/workbench.desktop.main.js:744:16178)
    at u.y (vscode-file://vscode-app/usr/lib/code/out/vs/workbench/workbench.desktop.main.js:87:1902)
    at u.fire (vscode-file://vscode-app/usr/lib/code/out/vs/workbench/workbench.desktop.main.js:87:2119)
    at I.s (vscode-file://vscode-app/usr/lib/code/out/vs/workbench/workbench.desktop.main.js:132:108250)
    at I.emitOutgoingEvent (vscode-file://vscode-app/usr/lib/code/out/vs/workbench/workbench.desktop.main.js:132:108004)
    at o.value (vscode-file://vscode-app/usr/lib/code/out/vs/workbench/workbench.desktop.main.js:741:28893)
    at u.y (vscode-file://vscode-app/usr/lib/code/out/vs/workbench/workbench.desktop.main.js:87:1902)
    at u.fire (vscode-file://vscode-app/usr/lib/code/out/vs/workbench/workbench.desktop.main.js:87:2119)
    at _.y (vscode-file://vscode-app/usr/lib/code/out/vs/workbench/workbench.desktop.main.js:736:16037)
    at _.endDeferredEmit (vscode-file://vscode-app/usr/lib/code/out/vs/workbench/workbench.desktop.main.js:736:15502)
    at o.value (vscode-file://vscode-app/usr/lib/code/out/vs/workbench/workbench.desktop.main.js:727:14627)
    at u.y (vscode-file://vscode-app/usr/lib/code/out/vs/workbench/workbench.desktop.main.js:87:1902)
    at u.fire (vscode-file://vscode-app/usr/lib/code/out/vs/workbench/workbench.desktop.main.js:87:2119)
    at o.value (vscode-file://vscode-app/usr/lib/code/out/vs/workbench/workbench.desktop.main.js:723:26429)
    at u.y (vscode-file://vscode-app/usr/lib/code/out/vs/workbench/workbench.desktop.main.js:87:1902)
    at u.fire (vscode-file://vscode-app/usr/lib/code/out/vs/workbench/workbench.desktop.main.js:87:2119)
    at p.m (vscode-file://vscode-app/usr/lib/code/out/vs/workbench/workbench.desktop.main.js:616:65067)
    at p.getBracketsInRange (vscode-file://vscode-app/usr/lib/code/out/vs/workbench/workbench.desktop.main.js:616:65422)
    at w.getDecorationsInRange (vscode-file://vscode-app/usr/lib/code/out/vs/workbench/workbench.desktop.main.js:723:26615)
    at q.getDecorationsInRange (vscode-file://vscode-app/usr/lib/code/out/vs/workbench/workbench.desktop.main.js:736:5342)
    at w.getCurrentMatchesPosition (vscode-file://vscode-app/usr/lib/code/out/vs/workbench/workbench.desktop.main.js:744:78000)
    at a.n (vscode-file://vscode-app/usr/lib/code/out/vs/workbench/workbench.desktop.main.js:744:84678)
    at new a (vscode-file://vscode-app/usr/lib/code/out/vs/workbench/workbench.desktop.main.js:744:83809)
    at y.w (vscode-file://vscode-app/usr/lib/code/out/vs/workbench/workbench.desktop.main.js:764:61261)
    at y.w (vscode-file://vscode-app/usr/lib/code/out/vs/workbench/workbench.desktop.main.js:764:62582)
    at o.value (vscode-file://vscode-app/usr/lib/code/out/vs/workbench/workbench.desktop.main.js:764:58273)
    at u.y (vscode-file://vscode-app/usr/lib/code/out/vs/workbench/workbench.desktop.main.js:87:1902)
    at u.z (vscode-file://vscode-app/usr/lib/code/out/vs/workbench/workbench.desktop.main.js:87:1972)
    at u.fire (vscode-file://vscode-app/usr/lib/code/out/vs/workbench/workbench.desktop.main.js:87:2188)
    at x.setModel (vscode-file://vscode-app/usr/lib/code/out/vs/workbench/workbench.desktop.main.js:744:400)
    at M.setInput (vscode-file://vscode-app/usr/lib/code/out/vs/workbench/workbench.desktop.main.js:2148:23901)
    at async b.S (vscode-file://vscode-app/usr/lib/code/out/vs/workbench/workbench.desktop.main.js:2146:23046)
    at async b.L (vscode-file://vscode-app/usr/lib/code/out/vs/workbench/workbench.desktop.main.js:2146:21637)
    at async b.openEditor (vscode-file://vscode-app/usr/lib/code/out/vs/workbench/workbench.desktop.main.js:2146:20603)
    at async vscode-file://vscode-app/usr/lib/code/out/vs/workbench/workbench.desktop.main.js:2275:23005
    at async Gt (vscode-file://vscode-app/usr/lib/code/out/vs/workbench/workbench.desktop.main.js:2345:10725)
2023-12-10 19:49:08.768 [error] TextModelPart is disposed!: Error: TextModelPart is disposed!
    at f.g (vscode-file://vscode-app/usr/lib/code/out/vs/workbench/workbench.desktop.main.js:121:22521)
    at f.getWordAtPosition (vscode-file://vscode-app/usr/lib/code/out/vs/workbench/workbench.desktop.main.js:629:119736)
    at q.getWordAtPosition (vscode-file://vscode-app/usr/lib/code/out/vs/workbench/workbench.desktop.main.js:736:9052)
    at L.h (vscode-file://vscode-app/usr/lib/code/out/vs/workbench/workbench.desktop.main.js:760:68579)
    at new l (vscode-file://vscode-app/usr/lib/code/out/vs/workbench/workbench.desktop.main.js:760:68454)
    at new L (vscode-file://vscode-app/usr/lib/code/out/vs/workbench/workbench.desktop.main.js:760:69323)
    at P (vscode-file://vscode-app/usr/lib/code/out/vs/workbench/workbench.desktop.main.js:760:69855)
    at T.F (vscode-file://vscode-app/usr/lib/code/out/vs/workbench/workbench.desktop.main.js:760:74429)
    at T.E (vscode-file://vscode-app/usr/lib/code/out/vs/workbench/workbench.desktop.main.js:760:74164)
    at o.value (vscode-file://vscode-app/usr/lib/code/out/vs/workbench/workbench.desktop.main.js:760:70608)
    at u.y (vscode-file://vscode-app/usr/lib/code/out/vs/workbench/workbench.desktop.main.js:87:1902)
    at u.z (vscode-file://vscode-app/usr/lib/code/out/vs/workbench/workbench.desktop.main.js:87:1972)
    at u.fire (vscode-file://vscode-app/usr/lib/code/out/vs/workbench/workbench.desktop.main.js:87:2036)
    at o.value (vscode-file://vscode-app/usr/lib/code/out/vs/workbench/workbench.desktop.main.js:744:16178)
    at u.y (vscode-file://vscode-app/usr/lib/code/out/vs/workbench/workbench.desktop.main.js:87:1902)
    at u.fire (vscode-file://vscode-app/usr/lib/code/out/vs/workbench/workbench.desktop.main.js:87:2119)
    at I.s (vscode-file://vscode-app/usr/lib/code/out/vs/workbench/workbench.desktop.main.js:132:108250)
    at I.emitOutgoingEvent (vscode-file://vscode-app/usr/lib/code/out/vs/workbench/workbench.desktop.main.js:132:108004)
    at o.value (vscode-file://vscode-app/usr/lib/code/out/vs/workbench/workbench.desktop.main.js:741:28893)
    at u.y (vscode-file://vscode-app/usr/lib/code/out/vs/workbench/workbench.desktop.main.js:87:1902)
    at u.fire (vscode-file://vscode-app/usr/lib/code/out/vs/workbench/workbench.desktop.main.js:87:2119)
    at _.y (vscode-file://vscode-app/usr/lib/code/out/vs/workbench/workbench.desktop.main.js:736:16037)
    at _.endDeferredEmit (vscode-file://vscode-app/usr/lib/code/out/vs/workbench/workbench.desktop.main.js:736:15502)
    at o.value (vscode-file://vscode-app/usr/lib/code/out/vs/workbench/workbench.desktop.main.js:727:14627)
    at u.y (vscode-file://vscode-app/usr/lib/code/out/vs/workbench/workbench.desktop.main.js:87:1902)
    at u.fire (vscode-file://vscode-app/usr/lib/code/out/vs/workbench/workbench.desktop.main.js:87:2119)
    at o.value (vscode-file://vscode-app/usr/lib/code/out/vs/workbench/workbench.desktop.main.js:723:26429)
    at u.y (vscode-file://vscode-app/usr/lib/code/out/vs/workbench/workbench.desktop.main.js:87:1902)
    at u.fire (vscode-file://vscode-app/usr/lib/code/out/vs/workbench/workbench.desktop.main.js:87:2119)
    at p.m (vscode-file://vscode-app/usr/lib/code/out/vs/workbench/workbench.desktop.main.js:616:65067)
    at p.getBracketsInRange (vscode-file://vscode-app/usr/lib/code/out/vs/workbench/workbench.desktop.main.js:616:65422)
    at w.getDecorationsInRange (vscode-file://vscode-app/usr/lib/code/out/vs/workbench/workbench.desktop.main.js:723:26615)
    at q.getDecorationsInRange (vscode-file://vscode-app/usr/lib/code/out/vs/workbench/workbench.desktop.main.js:736:5342)
    at w.getCurrentMatchesPosition (vscode-file://vscode-app/usr/lib/code/out/vs/workbench/workbench.desktop.main.js:744:78000)
    at a.n (vscode-file://vscode-app/usr/lib/code/out/vs/workbench/workbench.desktop.main.js:744:84678)
    at new a (vscode-file://vscode-app/usr/lib/code/out/vs/workbench/workbench.desktop.main.js:744:83809)
    at y.w (vscode-file://vscode-app/usr/lib/code/out/vs/workbench/workbench.desktop.main.js:764:61261)
    at y.w (vscode-file://vscode-app/usr/lib/code/out/vs/workbench/workbench.desktop.main.js:764:62582)
    at o.value (vscode-file://vscode-app/usr/lib/code/out/vs/workbench/workbench.desktop.main.js:764:58273)
    at u.y (vscode-file://vscode-app/usr/lib/code/out/vs/workbench/workbench.desktop.main.js:87:1902)
    at u.z (vscode-file://vscode-app/usr/lib/code/out/vs/workbench/workbench.desktop.main.js:87:1972)
    at u.fire (vscode-file://vscode-app/usr/lib/code/out/vs/workbench/workbench.desktop.main.js:87:2188)
    at x.setModel (vscode-file://vscode-app/usr/lib/code/out/vs/workbench/workbench.desktop.main.js:744:400)
    at M.setInput (vscode-file://vscode-app/usr/lib/code/out/vs/workbench/workbench.desktop.main.js:2148:23901)
    at async b.S (vscode-file://vscode-app/usr/lib/code/out/vs/workbench/workbench.desktop.main.js:2146:23046)
    at async b.L (vscode-file://vscode-app/usr/lib/code/out/vs/workbench/workbench.desktop.main.js:2146:21637)
    at async b.openEditor (vscode-file://vscode-app/usr/lib/code/out/vs/workbench/workbench.desktop.main.js:2146:20603)
    at async vscode-file://vscode-app/usr/lib/code/out/vs/workbench/workbench.desktop.main.js:2275:23005
    at async Gt (vscode-file://vscode-app/usr/lib/code/out/vs/workbench/workbench.desktop.main.js:2345:10725)
2023-12-10 20:12:13.273 [error] TextModelPart is disposed!: Error: TextModelPart is disposed!
    at f.g (vscode-file://vscode-app/usr/lib/code/out/vs/workbench/workbench.desktop.main.js:121:22521)
    at f.getWordAtPosition (vscode-file://vscode-app/usr/lib/code/out/vs/workbench/workbench.desktop.main.js:629:119736)
    at q.getWordAtPosition (vscode-file://vscode-app/usr/lib/code/out/vs/workbench/workbench.desktop.main.js:736:9052)
    at L.h (vscode-file://vscode-app/usr/lib/code/out/vs/workbench/workbench.desktop.main.js:760:68579)
    at new l (vscode-file://vscode-app/usr/lib/code/out/vs/workbench/workbench.desktop.main.js:760:68454)
    at new L (vscode-file://vscode-app/usr/lib/code/out/vs/workbench/workbench.desktop.main.js:760:69323)
    at P (vscode-file://vscode-app/usr/lib/code/out/vs/workbench/workbench.desktop.main.js:760:69855)
    at T.F (vscode-file://vscode-app/usr/lib/code/out/vs/workbench/workbench.desktop.main.js:760:74429)
    at T.E (vscode-file://vscode-app/usr/lib/code/out/vs/workbench/workbench.desktop.main.js:760:74164)
    at o.value (vscode-file://vscode-app/usr/lib/code/out/vs/workbench/workbench.desktop.main.js:760:70608)
    at u.y (vscode-file://vscode-app/usr/lib/code/out/vs/workbench/workbench.desktop.main.js:87:1902)
    at u.z (vscode-file://vscode-app/usr/lib/code/out/vs/workbench/workbench.desktop.main.js:87:1972)
    at u.fire (vscode-file://vscode-app/usr/lib/code/out/vs/workbench/workbench.desktop.main.js:87:2188)
    at x.setModel (vscode-file://vscode-app/usr/lib/code/out/vs/workbench/workbench.desktop.main.js:744:400)
    at M.setInput (vscode-file://vscode-app/usr/lib/code/out/vs/workbench/workbench.desktop.main.js:2148:23901)
    at async b.S (vscode-file://vscode-app/usr/lib/code/out/vs/workbench/workbench.desktop.main.js:2146:23046)
    at async b.L (vscode-file://vscode-app/usr/lib/code/out/vs/workbench/workbench.desktop.main.js:2146:21637)
    at async b.openEditor (vscode-file://vscode-app/usr/lib/code/out/vs/workbench/workbench.desktop.main.js:2146:20603)
    at async vscode-file://vscode-app/usr/lib/code/out/vs/workbench/workbench.desktop.main.js:2275:23005
    at async o.value (vscode-file://vscode-app/usr/lib/code/out/vs/workbench/workbench.desktop.main.js:2345:46909)
2023-12-11 08:48:34.163 [error] TextModelPart is disposed!: Error: TextModelPart is disposed!
    at f.g (vscode-file://vscode-app/usr/lib/code/out/vs/workbench/workbench.desktop.main.js:121:22521)
    at f.getWordAtPosition (vscode-file://vscode-app/usr/lib/code/out/vs/workbench/workbench.desktop.main.js:629:119736)
    at q.getWordAtPosition (vscode-file://vscode-app/usr/lib/code/out/vs/workbench/workbench.desktop.main.js:736:9052)
    at L.h (vscode-file://vscode-app/usr/lib/code/out/vs/workbench/workbench.desktop.main.js:760:68579)
    at new l (vscode-file://vscode-app/usr/lib/code/out/vs/workbench/workbench.desktop.main.js:760:68454)
    at new L (vscode-file://vscode-app/usr/lib/code/out/vs/workbench/workbench.desktop.main.js:760:69323)
    at P (vscode-file://vscode-app/usr/lib/code/out/vs/workbench/workbench.desktop.main.js:760:69855)
    at T.F (vscode-file://vscode-app/usr/lib/code/out/vs/workbench/workbench.desktop.main.js:760:74429)
    at T.E (vscode-file://vscode-app/usr/lib/code/out/vs/workbench/workbench.desktop.main.js:760:74164)
    at o.value (vscode-file://vscode-app/usr/lib/code/out/vs/workbench/workbench.desktop.main.js:760:70608)
    at u.y (vscode-file://vscode-app/usr/lib/code/out/vs/workbench/workbench.desktop.main.js:87:1902)
    at u.z (vscode-file://vscode-app/usr/lib/code/out/vs/workbench/workbench.desktop.main.js:87:1972)
    at u.fire (vscode-file://vscode-app/usr/lib/code/out/vs/workbench/workbench.desktop.main.js:87:2188)
    at x.setModel (vscode-file://vscode-app/usr/lib/code/out/vs/workbench/workbench.desktop.main.js:744:400)
    at M.setInput (vscode-file://vscode-app/usr/lib/code/out/vs/workbench/workbench.desktop.main.js:2148:23901)
    at async b.S (vscode-file://vscode-app/usr/lib/code/out/vs/workbench/workbench.desktop.main.js:2146:23046)
    at async b.L (vscode-file://vscode-app/usr/lib/code/out/vs/workbench/workbench.desktop.main.js:2146:21637)
    at async b.openEditor (vscode-file://vscode-app/usr/lib/code/out/vs/workbench/workbench.desktop.main.js:2146:20603)
    at async vscode-file://vscode-app/usr/lib/code/out/vs/workbench/workbench.desktop.main.js:2275:23005
2023-12-11 08:48:50.645 [error] TextModelPart is disposed!: Error: TextModelPart is disposed!
    at f.g (vscode-file://vscode-app/usr/lib/code/out/vs/workbench/workbench.desktop.main.js:121:22521)
    at f.getWordAtPosition (vscode-file://vscode-app/usr/lib/code/out/vs/workbench/workbench.desktop.main.js:629:119736)
    at q.getWordAtPosition (vscode-file://vscode-app/usr/lib/code/out/vs/workbench/workbench.desktop.main.js:736:9052)
    at L.h (vscode-file://vscode-app/usr/lib/code/out/vs/workbench/workbench.desktop.main.js:760:68579)
    at new l (vscode-file://vscode-app/usr/lib/code/out/vs/workbench/workbench.desktop.main.js:760:68454)
    at new L (vscode-file://vscode-app/usr/lib/code/out/vs/workbench/workbench.desktop.main.js:760:69323)
    at P (vscode-file://vscode-app/usr/lib/code/out/vs/workbench/workbench.desktop.main.js:760:69855)
    at T.F (vscode-file://vscode-app/usr/lib/code/out/vs/workbench/workbench.desktop.main.js:760:74429)
    at T.E (vscode-file://vscode-app/usr/lib/code/out/vs/workbench/workbench.desktop.main.js:760:74164)
    at o.value (vscode-file://vscode-app/usr/lib/code/out/vs/workbench/workbench.desktop.main.js:760:70608)
    at u.y (vscode-file://vscode-app/usr/lib/code/out/vs/workbench/workbench.desktop.main.js:87:1902)
    at u.z (vscode-file://vscode-app/usr/lib/code/out/vs/workbench/workbench.desktop.main.js:87:1972)
    at u.fire (vscode-file://vscode-app/usr/lib/code/out/vs/workbench/workbench.desktop.main.js:87:2188)
    at x.setModel (vscode-file://vscode-app/usr/lib/code/out/vs/workbench/workbench.desktop.main.js:744:400)
    at M.setInput (vscode-file://vscode-app/usr/lib/code/out/vs/workbench/workbench.desktop.main.js:2148:23901)
    at async b.S (vscode-file://vscode-app/usr/lib/code/out/vs/workbench/workbench.desktop.main.js:2146:23046)
    at async b.L (vscode-file://vscode-app/usr/lib/code/out/vs/workbench/workbench.desktop.main.js:2146:21637)
    at async b.openEditor (vscode-file://vscode-app/usr/lib/code/out/vs/workbench/workbench.desktop.main.js:2146:20603)
    at async vscode-file://vscode-app/usr/lib/code/out/vs/workbench/workbench.desktop.main.js:2275:23005
    at async Gt (vscode-file://vscode-app/usr/lib/code/out/vs/workbench/workbench.desktop.main.js:2345:10725)
2023-12-11 11:37:57.536 [error] TextModelPart is disposed!: Error: TextModelPart is disposed!
    at f.g (vscode-file://vscode-app/usr/lib/code/out/vs/workbench/workbench.desktop.main.js:121:22521)
    at f.getWordAtPosition (vscode-file://vscode-app/usr/lib/code/out/vs/workbench/workbench.desktop.main.js:629:119736)
    at q.getWordAtPosition (vscode-file://vscode-app/usr/lib/code/out/vs/workbench/workbench.desktop.main.js:736:9052)
    at L.h (vscode-file://vscode-app/usr/lib/code/out/vs/workbench/workbench.desktop.main.js:760:68579)
    at new l (vscode-file://vscode-app/usr/lib/code/out/vs/workbench/workbench.desktop.main.js:760:68454)
    at new L (vscode-file://vscode-app/usr/lib/code/out/vs/workbench/workbench.desktop.main.js:760:69323)
    at P (vscode-file://vscode-app/usr/lib/code/out/vs/workbench/workbench.desktop.main.js:760:69855)
    at T.F (vscode-file://vscode-app/usr/lib/code/out/vs/workbench/workbench.desktop.main.js:760:74429)
    at T.E (vscode-file://vscode-app/usr/lib/code/out/vs/workbench/workbench.desktop.main.js:760:74164)
    at o.value (vscode-file://vscode-app/usr/lib/code/out/vs/workbench/workbench.desktop.main.js:760:70608)
    at u.y (vscode-file://vscode-app/usr/lib/code/out/vs/workbench/workbench.desktop.main.js:87:1902)
    at u.z (vscode-file://vscode-app/usr/lib/code/out/vs/workbench/workbench.desktop.main.js:87:1972)
    at u.fire (vscode-file://vscode-app/usr/lib/code/out/vs/workbench/workbench.desktop.main.js:87:2188)
    at x.setModel (vscode-file://vscode-app/usr/lib/code/out/vs/workbench/workbench.desktop.main.js:744:400)
    at M.setInput (vscode-file://vscode-app/usr/lib/code/out/vs/workbench/workbench.desktop.main.js:2148:23901)
    at async b.S (vscode-file://vscode-app/usr/lib/code/out/vs/workbench/workbench.desktop.main.js:2146:23046)
    at async b.L (vscode-file://vscode-app/usr/lib/code/out/vs/workbench/workbench.desktop.main.js:2146:21637)
    at async b.openEditor (vscode-file://vscode-app/usr/lib/code/out/vs/workbench/workbench.desktop.main.js:2146:20603)
    at async vscode-file://vscode-app/usr/lib/code/out/vs/workbench/workbench.desktop.main.js:2275:23005
    at async o.value (vscode-file://vscode-app/usr/lib/code/out/vs/workbench/workbench.desktop.main.js:2345:46909)
2023-12-11 13:46:26.088 [error] TextModelPart is disposed!: Error: TextModelPart is disposed!
    at f.g (vscode-file://vscode-app/usr/lib/code/out/vs/workbench/workbench.desktop.main.js:121:22521)
    at f.getWordAtPosition (vscode-file://vscode-app/usr/lib/code/out/vs/workbench/workbench.desktop.main.js:629:119736)
    at q.getWordAtPosition (vscode-file://vscode-app/usr/lib/code/out/vs/workbench/workbench.desktop.main.js:736:9052)
    at L.h (vscode-file://vscode-app/usr/lib/code/out/vs/workbench/workbench.desktop.main.js:760:68579)
    at new l (vscode-file://vscode-app/usr/lib/code/out/vs/workbench/workbench.desktop.main.js:760:68454)
    at new L (vscode-file://vscode-app/usr/lib/code/out/vs/workbench/workbench.desktop.main.js:760:69323)
    at P (vscode-file://vscode-app/usr/lib/code/out/vs/workbench/workbench.desktop.main.js:760:69855)
    at T.F (vscode-file://vscode-app/usr/lib/code/out/vs/workbench/workbench.desktop.main.js:760:74429)
    at T.E (vscode-file://vscode-app/usr/lib/code/out/vs/workbench/workbench.desktop.main.js:760:74164)
    at o.value (vscode-file://vscode-app/usr/lib/code/out/vs/workbench/workbench.desktop.main.js:760:70608)
    at u.y (vscode-file://vscode-app/usr/lib/code/out/vs/workbench/workbench.desktop.main.js:87:1902)
    at u.z (vscode-file://vscode-app/usr/lib/code/out/vs/workbench/workbench.desktop.main.js:87:1972)
    at u.fire (vscode-file://vscode-app/usr/lib/code/out/vs/workbench/workbench.desktop.main.js:87:2188)
    at x.setModel (vscode-file://vscode-app/usr/lib/code/out/vs/workbench/workbench.desktop.main.js:744:400)
    at M.setInput (vscode-file://vscode-app/usr/lib/code/out/vs/workbench/workbench.desktop.main.js:2148:23901)
    at async b.S (vscode-file://vscode-app/usr/lib/code/out/vs/workbench/workbench.desktop.main.js:2146:23046)
    at async b.L (vscode-file://vscode-app/usr/lib/code/out/vs/workbench/workbench.desktop.main.js:2146:21637)
    at async b.openEditor (vscode-file://vscode-app/usr/lib/code/out/vs/workbench/workbench.desktop.main.js:2146:20603)
    at async vscode-file://vscode-app/usr/lib/code/out/vs/workbench/workbench.desktop.main.js:2275:23005
