2023-12-10 05:33:12.494 [info] Added views:workbench.panel.markers.view in workbench.panel.markers
2023-12-10 05:33:12.494 [info] Added views:workbench.panel.output in workbench.panel.output
2023-12-10 05:33:12.494 [info] Added views:terminal in terminal
2023-12-10 05:33:12.494 [info] Added views:outline in workbench.view.explorer
2023-12-10 05:33:12.494 [info] Added views:workbench.scm in workbench.view.scm
2023-12-10 05:33:12.494 [info] Added views:workbench.view.search in workbench.view.search
2023-12-10 05:33:12.494 [info] Added views:timeline in workbench.view.explorer
2023-12-10 05:33:12.494 [info] Added views:workbench.explorer.fileView in workbench.view.explorer
2023-12-10 05:33:12.707 [info] Added views:workbench.debug.welcome in workbench.view.debug
2023-12-10 05:33:13.735 [info] Added views:workbench.panel.repl.view in workbench.panel.repl
2023-12-10 05:33:14.894 [info] Added views:~remote.forwardedPorts in ~remote.forwardedPortsContainer
2023-12-10 05:38:07.340 [info] Added views:workbench.views.extensions.installed,workbench.views.extensions.popular,extensions.recommendedList in workbench.view.extensions
2023-12-10 05:38:07.343 [info] Removed views:workbench.views.extensions.popular from workbench.view.extensions
2023-12-10 05:38:13.271 [info] Removed views:extensions.recommendedList,workbench.views.extensions.installed from workbench.view.extensions
2023-12-10 05:38:13.277 [info] Added views:workbench.views.extensions.marketplace in workbench.view.extensions
2023-12-10 05:38:15.739 [info] Removed views:workbench.views.extensions.marketplace from workbench.view.extensions
2023-12-10 05:38:15.748 [info] Added views:workbench.views.extensions.installed,extensions.recommendedList in workbench.view.extensions
2023-12-10 05:38:49.180 [info] Removed views:extensions.recommendedList,workbench.views.extensions.installed from workbench.view.extensions
2023-12-10 05:38:49.185 [info] Added views:workbench.views.extensions.marketplace in workbench.view.extensions
2023-12-10 05:38:59.464 [info] Removed views:workbench.views.extensions.marketplace from workbench.view.extensions
2023-12-10 05:38:59.512 [info] Added views:workbench.views.extensions.installed,extensions.recommendedList in workbench.view.extensions
